<?xml version="1.0" ?>
<!DOCTYPE coverage SYSTEM "http://cobertura.sourceforge.net/xml/coverage-04.dtd">
<coverage lines-valid="539" lines-covered="493" line-rate="0.9147" branches-valid="194" branches-covered="162" branch-rate="0.8351000000000001" timestamp="1607655137765" complexity="0" version="0.1">
  <sources>
    <source>/Users/danielmaike/Work/Personal/UnB/EPS/2020.1-eSaudeUnB-BackEnd</source>
  </sources>
  <packages>
    <package name="src" line-rate="1" branch-rate="1">
      <classes>
        <class name="routes.js" filename="src/routes.js" line-rate="1" branch-rate="1">
          <methods>
          </methods>
          <lines>
            <line number="1" hits="7" branch="false"/>
            <line number="2" hits="7" branch="false"/>
            <line number="3" hits="7" branch="false"/>
            <line number="4" hits="7" branch="false"/>
            <line number="5" hits="7" branch="false"/>
            <line number="6" hits="7" branch="false"/>
            <line number="7" hits="7" branch="false"/>
            <line number="9" hits="7" branch="false"/>
            <line number="10" hits="7" branch="false"/>
            <line number="11" hits="7" branch="false"/>
            <line number="12" hits="7" branch="false"/>
            <line number="13" hits="7" branch="false"/>
            <line number="15" hits="7" branch="false"/>
            <line number="18" hits="7" branch="false"/>
            <line number="19" hits="7" branch="false"/>
            <line number="20" hits="7" branch="false"/>
            <line number="21" hits="7" branch="false"/>
            <line number="22" hits="7" branch="false"/>
            <line number="23" hits="7" branch="false"/>
            <line number="24" hits="7" branch="false"/>
            <line number="25" hits="7" branch="false"/>
            <line number="27" hits="7" branch="false"/>
            <line number="28" hits="7" branch="false"/>
            <line number="31" hits="7" branch="false"/>
            <line number="32" hits="7" branch="false"/>
            <line number="35" hits="7" branch="false"/>
            <line number="36" hits="7" branch="false"/>
            <line number="37" hits="7" branch="false"/>
            <line number="38" hits="7" branch="false"/>
            <line number="39" hits="7" branch="false"/>
            <line number="42" hits="7" branch="false"/>
            <line number="43" hits="7" branch="false"/>
            <line number="44" hits="7" branch="false"/>
            <line number="45" hits="7" branch="false"/>
            <line number="46" hits="7" branch="false"/>
            <line number="47" hits="7" branch="false"/>
            <line number="48" hits="7" branch="false"/>
            <line number="49" hits="7" branch="false"/>
            <line number="50" hits="7" branch="false"/>
            <line number="51" hits="7" branch="false"/>
            <line number="58" hits="7" branch="false"/>
            <line number="59" hits="7" branch="false"/>
            <line number="60" hits="7" branch="false"/>
            <line number="62" hits="7" branch="false"/>
          </lines>
        </class>
        <class name="server.js" filename="src/server.js" line-rate="1" branch-rate="1">
          <methods>
          </methods>
          <lines>
            <line number="1" hits="7" branch="false"/>
            <line number="2" hits="7" branch="false"/>
            <line number="3" hits="7" branch="false"/>
            <line number="5" hits="7" branch="false"/>
            <line number="7" hits="7" branch="false"/>
            <line number="8" hits="7" branch="false"/>
            <line number="9" hits="7" branch="false"/>
            <line number="10" hits="7" branch="false"/>
            <line number="11" hits="7" branch="false"/>
            <line number="13" hits="7" branch="false"/>
          </lines>
        </class>
      </classes>
    </package>
    <package name="src.config" line-rate="0.8462000000000001" branch-rate="1">
      <classes>
        <class name="ForgetPassword_email.js" filename="src/config/ForgetPassword_email.js" line-rate="0.6667000000000001" branch-rate="1">
          <methods>
            <method name="(anonymous_0)" hits="0" signature="()V">
              <lines>
                <line number="4" hits="0"/>
              </lines>
            </method>
          </methods>
          <lines>
            <line number="1" hits="7" branch="false"/>
            <line number="3" hits="7" branch="false"/>
            <line number="5" hits="0" branch="false"/>
          </lines>
        </class>
        <class name="Patient_email.js" filename="src/config/Patient_email.js" line-rate="1" branch-rate="1">
          <methods>
            <method name="(anonymous_0)" hits="1" signature="()V">
              <lines>
                <line number="4" hits="1"/>
              </lines>
            </method>
          </methods>
          <lines>
            <line number="1" hits="7" branch="false"/>
            <line number="3" hits="7" branch="false"/>
            <line number="5" hits="1" branch="false"/>
          </lines>
        </class>
        <class name="Psychologist_email.js" filename="src/config/Psychologist_email.js" line-rate="0.6667000000000001" branch-rate="1">
          <methods>
            <method name="(anonymous_0)" hits="0" signature="()V">
              <lines>
                <line number="4" hits="0"/>
              </lines>
            </method>
          </methods>
          <lines>
            <line number="1" hits="7" branch="false"/>
            <line number="3" hits="7" branch="false"/>
            <line number="5" hits="0" branch="false"/>
          </lines>
        </class>
        <class name="auth.config.js" filename="src/config/auth.config.js" line-rate="1" branch-rate="1">
          <methods>
          </methods>
          <lines>
            <line number="1" hits="7" branch="false"/>
          </lines>
        </class>
        <class name="email.config.js" filename="src/config/email.config.js" line-rate="1" branch-rate="1">
          <methods>
          </methods>
          <lines>
            <line number="1" hits="7" branch="false"/>
            <line number="3" hits="7" branch="false"/>
            <line number="13" hits="7" branch="false"/>
          </lines>
        </class>
      </classes>
    </package>
    <package name="src.controllers" line-rate="0.9139" branch-rate="0.8595999999999999">
      <classes>
        <class name="AdminController.js" filename="src/controllers/AdminController.js" line-rate="1" branch-rate="1">
          <methods>
            <method name="(anonymous_0)" hits="29" signature="()V">
              <lines>
                <line number="8" hits="29"/>
              </lines>
            </method>
            <method name="(anonymous_1)" hits="31" signature="()V">
              <lines>
                <line number="32" hits="31"/>
              </lines>
            </method>
          </methods>
          <lines>
            <line number="1" hits="7" branch="false"/>
            <line number="2" hits="7" branch="false"/>
            <line number="3" hits="7" branch="false"/>
            <line number="5" hits="7" branch="false"/>
            <line number="7" hits="7" branch="false"/>
            <line number="9" hits="29" branch="false"/>
            <line number="10" hits="29" branch="false"/>
            <line number="12" hits="29" branch="false"/>
            <line number="14" hits="29" branch="true" condition-coverage="100% (2/2)"/>
            <line number="15" hits="24" branch="false"/>
            <line number="18" hits="5" branch="false"/>
            <line number="20" hits="4" branch="false"/>
            <line number="26" hits="4" branch="false"/>
            <line number="28" hits="1" branch="false"/>
            <line number="33" hits="31" branch="false"/>
            <line number="34" hits="31" branch="false"/>
            <line number="35" hits="31" branch="false"/>
            <line number="37" hits="31" branch="true" condition-coverage="100% (2/2)"/>
            <line number="38" hits="30" branch="true" condition-coverage="100% (2/2)"/>
            <line number="39" hits="29" branch="false"/>
            <line number="43" hits="29" branch="false"/>
            <line number="48" hits="1" branch="false"/>
            <line number="50" hits="1" branch="false"/>
            <line number="52" hits="1" branch="false"/>
          </lines>
        </class>
        <class name="LoginController.js" filename="src/controllers/LoginController.js" line-rate="0.9231" branch-rate="0.75">
          <methods>
            <method name="(anonymous_0)" hits="7" signature="()V">
              <lines>
                <line number="8" hits="7"/>
              </lines>
            </method>
            <method name="(anonymous_1)" hits="16" signature="()V">
              <lines>
                <line number="36" hits="16"/>
              </lines>
            </method>
          </methods>
          <lines>
            <line number="1" hits="7" branch="false"/>
            <line number="2" hits="7" branch="false"/>
            <line number="3" hits="7" branch="false"/>
            <line number="4" hits="7" branch="false"/>
            <line number="5" hits="7" branch="false"/>
            <line number="7" hits="7" branch="false"/>
            <line number="9" hits="7" branch="false"/>
            <line number="10" hits="7" branch="false"/>
            <line number="11" hits="7" branch="false"/>
            <line number="13" hits="7" branch="true" condition-coverage="100% (2/2)"/>
            <line number="14" hits="5" branch="true" condition-coverage="50% (1/2)"/>
            <line number="15" hits="5" branch="false"/>
            <line number="23" hits="5" branch="false"/>
            <line number="28" hits="0" branch="false"/>
            <line number="30" hits="2" branch="false"/>
            <line number="32" hits="2" branch="false"/>
            <line number="37" hits="16" branch="false"/>
            <line number="38" hits="16" branch="false"/>
            <line number="40" hits="16" branch="false"/>
            <line number="42" hits="16" branch="true" condition-coverage="100% (2/2)"/>
            <line number="44" hits="14" branch="true" condition-coverage="50% (1/2)"/>
            <line number="45" hits="14" branch="false"/>
            <line number="53" hits="14" branch="false"/>
            <line number="58" hits="0" branch="false"/>
            <line number="60" hits="2" branch="false"/>
            <line number="62" hits="2" branch="false"/>
          </lines>
        </class>
        <class name="PatientController.js" filename="src/controllers/PatientController.js" line-rate="0.9126000000000001" branch-rate="0.9107">
          <methods>
            <method name="calculateScore" hits="14" signature="()V">
              <lines>
                <line number="180" hits="14"/>
              </lines>
            </method>
            <method name="(anonymous_1)" hits="20" signature="()V">
              <lines>
                <line number="242" hits="20"/>
              </lines>
            </method>
            <method name="(anonymous_2)" hits="1" signature="()V">
              <lines>
                <line number="351" hits="1"/>
              </lines>
            </method>
            <method name="(anonymous_3)" hits="1" signature="()V">
              <lines>
                <line number="361" hits="1"/>
              </lines>
            </method>
            <method name="(anonymous_4)" hits="1" signature="()V">
              <lines>
                <line number="371" hits="1"/>
              </lines>
            </method>
            <method name="(anonymous_5)" hits="15" signature="()V">
              <lines>
                <line number="385" hits="15"/>
              </lines>
            </method>
            <method name="(anonymous_6)" hits="0" signature="()V">
              <lines>
                <line number="569" hits="0"/>
              </lines>
            </method>
            <method name="(anonymous_7)" hits="1" signature="()V">
              <lines>
                <line number="587" hits="1"/>
              </lines>
            </method>
            <method name="(anonymous_8)" hits="2" signature="()V">
              <lines>
                <line number="617" hits="2"/>
              </lines>
            </method>
          </methods>
          <lines>
            <line number="1" hits="7" branch="false"/>
            <line number="2" hits="7" branch="false"/>
            <line number="3" hits="7" branch="false"/>
            <line number="4" hits="7" branch="false"/>
            <line number="5" hits="7" branch="false"/>
            <line number="6" hits="7" branch="false"/>
            <line number="7" hits="7" branch="false"/>
            <line number="9" hits="7" branch="false"/>
            <line number="71" hits="7" branch="false"/>
            <line number="121" hits="7" branch="false"/>
            <line number="176" hits="7" branch="false"/>
            <line number="187" hits="14" branch="false"/>
            <line number="188" hits="14" branch="true" condition-coverage="100% (2/2)"/>
            <line number="189" hits="1" branch="false"/>
            <line number="190" hits="13" branch="true" condition-coverage="100% (2/2)"/>
            <line number="191" hits="1" branch="false"/>
            <line number="192" hits="12" branch="true" condition-coverage="100% (2/2)"/>
            <line number="193" hits="1" branch="false"/>
            <line number="194" hits="11" branch="true" condition-coverage="100% (2/2)"/>
            <line number="195" hits="1" branch="false"/>
            <line number="196" hits="10" branch="true" condition-coverage="100% (2/2)"/>
            <line number="197" hits="1" branch="false"/>
            <line number="198" hits="9" branch="true" condition-coverage="100% (2/2)"/>
            <line number="199" hits="1" branch="false"/>
            <line number="200" hits="8" branch="true" condition-coverage="100% (2/2)"/>
            <line number="201" hits="1" branch="false"/>
            <line number="202" hits="7" branch="true" condition-coverage="100% (2/2)"/>
            <line number="203" hits="1" branch="false"/>
            <line number="204" hits="6" branch="true" condition-coverage="100% (2/2)"/>
            <line number="205" hits="1" branch="false"/>
            <line number="206" hits="5" branch="true" condition-coverage="100% (2/2)"/>
            <line number="207" hits="1" branch="false"/>
            <line number="208" hits="4" branch="true" condition-coverage="100% (2/2)"/>
            <line number="209" hits="1" branch="false"/>
            <line number="210" hits="3" branch="true" condition-coverage="100% (2/2)"/>
            <line number="211" hits="1" branch="false"/>
            <line number="212" hits="2" branch="true" condition-coverage="100% (2/2)"/>
            <line number="213" hits="1" branch="false"/>
            <line number="214" hits="1" branch="true" condition-coverage="50% (1/2)"/>
            <line number="215" hits="1" branch="false"/>
            <line number="217" hits="14" branch="true" condition-coverage="100% (2/2)"/>
            <line number="218" hits="1" branch="false"/>
            <line number="220" hits="14" branch="true" condition-coverage="100% (2/2)"/>
            <line number="221" hits="1" branch="false"/>
            <line number="223" hits="14" branch="true" condition-coverage="100% (2/2)"/>
            <line number="224" hits="1" branch="false"/>
            <line number="225" hits="13" branch="true" condition-coverage="100% (2/2)"/>
            <line number="226" hits="1" branch="false"/>
            <line number="227" hits="12" branch="true" condition-coverage="100% (2/2)"/>
            <line number="228" hits="1" branch="false"/>
            <line number="229" hits="11" branch="true" condition-coverage="100% (2/2)"/>
            <line number="230" hits="1" branch="false"/>
            <line number="231" hits="10" branch="true" condition-coverage="100% (2/2)"/>
            <line number="232" hits="1" branch="false"/>
            <line number="234" hits="14" branch="true" condition-coverage="100% (2/2)"/>
            <line number="235" hits="1" branch="false"/>
            <line number="238" hits="14" branch="false"/>
            <line number="241" hits="7" branch="false"/>
            <line number="243" hits="20" branch="false"/>
            <line number="270" hits="20" branch="false"/>
            <line number="272" hits="20" branch="false"/>
            <line number="273" hits="20" branch="false"/>
            <line number="275" hits="20" branch="true" condition-coverage="100% (4/4)"/>
            <line number="276" hits="1" branch="false"/>
            <line number="281" hits="19" branch="false"/>
            <line number="309" hits="19" branch="true" condition-coverage="100% (2/2)"/>
            <line number="310" hits="1" branch="false"/>
            <line number="313" hits="18" branch="false"/>
            <line number="315" hits="18" branch="false"/>
            <line number="343" hits="18" branch="false"/>
            <line number="345" hits="18" branch="false"/>
            <line number="347" hits="0" branch="false"/>
            <line number="352" hits="1" branch="false"/>
            <line number="353" hits="1" branch="false"/>
            <line number="354" hits="1" branch="false"/>
            <line number="355" hits="1" branch="false"/>
            <line number="357" hits="0" branch="false"/>
            <line number="362" hits="1" branch="false"/>
            <line number="363" hits="1" branch="false"/>
            <line number="365" hits="1" branch="false"/>
            <line number="367" hits="0" branch="false"/>
            <line number="372" hits="1" branch="false"/>
            <line number="373" hits="1" branch="false"/>
            <line number="375" hits="1" branch="false"/>
            <line number="377" hits="1" branch="false"/>
            <line number="381" hits="0" branch="false"/>
            <line number="386" hits="15" branch="false"/>
            <line number="411" hits="15" branch="false"/>
            <line number="413" hits="15" branch="false"/>
            <line number="415" hits="15" branch="false"/>
            <line number="442" hits="15" branch="true" condition-coverage="100% (2/2)"/>
            <line number="443" hits="1" branch="false"/>
            <line number="446" hits="14" branch="false"/>
            <line number="472" hits="14" branch="false"/>
            <line number="476" hits="14" branch="true" condition-coverage="100% (2/2)"/>
            <line number="477" hits="1" branch="false"/>
            <line number="480" hits="14" branch="true" condition-coverage="50% (1/2)"/>
            <line number="481" hits="14" branch="false"/>
            <line number="490" hits="14" branch="true" condition-coverage="50% (1/2)"/>
            <line number="491" hits="14" branch="false"/>
            <line number="493" hits="14" branch="true" condition-coverage="50% (1/2)"/>
            <line number="494" hits="14" branch="false"/>
            <line number="496" hits="14" branch="true" condition-coverage="50% (1/2)"/>
            <line number="497" hits="14" branch="false"/>
            <line number="499" hits="14" branch="true" condition-coverage="100% (2/2)"/>
            <line number="500" hits="1" branch="false"/>
            <line number="502" hits="14" branch="true" condition-coverage="100% (2/2)"/>
            <line number="503" hits="1" branch="false"/>
            <line number="505" hits="14" branch="true" condition-coverage="100% (2/2)"/>
            <line number="506" hits="1" branch="false"/>
            <line number="508" hits="14" branch="true" condition-coverage="100% (2/2)"/>
            <line number="509" hits="5" branch="false"/>
            <line number="511" hits="14" branch="true" condition-coverage="100% (2/2)"/>
            <line number="512" hits="1" branch="false"/>
            <line number="514" hits="14" branch="true" condition-coverage="100% (2/2)"/>
            <line number="515" hits="1" branch="false"/>
            <line number="517" hits="14" branch="true" condition-coverage="100% (2/2)"/>
            <line number="518" hits="1" branch="false"/>
            <line number="520" hits="14" branch="true" condition-coverage="100% (2/2)"/>
            <line number="521" hits="1" branch="false"/>
            <line number="523" hits="14" branch="true" condition-coverage="100% (2/2)"/>
            <line number="524" hits="1" branch="false"/>
            <line number="526" hits="14" branch="true" condition-coverage="100% (2/2)"/>
            <line number="527" hits="1" branch="false"/>
            <line number="529" hits="14" branch="true" condition-coverage="100% (2/2)"/>
            <line number="530" hits="1" branch="false"/>
            <line number="532" hits="14" branch="true" condition-coverage="100% (2/2)"/>
            <line number="533" hits="1" branch="false"/>
            <line number="535" hits="14" branch="true" condition-coverage="100% (2/2)"/>
            <line number="536" hits="1" branch="false"/>
            <line number="538" hits="14" branch="true" condition-coverage="100% (2/2)"/>
            <line number="539" hits="1" branch="false"/>
            <line number="541" hits="14" branch="true" condition-coverage="100% (2/2)"/>
            <line number="542" hits="1" branch="false"/>
            <line number="544" hits="14" branch="true" condition-coverage="100% (2/2)"/>
            <line number="545" hits="1" branch="false"/>
            <line number="547" hits="14" branch="true" condition-coverage="100% (2/2)"/>
            <line number="548" hits="1" branch="false"/>
            <line number="550" hits="14" branch="true" condition-coverage="100% (2/2)"/>
            <line number="551" hits="1" branch="false"/>
            <line number="553" hits="14" branch="true" condition-coverage="100% (2/2)"/>
            <line number="554" hits="1" branch="false"/>
            <line number="556" hits="14" branch="true" condition-coverage="50% (1/2)"/>
            <line number="557" hits="14" branch="false"/>
            <line number="560" hits="14" branch="true" condition-coverage="50% (1/2)"/>
            <line number="562" hits="14" branch="false"/>
            <line number="563" hits="14" branch="false"/>
            <line number="565" hits="0" branch="false"/>
            <line number="570" hits="0" branch="false"/>
            <line number="571" hits="0" branch="false"/>
            <line number="573" hits="0" branch="false"/>
            <line number="577" hits="0" branch="false"/>
            <line number="579" hits="0" branch="false"/>
            <line number="581" hits="0" branch="false"/>
            <line number="583" hits="0" branch="false"/>
            <line number="588" hits="1" branch="false"/>
            <line number="589" hits="1" branch="false"/>
            <line number="590" hits="1" branch="false"/>
            <line number="593" hits="1" branch="true" condition-coverage="50% (1/2)"/>
            <line number="594" hits="1" branch="true" condition-coverage="50% (1/2)"/>
            <line number="595" hits="1" branch="false"/>
            <line number="598" hits="1" branch="true" condition-coverage="50% (1/2)"/>
            <line number="599" hits="0" branch="false"/>
            <line number="601" hits="1" branch="false"/>
            <line number="602" hits="1" branch="false"/>
            <line number="603" hits="1" branch="false"/>
            <line number="604" hits="1" branch="false"/>
            <line number="605" hits="1" branch="false"/>
            <line number="607" hits="0" branch="false"/>
            <line number="609" hits="0" branch="false"/>
            <line number="611" hits="0" branch="false"/>
            <line number="618" hits="2" branch="false"/>
            <line number="619" hits="2" branch="false"/>
            <line number="620" hits="2" branch="false"/>
            <line number="623" hits="2" branch="true" condition-coverage="100% (2/2)"/>
            <line number="624" hits="1" branch="false"/>
            <line number="625" hits="1" branch="false"/>
            <line number="626" hits="1" branch="false"/>
            <line number="627" hits="1" branch="false"/>
            <line number="628" hits="1" branch="false"/>
            <line number="629" hits="1" branch="false"/>
            <line number="631" hits="1" branch="false"/>
            <line number="633" hits="1" branch="false"/>
          </lines>
        </class>
        <class name="PsychologistController.js" filename="src/controllers/PsychologistController.js" line-rate="0.914" branch-rate="0.6667000000000001">
          <methods>
            <method name="(anonymous_0)" hits="25" signature="()V">
              <lines>
                <line number="60" hits="25"/>
              </lines>
            </method>
            <method name="(anonymous_1)" hits="16" signature="()V">
              <lines>
                <line number="123" hits="16"/>
              </lines>
            </method>
            <method name="(anonymous_2)" hits="1" signature="()V">
              <lines>
                <line number="134" hits="1"/>
              </lines>
            </method>
            <method name="(anonymous_3)" hits="1" signature="()V">
              <lines>
                <line number="143" hits="1"/>
              </lines>
            </method>
            <method name="(anonymous_4)" hits="2" signature="()V">
              <lines>
                <line number="155" hits="2"/>
              </lines>
            </method>
            <method name="(anonymous_5)" hits="13" signature="()V">
              <lines>
                <line number="230" hits="13"/>
              </lines>
            </method>
            <method name="(anonymous_6)" hits="2" signature="()V">
              <lines>
                <line number="258" hits="2"/>
              </lines>
            </method>
          </methods>
          <lines>
            <line number="1" hits="7" branch="false"/>
            <line number="2" hits="7" branch="false"/>
            <line number="5" hits="7" branch="false"/>
            <line number="6" hits="7" branch="false"/>
            <line number="7" hits="7" branch="false"/>
            <line number="8" hits="7" branch="false"/>
            <line number="10" hits="7" branch="false"/>
            <line number="52" hits="7" branch="false"/>
            <line number="59" hits="7" branch="false"/>
            <line number="61" hits="25" branch="false"/>
            <line number="62" hits="25" branch="false"/>
            <line number="74" hits="25" branch="false"/>
            <line number="76" hits="25" branch="false"/>
            <line number="77" hits="25" branch="false"/>
            <line number="79" hits="25" branch="true" condition-coverage="100% (4/4)"/>
            <line number="80" hits="1" branch="false"/>
            <line number="83" hits="24" branch="false"/>
            <line number="96" hits="24" branch="true" condition-coverage="100% (2/2)"/>
            <line number="97" hits="1" branch="false"/>
            <line number="102" hits="23" branch="false"/>
            <line number="116" hits="23" branch="false"/>
            <line number="117" hits="23" branch="false"/>
            <line number="119" hits="0" branch="false"/>
            <line number="124" hits="16" branch="false"/>
            <line number="125" hits="16" branch="false"/>
            <line number="126" hits="16" branch="false"/>
            <line number="128" hits="16" branch="false"/>
            <line number="130" hits="0" branch="false"/>
            <line number="135" hits="1" branch="false"/>
            <line number="136" hits="1" branch="false"/>
            <line number="137" hits="1" branch="false"/>
            <line number="139" hits="0" branch="false"/>
            <line number="144" hits="1" branch="false"/>
            <line number="145" hits="1" branch="false"/>
            <line number="147" hits="1" branch="false"/>
            <line number="149" hits="1" branch="false"/>
            <line number="151" hits="0" branch="false"/>
            <line number="156" hits="2" branch="false"/>
            <line number="167" hits="2" branch="false"/>
            <line number="169" hits="2" branch="false"/>
            <line number="170" hits="2" branch="false"/>
            <line number="174" hits="2" branch="true" condition-coverage="50% (1/2)"/>
            <line number="175" hits="2" branch="false"/>
            <line number="177" hits="1" branch="true" condition-coverage="50% (1/2)"/>
            <line number="178" hits="1" branch="false"/>
            <line number="180" hits="1" branch="true" condition-coverage="50% (1/2)"/>
            <line number="181" hits="1" branch="false"/>
            <line number="183" hits="1" branch="true" condition-coverage="50% (1/2)"/>
            <line number="184" hits="1" branch="false"/>
            <line number="186" hits="1" branch="true" condition-coverage="50% (1/2)"/>
            <line number="187" hits="1" branch="false"/>
            <line number="189" hits="1" branch="true" condition-coverage="50% (1/2)"/>
            <line number="190" hits="0" branch="false"/>
            <line number="192" hits="1" branch="true" condition-coverage="50% (1/2)"/>
            <line number="193" hits="1" branch="false"/>
            <line number="195" hits="1" branch="true" condition-coverage="50% (1/2)"/>
            <line number="196" hits="1" branch="false"/>
            <line number="198" hits="1" branch="true" condition-coverage="50% (1/2)"/>
            <line number="199" hits="1" branch="false"/>
            <line number="201" hits="1" branch="true" condition-coverage="50% (1/2)"/>
            <line number="202" hits="0" branch="false"/>
            <line number="205" hits="1" branch="false"/>
            <line number="218" hits="1" branch="true" condition-coverage="50% (1/2)"/>
            <line number="219" hits="0" branch="false"/>
            <line number="221" hits="1" branch="false"/>
            <line number="222" hits="1" branch="false"/>
            <line number="224" hits="1" branch="false"/>
            <line number="231" hits="13" branch="false"/>
            <line number="232" hits="13" branch="false"/>
            <line number="233" hits="13" branch="false"/>
            <line number="234" hits="13" branch="true" condition-coverage="100% (2/2)"/>
            <line number="235" hits="12" branch="true" condition-coverage="50% (1/2)"/>
            <line number="237" hits="12" branch="false"/>
            <line number="240" hits="12" branch="true" condition-coverage="100% (2/2)"/>
            <line number="241" hits="1" branch="false"/>
            <line number="243" hits="11" branch="false"/>
            <line number="244" hits="11" branch="false"/>
            <line number="245" hits="11" branch="false"/>
            <line number="246" hits="11" branch="false"/>
            <line number="248" hits="0" branch="false"/>
            <line number="250" hits="1" branch="false"/>
            <line number="252" hits="1" branch="false"/>
            <line number="259" hits="2" branch="false"/>
            <line number="260" hits="2" branch="false"/>
            <line number="261" hits="2" branch="false"/>
            <line number="262" hits="2" branch="true" condition-coverage="100% (2/2)"/>
            <line number="264" hits="1" branch="false"/>
            <line number="265" hits="1" branch="false"/>
            <line number="266" hits="1" branch="false"/>
            <line number="267" hits="1" branch="false"/>
            <line number="268" hits="1" branch="false"/>
            <line number="270" hits="1" branch="false"/>
            <line number="272" hits="1" branch="false"/>
          </lines>
        </class>
        <class name="PsychologyCalendary.js" filename="src/controllers/PsychologyCalendary.js" line-rate="0.9091" branch-rate="1">
          <methods>
            <method name="(anonymous_0)" hits="3" signature="()V">
              <lines>
                <line number="4" hits="3"/>
              </lines>
            </method>
            <method name="(anonymous_1)" hits="1" signature="()V">
              <lines>
                <line number="30" hits="1"/>
              </lines>
            </method>
            <method name="(anonymous_2)" hits="2" signature="()V">
              <lines>
                <line number="39" hits="2"/>
              </lines>
            </method>
          </methods>
          <lines>
            <line number="1" hits="7" branch="false"/>
            <line number="3" hits="7" branch="false"/>
            <line number="5" hits="3" branch="false"/>
            <line number="6" hits="3" branch="false"/>
            <line number="7" hits="3" branch="true" condition-coverage="100% (2/2)"/>
            <line number="8" hits="1" branch="false"/>
            <line number="14" hits="1" branch="false"/>
            <line number="16" hits="2" branch="true" condition-coverage="100% (2/2)"/>
            <line number="17" hits="1" branch="false"/>
            <line number="23" hits="1" branch="false"/>
            <line number="25" hits="1" branch="false"/>
            <line number="27" hits="0" branch="false"/>
            <line number="31" hits="1" branch="false"/>
            <line number="32" hits="1" branch="false"/>
            <line number="33" hits="1" branch="false"/>
            <line number="34" hits="1" branch="false"/>
            <line number="36" hits="0" branch="false"/>
            <line number="40" hits="2" branch="false"/>
            <line number="41" hits="2" branch="false"/>
            <line number="42" hits="2" branch="false"/>
            <line number="43" hits="2" branch="false"/>
            <line number="45" hits="1" branch="false"/>
          </lines>
        </class>
        <class name="SessionController.js" filename="src/controllers/SessionController.js" line-rate="0.8889" branch-rate="0.9167000000000001">
          <methods>
            <method name="(anonymous_0)" hits="7" signature="()V">
              <lines>
                <line number="5" hits="7"/>
              </lines>
            </method>
            <method name="(anonymous_1)" hits="2" signature="()V">
              <lines>
                <line number="43" hits="2"/>
              </lines>
            </method>
            <method name="(anonymous_2)" hits="2" signature="()V">
              <lines>
                <line number="63" hits="2"/>
              </lines>
            </method>
            <method name="(anonymous_3)" hits="1" signature="()V">
              <lines>
                <line number="85" hits="1"/>
              </lines>
            </method>
            <method name="(anonymous_4)" hits="2" signature="()V">
              <lines>
                <line number="112" hits="2"/>
              </lines>
            </method>
          </methods>
          <lines>
            <line number="1" hits="7" branch="false"/>
            <line number="2" hits="7" branch="false"/>
            <line number="4" hits="7" branch="false"/>
            <line number="6" hits="7" branch="false"/>
            <line number="7" hits="7" branch="false"/>
            <line number="15" hits="7" branch="false"/>
            <line number="17" hits="7" branch="false"/>
            <line number="18" hits="7" branch="true" condition-coverage="100% (4/4)"/>
            <line number="19" hits="6" branch="false"/>
            <line number="26" hits="5" branch="false"/>
            <line number="27" hits="5" branch="false"/>
            <line number="28" hits="5" branch="false"/>
            <line number="32" hits="5" branch="false"/>
            <line number="34" hits="1" branch="true" condition-coverage="50% (1/2)"/>
            <line number="35" hits="0" branch="false"/>
            <line number="37" hits="1" branch="false"/>
            <line number="39" hits="1" branch="false"/>
            <line number="44" hits="2" branch="false"/>
            <line number="45" hits="2" branch="false"/>
            <line number="47" hits="2" branch="false"/>
            <line number="48" hits="2" branch="true" condition-coverage="100% (2/2)"/>
            <line number="49" hits="1" branch="false"/>
            <line number="50" hits="1" branch="false"/>
            <line number="55" hits="1" branch="false"/>
            <line number="57" hits="1" branch="false"/>
            <line number="59" hits="0" branch="false"/>
            <line number="64" hits="2" branch="false"/>
            <line number="65" hits="2" branch="false"/>
            <line number="67" hits="2" branch="false"/>
            <line number="69" hits="2" branch="true" condition-coverage="100% (2/2)"/>
            <line number="70" hits="1" branch="false"/>
            <line number="71" hits="1" branch="false"/>
            <line number="76" hits="1" branch="false"/>
            <line number="79" hits="1" branch="false"/>
            <line number="81" hits="0" branch="false"/>
            <line number="86" hits="1" branch="false"/>
            <line number="94" hits="1" branch="false"/>
            <line number="96" hits="1" branch="false"/>
            <line number="104" hits="0" branch="false"/>
            <line number="106" hits="0" branch="false"/>
            <line number="108" hits="1" branch="false"/>
            <line number="113" hits="2" branch="false"/>
            <line number="114" hits="2" branch="false"/>
            <line number="116" hits="2" branch="false"/>
            <line number="118" hits="2" branch="false"/>
            <line number="120" hits="2" branch="true" condition-coverage="100% (2/2)"/>
            <line number="121" hits="1" branch="false"/>
            <line number="122" hits="1" branch="false"/>
            <line number="124" hits="1" branch="false"/>
            <line number="125" hits="1" branch="false"/>
            <line number="126" hits="1" branch="false"/>
            <line number="128" hits="1" branch="false"/>
            <line number="130" hits="1" branch="false"/>
            <line number="132" hits="0" branch="false"/>
          </lines>
        </class>
        <class name="WaitingListController.js" filename="src/controllers/WaitingListController.js" line-rate="0.875" branch-rate="1">
          <methods>
            <method name="(anonymous_0)" hits="4" signature="()V">
              <lines>
                <line number="4" hits="4"/>
              </lines>
            </method>
            <method name="(anonymous_1)" hits="1" signature="()V">
              <lines>
                <line number="22" hits="1"/>
              </lines>
            </method>
            <method name="(anonymous_2)" hits="1" signature="()V">
              <lines>
                <line number="32" hits="1"/>
              </lines>
            </method>
          </methods>
          <lines>
            <line number="1" hits="7" branch="false"/>
            <line number="3" hits="7" branch="false"/>
            <line number="5" hits="4" branch="false"/>
            <line number="9" hits="4" branch="false"/>
            <line number="11" hits="4" branch="false"/>
            <line number="16" hits="2" branch="false"/>
            <line number="18" hits="2" branch="false"/>
            <line number="23" hits="1" branch="false"/>
            <line number="24" hits="1" branch="false"/>
            <line number="26" hits="1" branch="false"/>
            <line number="28" hits="0" branch="false"/>
            <line number="33" hits="1" branch="false"/>
            <line number="34" hits="1" branch="false"/>
            <line number="36" hits="1" branch="false"/>
            <line number="38" hits="1" branch="false"/>
            <line number="40" hits="0" branch="false"/>
          </lines>
        </class>
      </classes>
    </package>
    <package name="src.middlewares" line-rate="0.7948999999999999" branch-rate="0.5625">
      <classes>
        <class name="isAdmin.js" filename="src/middlewares/isAdmin.js" line-rate="0.7778" branch-rate="0.5">
          <methods>
            <method name="(anonymous_0)" hits="26" signature="()V">
              <lines>
                <line number="3" hits="26"/>
              </lines>
            </method>
          </methods>
          <lines>
            <line number="1" hits="7" branch="false"/>
            <line number="3" hits="7" branch="false"/>
            <line number="4" hits="26" branch="false"/>
            <line number="5" hits="26" branch="false"/>
            <line number="6" hits="26" branch="false"/>
            <line number="7" hits="26" branch="true" condition-coverage="50% (1/2)"/>
            <line number="8" hits="0" branch="false"/>
            <line number="11" hits="0" branch="false"/>
            <line number="13" hits="26" branch="false"/>
          </lines>
        </class>
        <class name="isPatient.js" filename="src/middlewares/isPatient.js" line-rate="0.7778" branch-rate="0.75">
          <methods>
            <method name="(anonymous_0)" hits="16" signature="()V">
              <lines>
                <line number="3" hits="16"/>
              </lines>
            </method>
          </methods>
          <lines>
            <line number="1" hits="7" branch="false"/>
            <line number="3" hits="7" branch="false"/>
            <line number="4" hits="16" branch="false"/>
            <line number="5" hits="16" branch="false"/>
            <line number="6" hits="16" branch="false"/>
            <line number="7" hits="16" branch="true" condition-coverage="75% (3/4)"/>
            <line number="8" hits="0" branch="false"/>
            <line number="11" hits="0" branch="false"/>
            <line number="13" hits="16" branch="false"/>
          </lines>
        </class>
        <class name="isPsychologist.js" filename="src/middlewares/isPsychologist.js" line-rate="0.7778" branch-rate="0.5">
          <methods>
            <method name="(anonymous_0)" hits="16" signature="()V">
              <lines>
                <line number="3" hits="16"/>
              </lines>
            </method>
          </methods>
          <lines>
            <line number="1" hits="7" branch="false"/>
            <line number="3" hits="7" branch="false"/>
            <line number="4" hits="16" branch="false"/>
            <line number="5" hits="16" branch="false"/>
            <line number="6" hits="16" branch="false"/>
            <line number="7" hits="16" branch="true" condition-coverage="50% (3/6)"/>
            <line number="9" hits="0" branch="false"/>
            <line number="12" hits="0" branch="false"/>
            <line number="14" hits="16" branch="false"/>
          </lines>
        </class>
        <class name="verifyToken.js" filename="src/middlewares/verifyToken.js" line-rate="0.8332999999999999" branch-rate="0.5">
          <methods>
            <method name="(anonymous_0)" hits="102" signature="()V">
              <lines>
                <line number="6" hits="102"/>
              </lines>
            </method>
            <method name="(anonymous_1)" hits="102" signature="()V">
              <lines>
                <line number="13" hits="102"/>
              </lines>
            </method>
          </methods>
          <lines>
            <line number="3" hits="7" branch="false"/>
            <line number="4" hits="7" branch="false"/>
            <line number="6" hits="7" branch="false"/>
            <line number="7" hits="102" branch="false"/>
            <line number="8" hits="102" branch="false"/>
            <line number="9" hits="102" branch="true" condition-coverage="50% (1/2)"/>
            <line number="10" hits="0" branch="false"/>
            <line number="13" hits="102" branch="false"/>
            <line number="14" hits="102" branch="true" condition-coverage="50% (1/2)"/>
            <line number="15" hits="102" branch="false"/>
            <line number="16" hits="102" branch="false"/>
            <line number="19" hits="0" branch="false"/>
          </lines>
        </class>
      </classes>
    </package>
    <package name="src.models" line-rate="1" branch-rate="1">
      <classes>
        <class name="Admin.js" filename="src/models/Admin.js" line-rate="1" branch-rate="1">
          <methods>
          </methods>
          <lines>
            <line number="1" hits="7" branch="false"/>
            <line number="3" hits="7" branch="false"/>
            <line number="19" hits="7" branch="false"/>
          </lines>
        </class>
        <class name="Psychologist.js" filename="src/models/Psychologist.js" line-rate="1" branch-rate="1">
          <methods>
          </methods>
          <lines>
            <line number="2" hits="7" branch="false"/>
            <line number="4" hits="7" branch="false"/>
            <line number="68" hits="7" branch="false"/>
          </lines>
        </class>
        <class name="Session.js" filename="src/models/Session.js" line-rate="1" branch-rate="1">
          <methods>
          </methods>
          <lines>
            <line number="1" hits="7" branch="false"/>
            <line number="3" hits="7" branch="false"/>
            <line number="31" hits="7" branch="false"/>
          </lines>
        </class>
        <class name="UserPatient.js" filename="src/models/UserPatient.js" line-rate="1" branch-rate="1">
          <methods>
          </methods>
          <lines>
            <line number="1" hits="7" branch="false"/>
            <line number="3" hits="7" branch="false"/>
            <line number="152" hits="7" branch="false"/>
          </lines>
        </class>
        <class name="WaitingList.js" filename="src/models/WaitingList.js" line-rate="1" branch-rate="1">
          <methods>
          </methods>
          <lines>
            <line number="1" hits="7" branch="false"/>
            <line number="3" hits="7" branch="false"/>
            <line number="14" hits="7" branch="false"/>
          </lines>
        </class>
      </classes>
    </package>
  </packages>
</coverage>
