{"/app/src/routes.js": {"path":"/app/src/routes.js","statementMap":{"0":{"start":{"line":1,"column":16},"end":{"line":1,"column":34}},"1":{"start":{"line":2,"column":24},"end":{"line":2,"column":64}},"2":{"start":{"line":3,"column":26},"end":{"line":3,"column":68}},"3":{"start":{"line":4,"column":24},"end":{"line":4,"column":64}},"4":{"start":{"line":5,"column":31},"end":{"line":5,"column":78}},"5":{"start":{"line":6,"column":28},"end":{"line":6,"column":72}},"6":{"start":{"line":7,"column":26},"end":{"line":7,"column":68}},"7":{"start":{"line":9,"column":20},"end":{"line":9,"column":56}},"8":{"start":{"line":10,"column":18},"end":{"line":10,"column":52}},"9":{"start":{"line":11,"column":23},"end":{"line":11,"column":62}},"10":{"start":{"line":12,"column":16},"end":{"line":12,"column":48}},"11":{"start":{"line":13,"column":30},"end":{"line":13,"column":76}},"12":{"start":{"line":15,"column":15},"end":{"line":15,"column":31}},"13":{"start":{"line":18,"column":0},"end":{"line":18,"column":61}},"14":{"start":{"line":19,"column":0},"end":{"line":19,"column":66}},"15":{"start":{"line":20,"column":0},"end":{"line":20,"column":47}},"16":{"start":{"line":21,"column":0},"end":{"line":21,"column":50}},"17":{"start":{"line":22,"column":0},"end":{"line":22,"column":79}},"18":{"start":{"line":23,"column":0},"end":{"line":23,"column":96}},"19":{"start":{"line":24,"column":0},"end":{"line":24,"column":71}},"20":{"start":{"line":25,"column":0},"end":{"line":25,"column":85}},"21":{"start":{"line":27,"column":0},"end":{"line":27,"column":56}},"22":{"start":{"line":28,"column":0},"end":{"line":28,"column":60}},"23":{"start":{"line":31,"column":0},"end":{"line":31,"column":45}},"24":{"start":{"line":32,"column":0},"end":{"line":32,"column":50}},"25":{"start":{"line":35,"column":0},"end":{"line":35,"column":80}},"26":{"start":{"line":36,"column":0},"end":{"line":36,"column":85}},"27":{"start":{"line":37,"column":0},"end":{"line":37,"column":87}},"28":{"start":{"line":38,"column":0},"end":{"line":38,"column":80}},"29":{"start":{"line":39,"column":0},"end":{"line":39,"column":91}},"30":{"start":{"line":42,"column":0},"end":{"line":42,"column":83}},"31":{"start":{"line":43,"column":0},"end":{"line":43,"column":94}},"32":{"start":{"line":44,"column":0},"end":{"line":44,"column":76}},"33":{"start":{"line":45,"column":0},"end":{"line":45,"column":76}},"34":{"start":{"line":46,"column":0},"end":{"line":46,"column":77}},"35":{"start":{"line":47,"column":0},"end":{"line":47,"column":94}},"36":{"start":{"line":48,"column":0},"end":{"line":48,"column":94}},"37":{"start":{"line":49,"column":0},"end":{"line":49,"column":75}},"38":{"start":{"line":50,"column":0},"end":{"line":50,"column":74}},"39":{"start":{"line":51,"column":0},"end":{"line":55,"column":2}},"40":{"start":{"line":58,"column":0},"end":{"line":58,"column":71}},"41":{"start":{"line":59,"column":0},"end":{"line":59,"column":72}},"42":{"start":{"line":60,"column":0},"end":{"line":60,"column":83}},"43":{"start":{"line":62,"column":0},"end":{"line":62,"column":24}}},"fnMap":{},"branchMap":{},"s":{"0":8,"1":8,"2":8,"3":8,"4":8,"5":8,"6":8,"7":8,"8":8,"9":8,"10":8,"11":8,"12":8,"13":8,"14":8,"15":8,"16":8,"17":8,"18":8,"19":8,"20":8,"21":8,"22":8,"23":8,"24":8,"25":8,"26":8,"27":8,"28":8,"29":8,"30":8,"31":8,"32":8,"33":8,"34":8,"35":8,"36":8,"37":8,"38":8,"39":8,"40":8,"41":8,"42":8,"43":8},"f":{},"b":{},"_coverageSchema":"1a1c01bbd47fc00a2c39e90264f33305004495a9","hash":"473455ebba9a97c6940e1b448f2dab946ca49885"}
,"/app/src/server.js": {"path":"/app/src/server.js","statementMap":{"0":{"start":{"line":1,"column":16},"end":{"line":1,"column":34}},"1":{"start":{"line":2,"column":13},"end":{"line":2,"column":28}},"2":{"start":{"line":3,"column":15},"end":{"line":3,"column":34}},"3":{"start":{"line":5,"column":12},"end":{"line":5,"column":21}},"4":{"start":{"line":7,"column":0},"end":{"line":7,"column":42}},"5":{"start":{"line":8,"column":0},"end":{"line":8,"column":65}},"6":{"start":{"line":9,"column":0},"end":{"line":9,"column":16}},"7":{"start":{"line":10,"column":0},"end":{"line":10,"column":24}},"8":{"start":{"line":11,"column":0},"end":{"line":11,"column":16}},"9":{"start":{"line":13,"column":0},"end":{"line":13,"column":21}}},"fnMap":{},"branchMap":{},"s":{"0":8,"1":8,"2":8,"3":8,"4":8,"5":8,"6":8,"7":8,"8":8,"9":8},"f":{},"b":{},"_coverageSchema":"1a1c01bbd47fc00a2c39e90264f33305004495a9","hash":"88a7423347b5df5547193baa3235d294da6eaa46"}
,"/app/src/config/ForgetPassword_email.js": {"path":"/app/src/config/ForgetPassword_email.js","statementMap":{"0":{"start":{"line":1,"column":20},"end":{"line":1,"column":45}},"1":{"start":{"line":3,"column":0},"end":{"line":63,"column":2}},"2":{"start":{"line":5,"column":8},"end":{"line":61,"column":11}}},"fnMap":{"0":{"name":"(anonymous_0)","decl":{"start":{"line":4,"column":4},"end":{"line":4,"column":5}},"loc":{"start":{"line":4,"column":39},"end":{"line":62,"column":5}},"line":4}},"branchMap":{},"s":{"0":8,"1":8,"2":0},"f":{"0":0},"b":{},"_coverageSchema":"1a1c01bbd47fc00a2c39e90264f33305004495a9","hash":"abca8166c6be127d16536d5ffd51c7958de2ccda"}
,"/app/src/config/Patient_email.js": {"path":"/app/src/config/Patient_email.js","statementMap":{"0":{"start":{"line":1,"column":20},"end":{"line":1,"column":45}},"1":{"start":{"line":3,"column":0},"end":{"line":35,"column":2}},"2":{"start":{"line":5,"column":8},"end":{"line":33,"column":11}}},"fnMap":{"0":{"name":"(anonymous_0)","decl":{"start":{"line":4,"column":4},"end":{"line":4,"column":5}},"loc":{"start":{"line":4,"column":29},"end":{"line":34,"column":5}},"line":4}},"branchMap":{},"s":{"0":8,"1":8,"2":5},"f":{"0":5},"b":{},"_coverageSchema":"1a1c01bbd47fc00a2c39e90264f33305004495a9","hash":"8e97e1d42d83bb7e47cf998f82f9432720fc7a6d"}
,"/app/src/config/Psychologist_email.js": {"path":"/app/src/config/Psychologist_email.js","statementMap":{"0":{"start":{"line":1,"column":20},"end":{"line":1,"column":45}},"1":{"start":{"line":3,"column":0},"end":{"line":42,"column":2}},"2":{"start":{"line":5,"column":8},"end":{"line":40,"column":11}}},"fnMap":{"0":{"name":"(anonymous_0)","decl":{"start":{"line":4,"column":4},"end":{"line":4,"column":5}},"loc":{"start":{"line":4,"column":33},"end":{"line":41,"column":5}},"line":4}},"branchMap":{},"s":{"0":8,"1":8,"2":0},"f":{"0":0},"b":{},"_coverageSchema":"1a1c01bbd47fc00a2c39e90264f33305004495a9","hash":"15271a482d99d22d2e6abf9de4dfc2d23f47e191"}
,"/app/src/config/Waitinglist_email.js": {"path":"/app/src/config/Waitinglist_email.js","statementMap":{"0":{"start":{"line":1,"column":20},"end":{"line":1,"column":45}},"1":{"start":{"line":2,"column":20},"end":{"line":2,"column":52}},"2":{"start":{"line":4,"column":0},"end":{"line":59,"column":2}},"3":{"start":{"line":6,"column":21},"end":{"line":6,"column":71}},"4":{"start":{"line":7,"column":8},"end":{"line":57,"column":11}}},"fnMap":{"0":{"name":"(anonymous_0)","decl":{"start":{"line":5,"column":4},"end":{"line":5,"column":5}},"loc":{"start":{"line":5,"column":46},"end":{"line":58,"column":5}},"line":5}},"branchMap":{},"s":{"0":8,"1":8,"2":8,"3":0,"4":0},"f":{"0":0},"b":{},"_coverageSchema":"1a1c01bbd47fc00a2c39e90264f33305004495a9","hash":"abe528f0f07a0fcc1dd48a02191ab4238727ab8f"}
,"/app/src/config/auth.config.js": {"path":"/app/src/config/auth.config.js","statementMap":{"0":{"start":{"line":1,"column":0},"end":{"line":3,"column":2}}},"fnMap":{},"branchMap":{},"s":{"0":8},"f":{},"b":{},"_coverageSchema":"1a1c01bbd47fc00a2c39e90264f33305004495a9","hash":"e4c0345742496c644bd6a1825ffd8284969832b8"}
,"/app/src/config/email.config.js": {"path":"/app/src/config/email.config.js","statementMap":{"0":{"start":{"line":1,"column":19},"end":{"line":1,"column":40}},"1":{"start":{"line":3,"column":20},"end":{"line":11,"column":2}},"2":{"start":{"line":12,"column":0},"end":{"line":12,"column":29}}},"fnMap":{},"branchMap":{},"s":{"0":8,"1":8,"2":8},"f":{},"b":{},"_coverageSchema":"1a1c01bbd47fc00a2c39e90264f33305004495a9","hash":"0d8370da966e37746ae1bfa94b9f0113b0b96c0b"}
,"/app/src/controllers/AdminController.js": {"path":"/app/src/controllers/AdminController.js","statementMap":{"0":{"start":{"line":1,"column":12},"end":{"line":1,"column":35}},"1":{"start":{"line":2,"column":15},"end":{"line":2,"column":34}},"2":{"start":{"line":3,"column":14},"end":{"line":3,"column":40}},"3":{"start":{"line":5,"column":19},"end":{"line":5,"column":51}},"4":{"start":{"line":7,"column":0},"end":{"line":55,"column":2}},"5":{"start":{"line":9,"column":8},"end":{"line":29,"column":9}},"6":{"start":{"line":10,"column":46},"end":{"line":10,"column":54}},"7":{"start":{"line":12,"column":25},"end":{"line":12,"column":55}},"8":{"start":{"line":14,"column":12},"end":{"line":16,"column":13}},"9":{"start":{"line":15,"column":16},"end":{"line":15,"column":69}},"10":{"start":{"line":18,"column":38},"end":{"line":18,"column":66}},"11":{"start":{"line":20,"column":30},"end":{"line":24,"column":14}},"12":{"start":{"line":26,"column":12},"end":{"line":26,"column":51}},"13":{"start":{"line":28,"column":12},"end":{"line":28,"column":66}},"14":{"start":{"line":33,"column":8},"end":{"line":53,"column":9}},"15":{"start":{"line":34,"column":40},"end":{"line":34,"column":48}},"16":{"start":{"line":35,"column":25},"end":{"line":35,"column":75}},"17":{"start":{"line":37,"column":12},"end":{"line":49,"column":13}},"18":{"start":{"line":38,"column":16},"end":{"line":47,"column":17}},"19":{"start":{"line":39,"column":34},"end":{"line":41,"column":22}},"20":{"start":{"line":43,"column":20},"end":{"line":46,"column":23}},"21":{"start":{"line":48,"column":16},"end":{"line":48,"column":63}},"22":{"start":{"line":50,"column":12},"end":{"line":50,"column":63}},"23":{"start":{"line":52,"column":12},"end":{"line":52,"column":45}}},"fnMap":{"0":{"name":"(anonymous_0)","decl":{"start":{"line":8,"column":4},"end":{"line":8,"column":5}},"loc":{"start":{"line":8,"column":26},"end":{"line":30,"column":5}},"line":8},"1":{"name":"(anonymous_1)","decl":{"start":{"line":32,"column":4},"end":{"line":32,"column":5}},"loc":{"start":{"line":32,"column":25},"end":{"line":54,"column":5}},"line":32}},"branchMap":{"0":{"loc":{"start":{"line":14,"column":12},"end":{"line":16,"column":13}},"type":"if","locations":[{"start":{"line":14,"column":12},"end":{"line":16,"column":13}},{"start":{"line":14,"column":12},"end":{"line":16,"column":13}}],"line":14},"1":{"loc":{"start":{"line":37,"column":12},"end":{"line":49,"column":13}},"type":"if","locations":[{"start":{"line":37,"column":12},"end":{"line":49,"column":13}},{"start":{"line":37,"column":12},"end":{"line":49,"column":13}}],"line":37},"2":{"loc":{"start":{"line":38,"column":16},"end":{"line":47,"column":17}},"type":"if","locations":[{"start":{"line":38,"column":16},"end":{"line":47,"column":17}},{"start":{"line":38,"column":16},"end":{"line":47,"column":17}}],"line":38}},"s":{"0":8,"1":8,"2":8,"3":8,"4":8,"5":42,"6":42,"7":42,"8":41,"9":36,"10":5,"11":4,"12":4,"13":2,"14":40,"15":40,"16":40,"17":39,"18":38,"19":37,"20":37,"21":1,"22":1,"23":2},"f":{"0":42,"1":40},"b":{"0":[36,5],"1":[38,1],"2":[37,1]},"_coverageSchema":"1a1c01bbd47fc00a2c39e90264f33305004495a9","hash":"7836ae573787e6693d6fb886ecd0512a424d1eca"}
,"/app/src/controllers/LoginController.js": {"path":"/app/src/controllers/LoginController.js","statementMap":{"0":{"start":{"line":1,"column":12},"end":{"line":1,"column":35}},"1":{"start":{"line":2,"column":15},"end":{"line":2,"column":34}},"2":{"start":{"line":3,"column":20},"end":{"line":3,"column":52}},"3":{"start":{"line":4,"column":21},"end":{"line":4,"column":54}},"4":{"start":{"line":5,"column":19},"end":{"line":5,"column":51}},"5":{"start":{"line":7,"column":0},"end":{"line":65,"column":2}},"6":{"start":{"line":9,"column":8},"end":{"line":33,"column":9}},"7":{"start":{"line":10,"column":40},"end":{"line":10,"column":48}},"8":{"start":{"line":11,"column":25},"end":{"line":11,"column":81}},"9":{"start":{"line":13,"column":12},"end":{"line":29,"column":13}},"10":{"start":{"line":14,"column":16},"end":{"line":27,"column":17}},"11":{"start":{"line":15,"column":34},"end":{"line":21,"column":21}},"12":{"start":{"line":23,"column":20},"end":{"line":26,"column":23}},"13":{"start":{"line":28,"column":16},"end":{"line":28,"column":76}},"14":{"start":{"line":30,"column":12},"end":{"line":30,"column":63}},"15":{"start":{"line":32,"column":12},"end":{"line":32,"column":45}},"16":{"start":{"line":37,"column":8},"end":{"line":63,"column":9}},"17":{"start":{"line":38,"column":40},"end":{"line":38,"column":48}},"18":{"start":{"line":40,"column":25},"end":{"line":40,"column":62}},"19":{"start":{"line":42,"column":12},"end":{"line":59,"column":13}},"20":{"start":{"line":44,"column":16},"end":{"line":57,"column":17}},"21":{"start":{"line":45,"column":34},"end":{"line":51,"column":21}},"22":{"start":{"line":53,"column":20},"end":{"line":56,"column":23}},"23":{"start":{"line":58,"column":16},"end":{"line":58,"column":76}},"24":{"start":{"line":60,"column":12},"end":{"line":60,"column":63}},"25":{"start":{"line":62,"column":12},"end":{"line":62,"column":45}}},"fnMap":{"0":{"name":"(anonymous_0)","decl":{"start":{"line":8,"column":4},"end":{"line":8,"column":5}},"loc":{"start":{"line":8,"column":29},"end":{"line":34,"column":5}},"line":8},"1":{"name":"(anonymous_1)","decl":{"start":{"line":36,"column":4},"end":{"line":36,"column":5}},"loc":{"start":{"line":36,"column":28},"end":{"line":64,"column":5}},"line":36}},"branchMap":{"0":{"loc":{"start":{"line":13,"column":12},"end":{"line":29,"column":13}},"type":"if","locations":[{"start":{"line":13,"column":12},"end":{"line":29,"column":13}},{"start":{"line":13,"column":12},"end":{"line":29,"column":13}}],"line":13},"1":{"loc":{"start":{"line":14,"column":16},"end":{"line":27,"column":17}},"type":"if","locations":[{"start":{"line":14,"column":16},"end":{"line":27,"column":17}},{"start":{"line":14,"column":16},"end":{"line":27,"column":17}}],"line":14},"2":{"loc":{"start":{"line":42,"column":12},"end":{"line":59,"column":13}},"type":"if","locations":[{"start":{"line":42,"column":12},"end":{"line":59,"column":13}},{"start":{"line":42,"column":12},"end":{"line":59,"column":13}}],"line":42},"3":{"loc":{"start":{"line":44,"column":16},"end":{"line":57,"column":17}},"type":"if","locations":[{"start":{"line":44,"column":16},"end":{"line":57,"column":17}},{"start":{"line":44,"column":16},"end":{"line":57,"column":17}}],"line":44}},"s":{"0":8,"1":8,"2":8,"3":8,"4":8,"5":8,"6":12,"7":12,"8":12,"9":12,"10":9,"11":8,"12":8,"13":1,"14":3,"15":3,"16":17,"17":17,"18":17,"19":17,"20":15,"21":14,"22":14,"23":1,"24":2,"25":2},"f":{"0":12,"1":17},"b":{"0":[9,3],"1":[8,1],"2":[15,2],"3":[14,1]},"_coverageSchema":"1a1c01bbd47fc00a2c39e90264f33305004495a9","hash":"bfc4adbf0ffab423df513b720d6d85ed35da42ad"}
,"/app/src/controllers/PatientController.js": {"path":"/app/src/controllers/PatientController.js","statementMap":{"0":{"start":{"line":1,"column":12},"end":{"line":1,"column":26}},"1":{"start":{"line":2,"column":15},"end":{"line":2,"column":34}},"2":{"start":{"line":3,"column":25},"end":{"line":3,"column":54}},"3":{"start":{"line":4,"column":20},"end":{"line":4,"column":52}},"4":{"start":{"line":5,"column":21},"end":{"line":5,"column":54}},"5":{"start":{"line":6,"column":25},"end":{"line":6,"column":59}},"6":{"start":{"line":7,"column":21},"end":{"line":7,"column":62}},"7":{"start":{"line":9,"column":21},"end":{"line":69,"column":33}},"8":{"start":{"line":71,"column":26},"end":{"line":119,"column":2}},"9":{"start":{"line":121,"column":21},"end":{"line":174,"column":33}},"10":{"start":{"line":176,"column":29},"end":{"line":178,"column":2}},"11":{"start":{"line":187,"column":16},"end":{"line":187,"column":17}},"12":{"start":{"line":188,"column":4},"end":{"line":216,"column":5}},"13":{"start":{"line":189,"column":8},"end":{"line":189,"column":21}},"14":{"start":{"line":190,"column":11},"end":{"line":216,"column":5}},"15":{"start":{"line":191,"column":8},"end":{"line":191,"column":21}},"16":{"start":{"line":192,"column":11},"end":{"line":216,"column":5}},"17":{"start":{"line":193,"column":8},"end":{"line":193,"column":21}},"18":{"start":{"line":194,"column":11},"end":{"line":216,"column":5}},"19":{"start":{"line":195,"column":8},"end":{"line":195,"column":21}},"20":{"start":{"line":196,"column":11},"end":{"line":216,"column":5}},"21":{"start":{"line":197,"column":8},"end":{"line":197,"column":20}},"22":{"start":{"line":198,"column":11},"end":{"line":216,"column":5}},"23":{"start":{"line":199,"column":8},"end":{"line":199,"column":20}},"24":{"start":{"line":200,"column":11},"end":{"line":216,"column":5}},"25":{"start":{"line":201,"column":8},"end":{"line":201,"column":20}},"26":{"start":{"line":202,"column":11},"end":{"line":216,"column":5}},"27":{"start":{"line":203,"column":8},"end":{"line":203,"column":20}},"28":{"start":{"line":204,"column":11},"end":{"line":216,"column":5}},"29":{"start":{"line":205,"column":8},"end":{"line":205,"column":20}},"30":{"start":{"line":206,"column":11},"end":{"line":216,"column":5}},"31":{"start":{"line":207,"column":8},"end":{"line":207,"column":19}},"32":{"start":{"line":208,"column":11},"end":{"line":216,"column":5}},"33":{"start":{"line":209,"column":8},"end":{"line":209,"column":19}},"34":{"start":{"line":210,"column":11},"end":{"line":216,"column":5}},"35":{"start":{"line":211,"column":8},"end":{"line":211,"column":19}},"36":{"start":{"line":212,"column":11},"end":{"line":216,"column":5}},"37":{"start":{"line":213,"column":8},"end":{"line":213,"column":19}},"38":{"start":{"line":214,"column":11},"end":{"line":216,"column":5}},"39":{"start":{"line":215,"column":8},"end":{"line":215,"column":19}},"40":{"start":{"line":217,"column":4},"end":{"line":219,"column":5}},"41":{"start":{"line":218,"column":8},"end":{"line":218,"column":21}},"42":{"start":{"line":220,"column":4},"end":{"line":222,"column":5}},"43":{"start":{"line":221,"column":8},"end":{"line":221,"column":21}},"44":{"start":{"line":223,"column":4},"end":{"line":233,"column":5}},"45":{"start":{"line":224,"column":8},"end":{"line":224,"column":20}},"46":{"start":{"line":225,"column":11},"end":{"line":233,"column":5}},"47":{"start":{"line":226,"column":8},"end":{"line":226,"column":20}},"48":{"start":{"line":227,"column":11},"end":{"line":233,"column":5}},"49":{"start":{"line":228,"column":8},"end":{"line":228,"column":20}},"50":{"start":{"line":229,"column":11},"end":{"line":233,"column":5}},"51":{"start":{"line":230,"column":8},"end":{"line":230,"column":19}},"52":{"start":{"line":231,"column":11},"end":{"line":233,"column":5}},"53":{"start":{"line":232,"column":8},"end":{"line":232,"column":19}},"54":{"start":{"line":234,"column":4},"end":{"line":236,"column":5}},"55":{"start":{"line":235,"column":8},"end":{"line":235,"column":19}},"56":{"start":{"line":238,"column":4},"end":{"line":238,"column":17}},"57":{"start":{"line":241,"column":0},"end":{"line":638,"column":2}},"58":{"start":{"line":243,"column":8},"end":{"line":348,"column":9}},"59":{"start":{"line":270,"column":16},"end":{"line":270,"column":24}},"60":{"start":{"line":272,"column":25},"end":{"line":272,"column":61}},"61":{"start":{"line":273,"column":28},"end":{"line":273,"column":65}},"62":{"start":{"line":275,"column":12},"end":{"line":279,"column":13}},"63":{"start":{"line":276,"column":16},"end":{"line":278,"column":64}},"64":{"start":{"line":281,"column":37},"end":{"line":307,"column":14}},"65":{"start":{"line":309,"column":12},"end":{"line":311,"column":13}},"66":{"start":{"line":310,"column":16},"end":{"line":310,"column":62}},"67":{"start":{"line":313,"column":38},"end":{"line":313,"column":66}},"68":{"start":{"line":315,"column":28},"end":{"line":341,"column":14}},"69":{"start":{"line":343,"column":12},"end":{"line":343,"column":57}},"70":{"start":{"line":345,"column":12},"end":{"line":345,"column":49}},"71":{"start":{"line":347,"column":12},"end":{"line":347,"column":64}},"72":{"start":{"line":352,"column":8},"end":{"line":358,"column":9}},"73":{"start":{"line":353,"column":30},"end":{"line":353,"column":40}},"74":{"start":{"line":354,"column":25},"end":{"line":354,"column":61}},"75":{"start":{"line":355,"column":12},"end":{"line":355,"column":46}},"76":{"start":{"line":357,"column":12},"end":{"line":357,"column":64}},"77":{"start":{"line":362,"column":8},"end":{"line":368,"column":9}},"78":{"start":{"line":363,"column":26},"end":{"line":363,"column":50}},"79":{"start":{"line":365,"column":12},"end":{"line":365,"column":47}},"80":{"start":{"line":367,"column":12},"end":{"line":367,"column":66}},"81":{"start":{"line":372,"column":8},"end":{"line":382,"column":9}},"82":{"start":{"line":373,"column":30},"end":{"line":373,"column":38}},"83":{"start":{"line":375,"column":12},"end":{"line":375,"column":51}},"84":{"start":{"line":377,"column":12},"end":{"line":379,"column":68}},"85":{"start":{"line":381,"column":12},"end":{"line":381,"column":66}},"86":{"start":{"line":386,"column":8},"end":{"line":566,"column":9}},"87":{"start":{"line":411,"column":16},"end":{"line":411,"column":24}},"88":{"start":{"line":413,"column":30},"end":{"line":413,"column":40}},"89":{"start":{"line":415,"column":53},"end":{"line":440,"column":14}},"90":{"start":{"line":442,"column":12},"end":{"line":444,"column":13}},"91":{"start":{"line":443,"column":16},"end":{"line":443,"column":64}},"92":{"start":{"line":446,"column":38},"end":{"line":470,"column":14}},"93":{"start":{"line":472,"column":25},"end":{"line":474,"column":21}},"94":{"start":{"line":476,"column":12},"end":{"line":478,"column":13}},"95":{"start":{"line":477,"column":16},"end":{"line":477,"column":40}},"96":{"start":{"line":480,"column":12},"end":{"line":488,"column":13}},"97":{"start":{"line":481,"column":16},"end":{"line":487,"column":19}},"98":{"start":{"line":490,"column":12},"end":{"line":492,"column":13}},"99":{"start":{"line":491,"column":16},"end":{"line":491,"column":33}},"100":{"start":{"line":493,"column":12},"end":{"line":495,"column":13}},"101":{"start":{"line":494,"column":16},"end":{"line":494,"column":41}},"102":{"start":{"line":496,"column":12},"end":{"line":498,"column":13}},"103":{"start":{"line":497,"column":16},"end":{"line":497,"column":35}},"104":{"start":{"line":499,"column":12},"end":{"line":501,"column":13}},"105":{"start":{"line":500,"column":16},"end":{"line":500,"column":35}},"106":{"start":{"line":502,"column":12},"end":{"line":504,"column":13}},"107":{"start":{"line":503,"column":16},"end":{"line":503,"column":55}},"108":{"start":{"line":505,"column":12},"end":{"line":507,"column":13}},"109":{"start":{"line":506,"column":16},"end":{"line":506,"column":37}},"110":{"start":{"line":508,"column":12},"end":{"line":510,"column":13}},"111":{"start":{"line":509,"column":16},"end":{"line":509,"column":33}},"112":{"start":{"line":511,"column":12},"end":{"line":513,"column":13}},"113":{"start":{"line":512,"column":16},"end":{"line":512,"column":47}},"114":{"start":{"line":514,"column":12},"end":{"line":516,"column":13}},"115":{"start":{"line":515,"column":16},"end":{"line":515,"column":43}},"116":{"start":{"line":517,"column":12},"end":{"line":519,"column":13}},"117":{"start":{"line":518,"column":16},"end":{"line":518,"column":33}},"118":{"start":{"line":520,"column":12},"end":{"line":522,"column":13}},"119":{"start":{"line":521,"column":16},"end":{"line":521,"column":59}},"120":{"start":{"line":523,"column":12},"end":{"line":525,"column":13}},"121":{"start":{"line":524,"column":16},"end":{"line":524,"column":41}},"122":{"start":{"line":526,"column":12},"end":{"line":528,"column":13}},"123":{"start":{"line":527,"column":16},"end":{"line":527,"column":65}},"124":{"start":{"line":529,"column":12},"end":{"line":531,"column":13}},"125":{"start":{"line":530,"column":16},"end":{"line":530,"column":67}},"126":{"start":{"line":532,"column":12},"end":{"line":534,"column":13}},"127":{"start":{"line":533,"column":16},"end":{"line":533,"column":65}},"128":{"start":{"line":535,"column":12},"end":{"line":537,"column":13}},"129":{"start":{"line":536,"column":16},"end":{"line":536,"column":45}},"130":{"start":{"line":538,"column":12},"end":{"line":540,"column":13}},"131":{"start":{"line":539,"column":16},"end":{"line":539,"column":45}},"132":{"start":{"line":541,"column":12},"end":{"line":543,"column":13}},"133":{"start":{"line":542,"column":16},"end":{"line":542,"column":57}},"134":{"start":{"line":544,"column":12},"end":{"line":546,"column":13}},"135":{"start":{"line":545,"column":16},"end":{"line":545,"column":53}},"136":{"start":{"line":547,"column":12},"end":{"line":549,"column":13}},"137":{"start":{"line":548,"column":16},"end":{"line":548,"column":67}},"138":{"start":{"line":550,"column":12},"end":{"line":552,"column":13}},"139":{"start":{"line":551,"column":16},"end":{"line":551,"column":63}},"140":{"start":{"line":553,"column":12},"end":{"line":555,"column":13}},"141":{"start":{"line":554,"column":16},"end":{"line":554,"column":45}},"142":{"start":{"line":556,"column":12},"end":{"line":558,"column":13}},"143":{"start":{"line":557,"column":16},"end":{"line":557,"column":51}},"144":{"start":{"line":560,"column":12},"end":{"line":560,"column":69}},"145":{"start":{"line":560,"column":32},"end":{"line":560,"column":69}},"146":{"start":{"line":562,"column":12},"end":{"line":562,"column":30}},"147":{"start":{"line":563,"column":12},"end":{"line":563,"column":46}},"148":{"start":{"line":565,"column":12},"end":{"line":565,"column":78}},"149":{"start":{"line":570,"column":8},"end":{"line":584,"column":9}},"150":{"start":{"line":571,"column":37},"end":{"line":571,"column":45}},"151":{"start":{"line":573,"column":25},"end":{"line":575,"column":14}},"152":{"start":{"line":577,"column":12},"end":{"line":577,"column":45}},"153":{"start":{"line":579,"column":12},"end":{"line":579,"column":30}},"154":{"start":{"line":581,"column":12},"end":{"line":581,"column":46}},"155":{"start":{"line":583,"column":12},"end":{"line":583,"column":78}},"156":{"start":{"line":588,"column":8},"end":{"line":614,"column":9}},"157":{"start":{"line":589,"column":46},"end":{"line":589,"column":54}},"158":{"start":{"line":590,"column":25},"end":{"line":592,"column":34}},"159":{"start":{"line":593,"column":12},"end":{"line":608,"column":13}},"160":{"start":{"line":594,"column":16},"end":{"line":606,"column":17}},"161":{"start":{"line":595,"column":45},"end":{"line":597,"column":22}},"162":{"start":{"line":598,"column":20},"end":{"line":600,"column":21}},"163":{"start":{"line":599,"column":24},"end":{"line":599,"column":70}},"164":{"start":{"line":601,"column":46},"end":{"line":601,"column":74}},"165":{"start":{"line":602,"column":20},"end":{"line":602,"column":54}},"166":{"start":{"line":603,"column":20},"end":{"line":603,"column":48}},"167":{"start":{"line":604,"column":20},"end":{"line":604,"column":38}},"168":{"start":{"line":605,"column":20},"end":{"line":605,"column":58}},"169":{"start":{"line":607,"column":16},"end":{"line":607,"column":76}},"170":{"start":{"line":609,"column":12},"end":{"line":609,"column":63}},"171":{"start":{"line":611,"column":12},"end":{"line":613,"column":69}},"172":{"start":{"line":618,"column":8},"end":{"line":636,"column":9}},"173":{"start":{"line":619,"column":29},"end":{"line":619,"column":55}},"174":{"start":{"line":620,"column":25},"end":{"line":622,"column":14}},"175":{"start":{"line":623,"column":12},"end":{"line":630,"column":13}},"176":{"start":{"line":624,"column":42},"end":{"line":624,"column":70}},"177":{"start":{"line":625,"column":16},"end":{"line":625,"column":50}},"178":{"start":{"line":626,"column":16},"end":{"line":626,"column":43}},"179":{"start":{"line":627,"column":16},"end":{"line":627,"column":34}},"180":{"start":{"line":628,"column":16},"end":{"line":628,"column":64}},"181":{"start":{"line":629,"column":16},"end":{"line":629,"column":54}},"182":{"start":{"line":631,"column":12},"end":{"line":631,"column":63}},"183":{"start":{"line":633,"column":12},"end":{"line":635,"column":70}}},"fnMap":{"0":{"name":"calculateScore","decl":{"start":{"line":180,"column":15},"end":{"line":180,"column":29}},"loc":{"start":{"line":186,"column":3},"end":{"line":239,"column":1}},"line":186},"1":{"name":"(anonymous_1)","decl":{"start":{"line":242,"column":4},"end":{"line":242,"column":5}},"loc":{"start":{"line":242,"column":26},"end":{"line":349,"column":5}},"line":242},"2":{"name":"(anonymous_2)","decl":{"start":{"line":351,"column":4},"end":{"line":351,"column":5}},"loc":{"start":{"line":351,"column":25},"end":{"line":359,"column":5}},"line":351},"3":{"name":"(anonymous_3)","decl":{"start":{"line":361,"column":4},"end":{"line":361,"column":5}},"loc":{"start":{"line":361,"column":26},"end":{"line":369,"column":5}},"line":361},"4":{"name":"(anonymous_4)","decl":{"start":{"line":371,"column":4},"end":{"line":371,"column":5}},"loc":{"start":{"line":371,"column":28},"end":{"line":383,"column":5}},"line":371},"5":{"name":"(anonymous_5)","decl":{"start":{"line":385,"column":4},"end":{"line":385,"column":5}},"loc":{"start":{"line":385,"column":27},"end":{"line":567,"column":5}},"line":385},"6":{"name":"(anonymous_6)","decl":{"start":{"line":569,"column":4},"end":{"line":569,"column":5}},"loc":{"start":{"line":569,"column":35},"end":{"line":585,"column":5}},"line":569},"7":{"name":"(anonymous_7)","decl":{"start":{"line":587,"column":4},"end":{"line":587,"column":5}},"loc":{"start":{"line":587,"column":35},"end":{"line":615,"column":5}},"line":587},"8":{"name":"(anonymous_8)","decl":{"start":{"line":617,"column":4},"end":{"line":617,"column":5}},"loc":{"start":{"line":617,"column":31},"end":{"line":637,"column":5}},"line":617}},"branchMap":{"0":{"loc":{"start":{"line":188,"column":4},"end":{"line":216,"column":5}},"type":"if","locations":[{"start":{"line":188,"column":4},"end":{"line":216,"column":5}},{"start":{"line":188,"column":4},"end":{"line":216,"column":5}}],"line":188},"1":{"loc":{"start":{"line":190,"column":11},"end":{"line":216,"column":5}},"type":"if","locations":[{"start":{"line":190,"column":11},"end":{"line":216,"column":5}},{"start":{"line":190,"column":11},"end":{"line":216,"column":5}}],"line":190},"2":{"loc":{"start":{"line":192,"column":11},"end":{"line":216,"column":5}},"type":"if","locations":[{"start":{"line":192,"column":11},"end":{"line":216,"column":5}},{"start":{"line":192,"column":11},"end":{"line":216,"column":5}}],"line":192},"3":{"loc":{"start":{"line":194,"column":11},"end":{"line":216,"column":5}},"type":"if","locations":[{"start":{"line":194,"column":11},"end":{"line":216,"column":5}},{"start":{"line":194,"column":11},"end":{"line":216,"column":5}}],"line":194},"4":{"loc":{"start":{"line":196,"column":11},"end":{"line":216,"column":5}},"type":"if","locations":[{"start":{"line":196,"column":11},"end":{"line":216,"column":5}},{"start":{"line":196,"column":11},"end":{"line":216,"column":5}}],"line":196},"5":{"loc":{"start":{"line":198,"column":11},"end":{"line":216,"column":5}},"type":"if","locations":[{"start":{"line":198,"column":11},"end":{"line":216,"column":5}},{"start":{"line":198,"column":11},"end":{"line":216,"column":5}}],"line":198},"6":{"loc":{"start":{"line":200,"column":11},"end":{"line":216,"column":5}},"type":"if","locations":[{"start":{"line":200,"column":11},"end":{"line":216,"column":5}},{"start":{"line":200,"column":11},"end":{"line":216,"column":5}}],"line":200},"7":{"loc":{"start":{"line":202,"column":11},"end":{"line":216,"column":5}},"type":"if","locations":[{"start":{"line":202,"column":11},"end":{"line":216,"column":5}},{"start":{"line":202,"column":11},"end":{"line":216,"column":5}}],"line":202},"8":{"loc":{"start":{"line":204,"column":11},"end":{"line":216,"column":5}},"type":"if","locations":[{"start":{"line":204,"column":11},"end":{"line":216,"column":5}},{"start":{"line":204,"column":11},"end":{"line":216,"column":5}}],"line":204},"9":{"loc":{"start":{"line":206,"column":11},"end":{"line":216,"column":5}},"type":"if","locations":[{"start":{"line":206,"column":11},"end":{"line":216,"column":5}},{"start":{"line":206,"column":11},"end":{"line":216,"column":5}}],"line":206},"10":{"loc":{"start":{"line":208,"column":11},"end":{"line":216,"column":5}},"type":"if","locations":[{"start":{"line":208,"column":11},"end":{"line":216,"column":5}},{"start":{"line":208,"column":11},"end":{"line":216,"column":5}}],"line":208},"11":{"loc":{"start":{"line":210,"column":11},"end":{"line":216,"column":5}},"type":"if","locations":[{"start":{"line":210,"column":11},"end":{"line":216,"column":5}},{"start":{"line":210,"column":11},"end":{"line":216,"column":5}}],"line":210},"12":{"loc":{"start":{"line":212,"column":11},"end":{"line":216,"column":5}},"type":"if","locations":[{"start":{"line":212,"column":11},"end":{"line":216,"column":5}},{"start":{"line":212,"column":11},"end":{"line":216,"column":5}}],"line":212},"13":{"loc":{"start":{"line":214,"column":11},"end":{"line":216,"column":5}},"type":"if","locations":[{"start":{"line":214,"column":11},"end":{"line":216,"column":5}},{"start":{"line":214,"column":11},"end":{"line":216,"column":5}}],"line":214},"14":{"loc":{"start":{"line":217,"column":4},"end":{"line":219,"column":5}},"type":"if","locations":[{"start":{"line":217,"column":4},"end":{"line":219,"column":5}},{"start":{"line":217,"column":4},"end":{"line":219,"column":5}}],"line":217},"15":{"loc":{"start":{"line":220,"column":4},"end":{"line":222,"column":5}},"type":"if","locations":[{"start":{"line":220,"column":4},"end":{"line":222,"column":5}},{"start":{"line":220,"column":4},"end":{"line":222,"column":5}}],"line":220},"16":{"loc":{"start":{"line":223,"column":4},"end":{"line":233,"column":5}},"type":"if","locations":[{"start":{"line":223,"column":4},"end":{"line":233,"column":5}},{"start":{"line":223,"column":4},"end":{"line":233,"column":5}}],"line":223},"17":{"loc":{"start":{"line":225,"column":11},"end":{"line":233,"column":5}},"type":"if","locations":[{"start":{"line":225,"column":11},"end":{"line":233,"column":5}},{"start":{"line":225,"column":11},"end":{"line":233,"column":5}}],"line":225},"18":{"loc":{"start":{"line":227,"column":11},"end":{"line":233,"column":5}},"type":"if","locations":[{"start":{"line":227,"column":11},"end":{"line":233,"column":5}},{"start":{"line":227,"column":11},"end":{"line":233,"column":5}}],"line":227},"19":{"loc":{"start":{"line":229,"column":11},"end":{"line":233,"column":5}},"type":"if","locations":[{"start":{"line":229,"column":11},"end":{"line":233,"column":5}},{"start":{"line":229,"column":11},"end":{"line":233,"column":5}}],"line":229},"20":{"loc":{"start":{"line":231,"column":11},"end":{"line":233,"column":5}},"type":"if","locations":[{"start":{"line":231,"column":11},"end":{"line":233,"column":5}},{"start":{"line":231,"column":11},"end":{"line":233,"column":5}}],"line":231},"21":{"loc":{"start":{"line":234,"column":4},"end":{"line":236,"column":5}},"type":"if","locations":[{"start":{"line":234,"column":4},"end":{"line":236,"column":5}},{"start":{"line":234,"column":4},"end":{"line":236,"column":5}}],"line":234},"22":{"loc":{"start":{"line":275,"column":12},"end":{"line":279,"column":13}},"type":"if","locations":[{"start":{"line":275,"column":12},"end":{"line":279,"column":13}},{"start":{"line":275,"column":12},"end":{"line":279,"column":13}}],"line":275},"23":{"loc":{"start":{"line":275,"column":16},"end":{"line":275,"column":31}},"type":"binary-expr","locations":[{"start":{"line":275,"column":16},"end":{"line":275,"column":20}},{"start":{"line":275,"column":24},"end":{"line":275,"column":31}}],"line":275},"24":{"loc":{"start":{"line":309,"column":12},"end":{"line":311,"column":13}},"type":"if","locations":[{"start":{"line":309,"column":12},"end":{"line":311,"column":13}},{"start":{"line":309,"column":12},"end":{"line":311,"column":13}}],"line":309},"25":{"loc":{"start":{"line":442,"column":12},"end":{"line":444,"column":13}},"type":"if","locations":[{"start":{"line":442,"column":12},"end":{"line":444,"column":13}},{"start":{"line":442,"column":12},"end":{"line":444,"column":13}}],"line":442},"26":{"loc":{"start":{"line":476,"column":12},"end":{"line":478,"column":13}},"type":"if","locations":[{"start":{"line":476,"column":12},"end":{"line":478,"column":13}},{"start":{"line":476,"column":12},"end":{"line":478,"column":13}}],"line":476},"27":{"loc":{"start":{"line":480,"column":12},"end":{"line":488,"column":13}},"type":"if","locations":[{"start":{"line":480,"column":12},"end":{"line":488,"column":13}},{"start":{"line":480,"column":12},"end":{"line":488,"column":13}}],"line":480},"28":{"loc":{"start":{"line":490,"column":12},"end":{"line":492,"column":13}},"type":"if","locations":[{"start":{"line":490,"column":12},"end":{"line":492,"column":13}},{"start":{"line":490,"column":12},"end":{"line":492,"column":13}}],"line":490},"29":{"loc":{"start":{"line":493,"column":12},"end":{"line":495,"column":13}},"type":"if","locations":[{"start":{"line":493,"column":12},"end":{"line":495,"column":13}},{"start":{"line":493,"column":12},"end":{"line":495,"column":13}}],"line":493},"30":{"loc":{"start":{"line":496,"column":12},"end":{"line":498,"column":13}},"type":"if","locations":[{"start":{"line":496,"column":12},"end":{"line":498,"column":13}},{"start":{"line":496,"column":12},"end":{"line":498,"column":13}}],"line":496},"31":{"loc":{"start":{"line":499,"column":12},"end":{"line":501,"column":13}},"type":"if","locations":[{"start":{"line":499,"column":12},"end":{"line":501,"column":13}},{"start":{"line":499,"column":12},"end":{"line":501,"column":13}}],"line":499},"32":{"loc":{"start":{"line":502,"column":12},"end":{"line":504,"column":13}},"type":"if","locations":[{"start":{"line":502,"column":12},"end":{"line":504,"column":13}},{"start":{"line":502,"column":12},"end":{"line":504,"column":13}}],"line":502},"33":{"loc":{"start":{"line":505,"column":12},"end":{"line":507,"column":13}},"type":"if","locations":[{"start":{"line":505,"column":12},"end":{"line":507,"column":13}},{"start":{"line":505,"column":12},"end":{"line":507,"column":13}}],"line":505},"34":{"loc":{"start":{"line":508,"column":12},"end":{"line":510,"column":13}},"type":"if","locations":[{"start":{"line":508,"column":12},"end":{"line":510,"column":13}},{"start":{"line":508,"column":12},"end":{"line":510,"column":13}}],"line":508},"35":{"loc":{"start":{"line":511,"column":12},"end":{"line":513,"column":13}},"type":"if","locations":[{"start":{"line":511,"column":12},"end":{"line":513,"column":13}},{"start":{"line":511,"column":12},"end":{"line":513,"column":13}}],"line":511},"36":{"loc":{"start":{"line":514,"column":12},"end":{"line":516,"column":13}},"type":"if","locations":[{"start":{"line":514,"column":12},"end":{"line":516,"column":13}},{"start":{"line":514,"column":12},"end":{"line":516,"column":13}}],"line":514},"37":{"loc":{"start":{"line":517,"column":12},"end":{"line":519,"column":13}},"type":"if","locations":[{"start":{"line":517,"column":12},"end":{"line":519,"column":13}},{"start":{"line":517,"column":12},"end":{"line":519,"column":13}}],"line":517},"38":{"loc":{"start":{"line":520,"column":12},"end":{"line":522,"column":13}},"type":"if","locations":[{"start":{"line":520,"column":12},"end":{"line":522,"column":13}},{"start":{"line":520,"column":12},"end":{"line":522,"column":13}}],"line":520},"39":{"loc":{"start":{"line":523,"column":12},"end":{"line":525,"column":13}},"type":"if","locations":[{"start":{"line":523,"column":12},"end":{"line":525,"column":13}},{"start":{"line":523,"column":12},"end":{"line":525,"column":13}}],"line":523},"40":{"loc":{"start":{"line":526,"column":12},"end":{"line":528,"column":13}},"type":"if","locations":[{"start":{"line":526,"column":12},"end":{"line":528,"column":13}},{"start":{"line":526,"column":12},"end":{"line":528,"column":13}}],"line":526},"41":{"loc":{"start":{"line":529,"column":12},"end":{"line":531,"column":13}},"type":"if","locations":[{"start":{"line":529,"column":12},"end":{"line":531,"column":13}},{"start":{"line":529,"column":12},"end":{"line":531,"column":13}}],"line":529},"42":{"loc":{"start":{"line":532,"column":12},"end":{"line":534,"column":13}},"type":"if","locations":[{"start":{"line":532,"column":12},"end":{"line":534,"column":13}},{"start":{"line":532,"column":12},"end":{"line":534,"column":13}}],"line":532},"43":{"loc":{"start":{"line":535,"column":12},"end":{"line":537,"column":13}},"type":"if","locations":[{"start":{"line":535,"column":12},"end":{"line":537,"column":13}},{"start":{"line":535,"column":12},"end":{"line":537,"column":13}}],"line":535},"44":{"loc":{"start":{"line":538,"column":12},"end":{"line":540,"column":13}},"type":"if","locations":[{"start":{"line":538,"column":12},"end":{"line":540,"column":13}},{"start":{"line":538,"column":12},"end":{"line":540,"column":13}}],"line":538},"45":{"loc":{"start":{"line":541,"column":12},"end":{"line":543,"column":13}},"type":"if","locations":[{"start":{"line":541,"column":12},"end":{"line":543,"column":13}},{"start":{"line":541,"column":12},"end":{"line":543,"column":13}}],"line":541},"46":{"loc":{"start":{"line":544,"column":12},"end":{"line":546,"column":13}},"type":"if","locations":[{"start":{"line":544,"column":12},"end":{"line":546,"column":13}},{"start":{"line":544,"column":12},"end":{"line":546,"column":13}}],"line":544},"47":{"loc":{"start":{"line":547,"column":12},"end":{"line":549,"column":13}},"type":"if","locations":[{"start":{"line":547,"column":12},"end":{"line":549,"column":13}},{"start":{"line":547,"column":12},"end":{"line":549,"column":13}}],"line":547},"48":{"loc":{"start":{"line":550,"column":12},"end":{"line":552,"column":13}},"type":"if","locations":[{"start":{"line":550,"column":12},"end":{"line":552,"column":13}},{"start":{"line":550,"column":12},"end":{"line":552,"column":13}}],"line":550},"49":{"loc":{"start":{"line":553,"column":12},"end":{"line":555,"column":13}},"type":"if","locations":[{"start":{"line":553,"column":12},"end":{"line":555,"column":13}},{"start":{"line":553,"column":12},"end":{"line":555,"column":13}}],"line":553},"50":{"loc":{"start":{"line":556,"column":12},"end":{"line":558,"column":13}},"type":"if","locations":[{"start":{"line":556,"column":12},"end":{"line":558,"column":13}},{"start":{"line":556,"column":12},"end":{"line":558,"column":13}}],"line":556},"51":{"loc":{"start":{"line":560,"column":12},"end":{"line":560,"column":69}},"type":"if","locations":[{"start":{"line":560,"column":12},"end":{"line":560,"column":69}},{"start":{"line":560,"column":12},"end":{"line":560,"column":69}}],"line":560},"52":{"loc":{"start":{"line":593,"column":12},"end":{"line":608,"column":13}},"type":"if","locations":[{"start":{"line":593,"column":12},"end":{"line":608,"column":13}},{"start":{"line":593,"column":12},"end":{"line":608,"column":13}}],"line":593},"53":{"loc":{"start":{"line":594,"column":16},"end":{"line":606,"column":17}},"type":"if","locations":[{"start":{"line":594,"column":16},"end":{"line":606,"column":17}},{"start":{"line":594,"column":16},"end":{"line":606,"column":17}}],"line":594},"54":{"loc":{"start":{"line":598,"column":20},"end":{"line":600,"column":21}},"type":"if","locations":[{"start":{"line":598,"column":20},"end":{"line":600,"column":21}},{"start":{"line":598,"column":20},"end":{"line":600,"column":21}}],"line":598},"55":{"loc":{"start":{"line":623,"column":12},"end":{"line":630,"column":13}},"type":"if","locations":[{"start":{"line":623,"column":12},"end":{"line":630,"column":13}},{"start":{"line":623,"column":12},"end":{"line":630,"column":13}}],"line":623}},"s":{"0":8,"1":8,"2":8,"3":8,"4":8,"5":8,"6":8,"7":8,"8":8,"9":8,"10":8,"11":14,"12":14,"13":1,"14":13,"15":1,"16":12,"17":1,"18":11,"19":1,"20":10,"21":1,"22":9,"23":1,"24":8,"25":1,"26":7,"27":1,"28":6,"29":1,"30":5,"31":1,"32":4,"33":1,"34":3,"35":1,"36":2,"37":1,"38":1,"39":1,"40":14,"41":1,"42":14,"43":1,"44":14,"45":1,"46":13,"47":1,"48":12,"49":1,"50":11,"51":1,"52":10,"53":1,"54":14,"55":1,"56":14,"57":8,"58":28,"59":28,"60":28,"61":27,"62":27,"63":1,"64":26,"65":26,"66":1,"67":25,"68":23,"69":23,"70":23,"71":3,"72":2,"73":2,"74":2,"75":2,"76":0,"77":2,"78":2,"79":1,"80":1,"81":2,"82":2,"83":2,"84":1,"85":1,"86":16,"87":16,"88":16,"89":16,"90":16,"91":1,"92":15,"93":15,"94":15,"95":1,"96":15,"97":14,"98":14,"99":14,"100":14,"101":14,"102":14,"103":14,"104":14,"105":1,"106":14,"107":1,"108":14,"109":1,"110":14,"111":5,"112":14,"113":1,"114":14,"115":1,"116":14,"117":1,"118":14,"119":1,"120":14,"121":1,"122":14,"123":1,"124":14,"125":1,"126":14,"127":1,"128":14,"129":1,"130":14,"131":1,"132":14,"133":1,"134":14,"135":1,"136":14,"137":1,"138":14,"139":1,"140":14,"141":1,"142":14,"143":14,"144":14,"145":0,"146":14,"147":14,"148":1,"149":0,"150":0,"151":0,"152":0,"153":0,"154":0,"155":0,"156":2,"157":2,"158":2,"159":2,"160":2,"161":2,"162":2,"163":0,"164":2,"165":1,"166":1,"167":1,"168":1,"169":0,"170":0,"171":1,"172":2,"173":2,"174":2,"175":2,"176":1,"177":1,"178":1,"179":1,"180":1,"181":1,"182":1,"183":1},"f":{"0":14,"1":28,"2":2,"3":2,"4":2,"5":16,"6":0,"7":2,"8":2},"b":{"0":[1,13],"1":[1,12],"2":[1,11],"3":[1,10],"4":[1,9],"5":[1,8],"6":[1,7],"7":[1,6],"8":[1,5],"9":[1,4],"10":[1,3],"11":[1,2],"12":[1,1],"13":[1,0],"14":[1,13],"15":[1,13],"16":[1,13],"17":[1,12],"18":[1,11],"19":[1,10],"20":[1,9],"21":[1,13],"22":[1,26],"23":[27,26],"24":[1,25],"25":[1,15],"26":[1,14],"27":[14,0],"28":[14,0],"29":[14,0],"30":[14,0],"31":[1,13],"32":[1,13],"33":[1,13],"34":[5,9],"35":[1,13],"36":[1,13],"37":[1,13],"38":[1,13],"39":[1,13],"40":[1,13],"41":[1,13],"42":[1,13],"43":[1,13],"44":[1,13],"45":[1,13],"46":[1,13],"47":[1,13],"48":[1,13],"49":[1,13],"50":[14,0],"51":[0,14],"52":[2,0],"53":[2,0],"54":[0,2],"55":[1,1]},"_coverageSchema":"1a1c01bbd47fc00a2c39e90264f33305004495a9","hash":"f1635e980969118fdf2dc88275372483e9ac8f97"}
,"/app/src/controllers/PsychologistController.js": {"path":"/app/src/controllers/PsychologistController.js","statementMap":{"0":{"start":{"line":1,"column":25},"end":{"line":1,"column":54}},"1":{"start":{"line":2,"column":12},"end":{"line":2,"column":26}},"2":{"start":{"line":5,"column":21},"end":{"line":5,"column":54}},"3":{"start":{"line":6,"column":20},"end":{"line":6,"column":52}},"4":{"start":{"line":7,"column":26},"end":{"line":7,"column":65}},"5":{"start":{"line":8,"column":17},"end":{"line":8,"column":58}},"6":{"start":{"line":10,"column":15},"end":{"line":50,"column":33}},"7":{"start":{"line":52,"column":32},"end":{"line":57,"column":2}},"8":{"start":{"line":59,"column":0},"end":{"line":273,"column":2}},"9":{"start":{"line":61,"column":8},"end":{"line":116,"column":9}},"10":{"start":{"line":62,"column":29},"end":{"line":62,"column":55}},"11":{"start":{"line":74,"column":16},"end":{"line":74,"column":24}},"12":{"start":{"line":76,"column":28},"end":{"line":76,"column":65}},"13":{"start":{"line":77,"column":25},"end":{"line":77,"column":61}},"14":{"start":{"line":79,"column":12},"end":{"line":81,"column":13}},"15":{"start":{"line":80,"column":16},"end":{"line":80,"column":53}},"16":{"start":{"line":83,"column":37},"end":{"line":94,"column":14}},"17":{"start":{"line":98,"column":33},"end":{"line":110,"column":14}},"18":{"start":{"line":112,"column":12},"end":{"line":112,"column":59}},"19":{"start":{"line":113,"column":12},"end":{"line":113,"column":54}},"20":{"start":{"line":115,"column":12},"end":{"line":115,"column":66}},"21":{"start":{"line":120,"column":8},"end":{"line":127,"column":9}},"22":{"start":{"line":121,"column":30},"end":{"line":121,"column":40}},"23":{"start":{"line":122,"column":25},"end":{"line":122,"column":62}},"24":{"start":{"line":124,"column":12},"end":{"line":124,"column":46}},"25":{"start":{"line":126,"column":12},"end":{"line":126,"column":64}},"26":{"start":{"line":131,"column":8},"end":{"line":136,"column":9}},"27":{"start":{"line":132,"column":26},"end":{"line":132,"column":51}},"28":{"start":{"line":133,"column":12},"end":{"line":133,"column":47}},"29":{"start":{"line":135,"column":12},"end":{"line":135,"column":66}},"30":{"start":{"line":140,"column":8},"end":{"line":148,"column":9}},"31":{"start":{"line":141,"column":30},"end":{"line":141,"column":40}},"32":{"start":{"line":143,"column":12},"end":{"line":143,"column":52}},"33":{"start":{"line":145,"column":12},"end":{"line":145,"column":63}},"34":{"start":{"line":147,"column":12},"end":{"line":147,"column":66}},"35":{"start":{"line":152,"column":8},"end":{"line":223,"column":9}},"36":{"start":{"line":163,"column":16},"end":{"line":163,"column":24}},"37":{"start":{"line":165,"column":30},"end":{"line":165,"column":40}},"38":{"start":{"line":166,"column":25},"end":{"line":168,"column":21}},"39":{"start":{"line":170,"column":12},"end":{"line":172,"column":13}},"40":{"start":{"line":171,"column":16},"end":{"line":171,"column":33}},"41":{"start":{"line":173,"column":12},"end":{"line":175,"column":13}},"42":{"start":{"line":174,"column":16},"end":{"line":174,"column":41}},"43":{"start":{"line":176,"column":12},"end":{"line":178,"column":13}},"44":{"start":{"line":177,"column":16},"end":{"line":177,"column":35}},"45":{"start":{"line":179,"column":12},"end":{"line":181,"column":13}},"46":{"start":{"line":180,"column":16},"end":{"line":180,"column":37}},"47":{"start":{"line":182,"column":12},"end":{"line":184,"column":13}},"48":{"start":{"line":183,"column":16},"end":{"line":183,"column":33}},"49":{"start":{"line":185,"column":12},"end":{"line":187,"column":13}},"50":{"start":{"line":186,"column":16},"end":{"line":186,"column":35}},"51":{"start":{"line":188,"column":12},"end":{"line":190,"column":13}},"52":{"start":{"line":189,"column":16},"end":{"line":189,"column":53}},"53":{"start":{"line":191,"column":12},"end":{"line":193,"column":13}},"54":{"start":{"line":192,"column":16},"end":{"line":192,"column":43}},"55":{"start":{"line":194,"column":12},"end":{"line":196,"column":13}},"56":{"start":{"line":195,"column":16},"end":{"line":195,"column":43}},"57":{"start":{"line":197,"column":12},"end":{"line":199,"column":13}},"58":{"start":{"line":198,"column":16},"end":{"line":198,"column":53}},"59":{"start":{"line":201,"column":37},"end":{"line":212,"column":14}},"60":{"start":{"line":214,"column":12},"end":{"line":216,"column":13}},"61":{"start":{"line":215,"column":16},"end":{"line":215,"column":62}},"62":{"start":{"line":217,"column":12},"end":{"line":217,"column":30}},"63":{"start":{"line":218,"column":12},"end":{"line":218,"column":46}},"64":{"start":{"line":220,"column":12},"end":{"line":222,"column":65}},"65":{"start":{"line":227,"column":8},"end":{"line":251,"column":9}},"66":{"start":{"line":228,"column":46},"end":{"line":228,"column":54}},"67":{"start":{"line":229,"column":25},"end":{"line":229,"column":80}},"68":{"start":{"line":230,"column":12},"end":{"line":245,"column":13}},"69":{"start":{"line":231,"column":16},"end":{"line":243,"column":17}},"70":{"start":{"line":233,"column":45},"end":{"line":235,"column":22}},"71":{"start":{"line":236,"column":20},"end":{"line":238,"column":21}},"72":{"start":{"line":237,"column":24},"end":{"line":237,"column":70}},"73":{"start":{"line":239,"column":20},"end":{"line":239,"column":45}},"74":{"start":{"line":240,"column":20},"end":{"line":240,"column":48}},"75":{"start":{"line":241,"column":20},"end":{"line":241,"column":38}},"76":{"start":{"line":242,"column":20},"end":{"line":242,"column":58}},"77":{"start":{"line":244,"column":16},"end":{"line":244,"column":76}},"78":{"start":{"line":246,"column":12},"end":{"line":246,"column":63}},"79":{"start":{"line":248,"column":12},"end":{"line":250,"column":63}},"80":{"start":{"line":255,"column":8},"end":{"line":271,"column":9}},"81":{"start":{"line":256,"column":29},"end":{"line":256,"column":55}},"82":{"start":{"line":257,"column":25},"end":{"line":257,"column":80}},"83":{"start":{"line":258,"column":12},"end":{"line":265,"column":13}},"84":{"start":{"line":260,"column":16},"end":{"line":260,"column":41}},"85":{"start":{"line":261,"column":16},"end":{"line":261,"column":43}},"86":{"start":{"line":262,"column":16},"end":{"line":262,"column":34}},"87":{"start":{"line":263,"column":16},"end":{"line":263,"column":60}},"88":{"start":{"line":264,"column":16},"end":{"line":264,"column":54}},"89":{"start":{"line":266,"column":12},"end":{"line":266,"column":63}},"90":{"start":{"line":268,"column":12},"end":{"line":270,"column":70}}},"fnMap":{"0":{"name":"(anonymous_0)","decl":{"start":{"line":60,"column":4},"end":{"line":60,"column":5}},"loc":{"start":{"line":60,"column":26},"end":{"line":117,"column":5}},"line":60},"1":{"name":"(anonymous_1)","decl":{"start":{"line":119,"column":4},"end":{"line":119,"column":5}},"loc":{"start":{"line":119,"column":25},"end":{"line":128,"column":5}},"line":119},"2":{"name":"(anonymous_2)","decl":{"start":{"line":130,"column":4},"end":{"line":130,"column":5}},"loc":{"start":{"line":130,"column":26},"end":{"line":137,"column":5}},"line":130},"3":{"name":"(anonymous_3)","decl":{"start":{"line":139,"column":4},"end":{"line":139,"column":5}},"loc":{"start":{"line":139,"column":28},"end":{"line":149,"column":5}},"line":139},"4":{"name":"(anonymous_4)","decl":{"start":{"line":151,"column":4},"end":{"line":151,"column":5}},"loc":{"start":{"line":151,"column":27},"end":{"line":224,"column":5}},"line":151},"5":{"name":"(anonymous_5)","decl":{"start":{"line":226,"column":4},"end":{"line":226,"column":5}},"loc":{"start":{"line":226,"column":35},"end":{"line":252,"column":5}},"line":226},"6":{"name":"(anonymous_6)","decl":{"start":{"line":254,"column":4},"end":{"line":254,"column":5}},"loc":{"start":{"line":254,"column":31},"end":{"line":272,"column":5}},"line":254}},"branchMap":{"0":{"loc":{"start":{"line":79,"column":12},"end":{"line":81,"column":13}},"type":"if","locations":[{"start":{"line":79,"column":12},"end":{"line":81,"column":13}},{"start":{"line":79,"column":12},"end":{"line":81,"column":13}}],"line":79},"1":{"loc":{"start":{"line":79,"column":16},"end":{"line":79,"column":31}},"type":"binary-expr","locations":[{"start":{"line":79,"column":16},"end":{"line":79,"column":23}},{"start":{"line":79,"column":27},"end":{"line":79,"column":31}}],"line":79},"2":{"loc":{"start":{"line":170,"column":12},"end":{"line":172,"column":13}},"type":"if","locations":[{"start":{"line":170,"column":12},"end":{"line":172,"column":13}},{"start":{"line":170,"column":12},"end":{"line":172,"column":13}}],"line":170},"3":{"loc":{"start":{"line":173,"column":12},"end":{"line":175,"column":13}},"type":"if","locations":[{"start":{"line":173,"column":12},"end":{"line":175,"column":13}},{"start":{"line":173,"column":12},"end":{"line":175,"column":13}}],"line":173},"4":{"loc":{"start":{"line":176,"column":12},"end":{"line":178,"column":13}},"type":"if","locations":[{"start":{"line":176,"column":12},"end":{"line":178,"column":13}},{"start":{"line":176,"column":12},"end":{"line":178,"column":13}}],"line":176},"5":{"loc":{"start":{"line":179,"column":12},"end":{"line":181,"column":13}},"type":"if","locations":[{"start":{"line":179,"column":12},"end":{"line":181,"column":13}},{"start":{"line":179,"column":12},"end":{"line":181,"column":13}}],"line":179},"6":{"loc":{"start":{"line":182,"column":12},"end":{"line":184,"column":13}},"type":"if","locations":[{"start":{"line":182,"column":12},"end":{"line":184,"column":13}},{"start":{"line":182,"column":12},"end":{"line":184,"column":13}}],"line":182},"7":{"loc":{"start":{"line":185,"column":12},"end":{"line":187,"column":13}},"type":"if","locations":[{"start":{"line":185,"column":12},"end":{"line":187,"column":13}},{"start":{"line":185,"column":12},"end":{"line":187,"column":13}}],"line":185},"8":{"loc":{"start":{"line":188,"column":12},"end":{"line":190,"column":13}},"type":"if","locations":[{"start":{"line":188,"column":12},"end":{"line":190,"column":13}},{"start":{"line":188,"column":12},"end":{"line":190,"column":13}}],"line":188},"9":{"loc":{"start":{"line":191,"column":12},"end":{"line":193,"column":13}},"type":"if","locations":[{"start":{"line":191,"column":12},"end":{"line":193,"column":13}},{"start":{"line":191,"column":12},"end":{"line":193,"column":13}}],"line":191},"10":{"loc":{"start":{"line":194,"column":12},"end":{"line":196,"column":13}},"type":"if","locations":[{"start":{"line":194,"column":12},"end":{"line":196,"column":13}},{"start":{"line":194,"column":12},"end":{"line":196,"column":13}}],"line":194},"11":{"loc":{"start":{"line":197,"column":12},"end":{"line":199,"column":13}},"type":"if","locations":[{"start":{"line":197,"column":12},"end":{"line":199,"column":13}},{"start":{"line":197,"column":12},"end":{"line":199,"column":13}}],"line":197},"12":{"loc":{"start":{"line":214,"column":12},"end":{"line":216,"column":13}},"type":"if","locations":[{"start":{"line":214,"column":12},"end":{"line":216,"column":13}},{"start":{"line":214,"column":12},"end":{"line":216,"column":13}}],"line":214},"13":{"loc":{"start":{"line":230,"column":12},"end":{"line":245,"column":13}},"type":"if","locations":[{"start":{"line":230,"column":12},"end":{"line":245,"column":13}},{"start":{"line":230,"column":12},"end":{"line":245,"column":13}}],"line":230},"14":{"loc":{"start":{"line":231,"column":16},"end":{"line":243,"column":17}},"type":"if","locations":[{"start":{"line":231,"column":16},"end":{"line":243,"column":17}},{"start":{"line":231,"column":16},"end":{"line":243,"column":17}}],"line":231},"15":{"loc":{"start":{"line":236,"column":20},"end":{"line":238,"column":21}},"type":"if","locations":[{"start":{"line":236,"column":20},"end":{"line":238,"column":21}},{"start":{"line":236,"column":20},"end":{"line":238,"column":21}}],"line":236},"16":{"loc":{"start":{"line":258,"column":12},"end":{"line":265,"column":13}},"type":"if","locations":[{"start":{"line":258,"column":12},"end":{"line":265,"column":13}},{"start":{"line":258,"column":12},"end":{"line":265,"column":13}}],"line":258}},"s":{"0":8,"1":8,"2":8,"3":8,"4":8,"5":8,"6":8,"7":8,"8":8,"9":30,"10":30,"11":30,"12":30,"13":28,"14":28,"15":1,"16":27,"17":27,"18":26,"19":26,"20":3,"21":18,"22":18,"23":18,"24":17,"25":1,"26":2,"27":2,"28":1,"29":1,"30":2,"31":2,"32":2,"33":1,"34":1,"35":2,"36":2,"37":2,"38":2,"39":2,"40":2,"41":1,"42":1,"43":1,"44":1,"45":1,"46":1,"47":1,"48":1,"49":1,"50":1,"51":1,"52":1,"53":1,"54":1,"55":1,"56":1,"57":1,"58":0,"59":1,"60":1,"61":0,"62":1,"63":1,"64":1,"65":13,"66":13,"67":13,"68":13,"69":12,"70":12,"71":12,"72":1,"73":11,"74":11,"75":11,"76":11,"77":0,"78":1,"79":1,"80":2,"81":2,"82":2,"83":2,"84":1,"85":1,"86":1,"87":1,"88":1,"89":1,"90":1},"f":{"0":30,"1":18,"2":2,"3":2,"4":2,"5":13,"6":2},"b":{"0":[1,27],"1":[28,27],"2":[2,0],"3":[1,0],"4":[1,0],"5":[1,0],"6":[1,0],"7":[1,0],"8":[1,0],"9":[1,0],"10":[1,0],"11":[0,1],"12":[0,1],"13":[12,1],"14":[12,0],"15":[1,11],"16":[1,1]},"_coverageSchema":"1a1c01bbd47fc00a2c39e90264f33305004495a9","hash":"26c76666f9014fe67917cfd5f7fa6072c6291741"}
,"/app/src/controllers/PsychologyCalendary.js": {"path":"/app/src/controllers/PsychologyCalendary.js","statementMap":{"0":{"start":{"line":1,"column":21},"end":{"line":1,"column":54}},"1":{"start":{"line":3,"column":0},"end":{"line":48,"column":2}},"2":{"start":{"line":5,"column":8},"end":{"line":28,"column":9}},"3":{"start":{"line":6,"column":49},"end":{"line":6,"column":57}},"4":{"start":{"line":7,"column":12},"end":{"line":15,"column":13}},"5":{"start":{"line":8,"column":34},"end":{"line":13,"column":17}},"6":{"start":{"line":14,"column":16},"end":{"line":14,"column":55}},"7":{"start":{"line":16,"column":12},"end":{"line":24,"column":13}},"8":{"start":{"line":17,"column":34},"end":{"line":22,"column":17}},"9":{"start":{"line":23,"column":16},"end":{"line":23,"column":55}},"10":{"start":{"line":25,"column":12},"end":{"line":25,"column":79}},"11":{"start":{"line":27,"column":12},"end":{"line":27,"column":66}},"12":{"start":{"line":31,"column":8},"end":{"line":37,"column":9}},"13":{"start":{"line":32,"column":30},"end":{"line":32,"column":38}},"14":{"start":{"line":33,"column":30},"end":{"line":33,"column":67}},"15":{"start":{"line":34,"column":12},"end":{"line":34,"column":59}},"16":{"start":{"line":36,"column":12},"end":{"line":36,"column":66}},"17":{"start":{"line":40,"column":8},"end":{"line":46,"column":9}},"18":{"start":{"line":41,"column":30},"end":{"line":41,"column":38}},"19":{"start":{"line":42,"column":33},"end":{"line":42,"column":70}},"20":{"start":{"line":43,"column":12},"end":{"line":43,"column":63}},"21":{"start":{"line":45,"column":12},"end":{"line":45,"column":66}}},"fnMap":{"0":{"name":"(anonymous_0)","decl":{"start":{"line":4,"column":4},"end":{"line":4,"column":5}},"loc":{"start":{"line":4,"column":27},"end":{"line":29,"column":5}},"line":4},"1":{"name":"(anonymous_1)","decl":{"start":{"line":30,"column":4},"end":{"line":30,"column":5}},"loc":{"start":{"line":30,"column":26},"end":{"line":38,"column":5}},"line":30},"2":{"name":"(anonymous_2)","decl":{"start":{"line":39,"column":4},"end":{"line":39,"column":5}},"loc":{"start":{"line":39,"column":25},"end":{"line":47,"column":5}},"line":39}},"branchMap":{"0":{"loc":{"start":{"line":7,"column":12},"end":{"line":15,"column":13}},"type":"if","locations":[{"start":{"line":7,"column":12},"end":{"line":15,"column":13}},{"start":{"line":7,"column":12},"end":{"line":15,"column":13}}],"line":7},"1":{"loc":{"start":{"line":16,"column":12},"end":{"line":24,"column":13}},"type":"if","locations":[{"start":{"line":16,"column":12},"end":{"line":24,"column":13}},{"start":{"line":16,"column":12},"end":{"line":24,"column":13}}],"line":16}},"s":{"0":8,"1":8,"2":3,"3":3,"4":3,"5":1,"6":1,"7":2,"8":1,"9":1,"10":1,"11":0,"12":1,"13":1,"14":1,"15":1,"16":0,"17":2,"18":2,"19":2,"20":2,"21":1},"f":{"0":3,"1":1,"2":2},"b":{"0":[1,2],"1":[1,1]},"_coverageSchema":"1a1c01bbd47fc00a2c39e90264f33305004495a9","hash":"1ea26466b66ed98c95f149afaf9171d64c0ec0af"}
,"/app/src/controllers/SessionController.js": {"path":"/app/src/controllers/SessionController.js","statementMap":{"0":{"start":{"line":1,"column":16},"end":{"line":1,"column":44}},"1":{"start":{"line":2,"column":20},"end":{"line":2,"column":52}},"2":{"start":{"line":4,"column":0},"end":{"line":135,"column":2}},"3":{"start":{"line":6,"column":8},"end":{"line":40,"column":9}},"4":{"start":{"line":7,"column":30},"end":{"line":7,"column":38}},"5":{"start":{"line":15,"column":16},"end":{"line":15,"column":24}},"6":{"start":{"line":17,"column":25},"end":{"line":17,"column":61}},"7":{"start":{"line":18,"column":12},"end":{"line":33,"column":13}},"8":{"start":{"line":19,"column":32},"end":{"line":25,"column":18}},"9":{"start":{"line":26,"column":40},"end":{"line":26,"column":53}},"10":{"start":{"line":27,"column":16},"end":{"line":27,"column":49}},"11":{"start":{"line":28,"column":16},"end":{"line":31,"column":18}},"12":{"start":{"line":32,"column":16},"end":{"line":32,"column":50}},"13":{"start":{"line":34,"column":12},"end":{"line":36,"column":13}},"14":{"start":{"line":35,"column":16},"end":{"line":35,"column":80}},"15":{"start":{"line":37,"column":12},"end":{"line":37,"column":79}},"16":{"start":{"line":39,"column":12},"end":{"line":39,"column":64}},"17":{"start":{"line":44,"column":8},"end":{"line":60,"column":9}},"18":{"start":{"line":45,"column":30},"end":{"line":45,"column":40}},"19":{"start":{"line":47,"column":25},"end":{"line":47,"column":61}},"20":{"start":{"line":48,"column":12},"end":{"line":56,"column":13}},"21":{"start":{"line":49,"column":36},"end":{"line":49,"column":49}},"22":{"start":{"line":50,"column":33},"end":{"line":54,"column":18}},"23":{"start":{"line":55,"column":16},"end":{"line":55,"column":54}},"24":{"start":{"line":57,"column":12},"end":{"line":57,"column":79}},"25":{"start":{"line":59,"column":12},"end":{"line":59,"column":64}},"26":{"start":{"line":64,"column":8},"end":{"line":82,"column":9}},"27":{"start":{"line":65,"column":30},"end":{"line":65,"column":40}},"28":{"start":{"line":67,"column":25},"end":{"line":67,"column":61}},"29":{"start":{"line":69,"column":12},"end":{"line":77,"column":13}},"30":{"start":{"line":70,"column":36},"end":{"line":70,"column":65}},"31":{"start":{"line":71,"column":33},"end":{"line":75,"column":18}},"32":{"start":{"line":76,"column":16},"end":{"line":76,"column":54}},"33":{"start":{"line":79,"column":12},"end":{"line":79,"column":79}},"34":{"start":{"line":81,"column":12},"end":{"line":81,"column":64}},"35":{"start":{"line":86,"column":8},"end":{"line":109,"column":9}},"36":{"start":{"line":94,"column":16},"end":{"line":94,"column":24}},"37":{"start":{"line":96,"column":12},"end":{"line":102,"column":15}},"38":{"start":{"line":104,"column":28},"end":{"line":104,"column":54}},"39":{"start":{"line":106,"column":12},"end":{"line":106,"column":49}},"40":{"start":{"line":108,"column":12},"end":{"line":108,"column":64}},"41":{"start":{"line":113,"column":8},"end":{"line":133,"column":9}},"42":{"start":{"line":114,"column":30},"end":{"line":114,"column":40}},"43":{"start":{"line":116,"column":25},"end":{"line":116,"column":61}},"44":{"start":{"line":118,"column":27},"end":{"line":118,"column":35}},"45":{"start":{"line":120,"column":12},"end":{"line":129,"column":13}},"46":{"start":{"line":121,"column":32},"end":{"line":121,"column":58}},"47":{"start":{"line":122,"column":16},"end":{"line":122,"column":52}},"48":{"start":{"line":124,"column":30},"end":{"line":124,"column":55}},"49":{"start":{"line":125,"column":16},"end":{"line":125,"column":47}},"50":{"start":{"line":126,"column":16},"end":{"line":126,"column":28}},"51":{"start":{"line":128,"column":16},"end":{"line":128,"column":53}},"52":{"start":{"line":130,"column":12},"end":{"line":130,"column":79}},"53":{"start":{"line":132,"column":12},"end":{"line":132,"column":66}}},"fnMap":{"0":{"name":"(anonymous_0)","decl":{"start":{"line":5,"column":4},"end":{"line":5,"column":5}},"loc":{"start":{"line":5,"column":26},"end":{"line":41,"column":5}},"line":5},"1":{"name":"(anonymous_1)","decl":{"start":{"line":43,"column":4},"end":{"line":43,"column":5}},"loc":{"start":{"line":43,"column":26},"end":{"line":61,"column":5}},"line":43},"2":{"name":"(anonymous_2)","decl":{"start":{"line":63,"column":4},"end":{"line":63,"column":5}},"loc":{"start":{"line":63,"column":25},"end":{"line":83,"column":5}},"line":63},"3":{"name":"(anonymous_3)","decl":{"start":{"line":85,"column":4},"end":{"line":85,"column":5}},"loc":{"start":{"line":85,"column":27},"end":{"line":110,"column":5}},"line":85},"4":{"name":"(anonymous_4)","decl":{"start":{"line":112,"column":4},"end":{"line":112,"column":5}},"loc":{"start":{"line":112,"column":28},"end":{"line":134,"column":5}},"line":112}},"branchMap":{"0":{"loc":{"start":{"line":18,"column":12},"end":{"line":33,"column":13}},"type":"if","locations":[{"start":{"line":18,"column":12},"end":{"line":33,"column":13}},{"start":{"line":18,"column":12},"end":{"line":33,"column":13}}],"line":18},"1":{"loc":{"start":{"line":18,"column":16},"end":{"line":18,"column":28}},"type":"binary-expr","locations":[{"start":{"line":18,"column":16},"end":{"line":18,"column":20}},{"start":{"line":18,"column":24},"end":{"line":18,"column":28}}],"line":18},"2":{"loc":{"start":{"line":34,"column":12},"end":{"line":36,"column":13}},"type":"if","locations":[{"start":{"line":34,"column":12},"end":{"line":36,"column":13}},{"start":{"line":34,"column":12},"end":{"line":36,"column":13}}],"line":34},"3":{"loc":{"start":{"line":48,"column":12},"end":{"line":56,"column":13}},"type":"if","locations":[{"start":{"line":48,"column":12},"end":{"line":56,"column":13}},{"start":{"line":48,"column":12},"end":{"line":56,"column":13}}],"line":48},"4":{"loc":{"start":{"line":69,"column":12},"end":{"line":77,"column":13}},"type":"if","locations":[{"start":{"line":69,"column":12},"end":{"line":77,"column":13}},{"start":{"line":69,"column":12},"end":{"line":77,"column":13}}],"line":69},"5":{"loc":{"start":{"line":120,"column":12},"end":{"line":129,"column":13}},"type":"if","locations":[{"start":{"line":120,"column":12},"end":{"line":129,"column":13}},{"start":{"line":120,"column":12},"end":{"line":129,"column":13}}],"line":120}},"s":{"0":8,"1":8,"2":8,"3":7,"4":7,"5":7,"6":7,"7":7,"8":6,"9":5,"10":5,"11":5,"12":5,"13":1,"14":0,"15":1,"16":1,"17":2,"18":2,"19":2,"20":2,"21":1,"22":1,"23":1,"24":1,"25":0,"26":2,"27":2,"28":2,"29":2,"30":1,"31":1,"32":1,"33":1,"34":0,"35":1,"36":1,"37":1,"38":0,"39":0,"40":1,"41":2,"42":2,"43":2,"44":2,"45":2,"46":1,"47":1,"48":1,"49":1,"50":1,"51":1,"52":1,"53":0},"f":{"0":7,"1":2,"2":2,"3":1,"4":2},"b":{"0":[6,1],"1":[7,6],"2":[0,1],"3":[1,1],"4":[1,1],"5":[1,1]},"_coverageSchema":"1a1c01bbd47fc00a2c39e90264f33305004495a9","hash":"2098162f0061321d6469dda88234290e91498697"}
,"/app/src/controllers/WaitingListController.js": {"path":"/app/src/controllers/WaitingListController.js","statementMap":{"0":{"start":{"line":1,"column":20},"end":{"line":1,"column":52}},"1":{"start":{"line":2,"column":29},"end":{"line":2,"column":67}},"2":{"start":{"line":4,"column":0},"end":{"line":46,"column":2}},"3":{"start":{"line":6,"column":8},"end":{"line":22,"column":9}},"4":{"start":{"line":10,"column":16},"end":{"line":10,"column":24}},"5":{"start":{"line":12,"column":32},"end":{"line":15,"column":14}},"6":{"start":{"line":16,"column":23},"end":{"line":16,"column":81}},"7":{"start":{"line":17,"column":29},"end":{"line":17,"column":89}},"8":{"start":{"line":17,"column":51},"end":{"line":17,"column":84}},"9":{"start":{"line":18,"column":12},"end":{"line":18,"column":75}},"10":{"start":{"line":19,"column":12},"end":{"line":19,"column":53}},"11":{"start":{"line":21,"column":12},"end":{"line":21,"column":64}},"12":{"start":{"line":26,"column":8},"end":{"line":32,"column":9}},"13":{"start":{"line":27,"column":33},"end":{"line":27,"column":91}},"14":{"start":{"line":29,"column":12},"end":{"line":29,"column":54}},"15":{"start":{"line":31,"column":12},"end":{"line":31,"column":64}},"16":{"start":{"line":36,"column":8},"end":{"line":44,"column":9}},"17":{"start":{"line":37,"column":30},"end":{"line":37,"column":40}},"18":{"start":{"line":39,"column":12},"end":{"line":39,"column":65}},"19":{"start":{"line":41,"column":12},"end":{"line":41,"column":42}},"20":{"start":{"line":43,"column":12},"end":{"line":43,"column":66}}},"fnMap":{"0":{"name":"(anonymous_0)","decl":{"start":{"line":5,"column":4},"end":{"line":5,"column":5}},"loc":{"start":{"line":5,"column":26},"end":{"line":23,"column":5}},"line":5},"1":{"name":"(anonymous_1)","decl":{"start":{"line":17,"column":42},"end":{"line":17,"column":43}},"loc":{"start":{"line":17,"column":51},"end":{"line":17,"column":84}},"line":17},"2":{"name":"(anonymous_2)","decl":{"start":{"line":25,"column":4},"end":{"line":25,"column":5}},"loc":{"start":{"line":25,"column":26},"end":{"line":33,"column":5}},"line":25},"3":{"name":"(anonymous_3)","decl":{"start":{"line":35,"column":4},"end":{"line":35,"column":5}},"loc":{"start":{"line":35,"column":28},"end":{"line":45,"column":5}},"line":35}},"branchMap":{},"s":{"0":8,"1":8,"2":8,"3":4,"4":4,"5":4,"6":2,"7":2,"8":2,"9":2,"10":2,"11":2,"12":1,"13":1,"14":1,"15":0,"16":1,"17":1,"18":1,"19":1,"20":0},"f":{"0":4,"1":2,"2":1,"3":1},"b":{},"_coverageSchema":"1a1c01bbd47fc00a2c39e90264f33305004495a9","hash":"1ea48617728802f55ed7921be2976230abcd1669"}
,"/app/src/middlewares/isAdmin.js": {"path":"/app/src/middlewares/isAdmin.js","statementMap":{"0":{"start":{"line":1,"column":14},"end":{"line":1,"column":40}},"1":{"start":{"line":2,"column":20},"end":{"line":2,"column":52}},"2":{"start":{"line":3,"column":21},"end":{"line":3,"column":54}},"3":{"start":{"line":5,"column":0},"end":{"line":22,"column":2}},"4":{"start":{"line":6,"column":18},"end":{"line":6,"column":31}},"5":{"start":{"line":7,"column":15},"end":{"line":7,"column":45}},"6":{"start":{"line":8,"column":4},"end":{"line":13,"column":5}},"7":{"start":{"line":9,"column":8},"end":{"line":9,"column":52}},"8":{"start":{"line":10,"column":8},"end":{"line":12,"column":9}},"9":{"start":{"line":11,"column":12},"end":{"line":11,"column":57}},"10":{"start":{"line":14,"column":4},"end":{"line":20,"column":5}},"11":{"start":{"line":15,"column":8},"end":{"line":17,"column":9}},"12":{"start":{"line":16,"column":12},"end":{"line":16,"column":77}},"13":{"start":{"line":19,"column":8},"end":{"line":19,"column":91}},"14":{"start":{"line":21,"column":4},"end":{"line":21,"column":18}}},"fnMap":{"0":{"name":"(anonymous_0)","decl":{"start":{"line":5,"column":17},"end":{"line":5,"column":18}},"loc":{"start":{"line":5,"column":43},"end":{"line":22,"column":1}},"line":5}},"branchMap":{"0":{"loc":{"start":{"line":8,"column":4},"end":{"line":13,"column":5}},"type":"if","locations":[{"start":{"line":8,"column":4},"end":{"line":13,"column":5}},{"start":{"line":8,"column":4},"end":{"line":13,"column":5}}],"line":8},"1":{"loc":{"start":{"line":10,"column":8},"end":{"line":12,"column":9}},"type":"if","locations":[{"start":{"line":10,"column":8},"end":{"line":12,"column":9}},{"start":{"line":10,"column":8},"end":{"line":12,"column":9}}],"line":10},"2":{"loc":{"start":{"line":15,"column":8},"end":{"line":17,"column":9}},"type":"if","locations":[{"start":{"line":15,"column":8},"end":{"line":17,"column":9}},{"start":{"line":15,"column":8},"end":{"line":17,"column":9}}],"line":15}},"s":{"0":8,"1":8,"2":8,"3":8,"4":34,"5":34,"6":34,"7":2,"8":1,"9":0,"10":33,"11":33,"12":1,"13":0,"14":32},"f":{"0":34},"b":{"0":[2,32],"1":[0,1],"2":[1,32]},"_coverageSchema":"1a1c01bbd47fc00a2c39e90264f33305004495a9","hash":"5a56997b2399151e8c9cbf05e6ef9ccfd94fe4eb"}
,"/app/src/middlewares/isPatient.js": {"path":"/app/src/middlewares/isPatient.js","statementMap":{"0":{"start":{"line":1,"column":14},"end":{"line":1,"column":40}},"1":{"start":{"line":2,"column":20},"end":{"line":2,"column":52}},"2":{"start":{"line":3,"column":21},"end":{"line":3,"column":54}},"3":{"start":{"line":5,"column":0},"end":{"line":22,"column":2}},"4":{"start":{"line":6,"column":18},"end":{"line":6,"column":31}},"5":{"start":{"line":7,"column":15},"end":{"line":7,"column":51}},"6":{"start":{"line":8,"column":4},"end":{"line":13,"column":5}},"7":{"start":{"line":9,"column":8},"end":{"line":9,"column":53}},"8":{"start":{"line":10,"column":8},"end":{"line":12,"column":9}},"9":{"start":{"line":11,"column":12},"end":{"line":11,"column":50}},"10":{"start":{"line":14,"column":4},"end":{"line":20,"column":5}},"11":{"start":{"line":15,"column":8},"end":{"line":17,"column":9}},"12":{"start":{"line":16,"column":12},"end":{"line":16,"column":84}},"13":{"start":{"line":19,"column":8},"end":{"line":19,"column":91}},"14":{"start":{"line":21,"column":4},"end":{"line":21,"column":18}}},"fnMap":{"0":{"name":"(anonymous_0)","decl":{"start":{"line":5,"column":17},"end":{"line":5,"column":18}},"loc":{"start":{"line":5,"column":43},"end":{"line":22,"column":1}},"line":5}},"branchMap":{"0":{"loc":{"start":{"line":8,"column":4},"end":{"line":13,"column":5}},"type":"if","locations":[{"start":{"line":8,"column":4},"end":{"line":13,"column":5}},{"start":{"line":8,"column":4},"end":{"line":13,"column":5}}],"line":8},"1":{"loc":{"start":{"line":10,"column":8},"end":{"line":12,"column":9}},"type":"if","locations":[{"start":{"line":10,"column":8},"end":{"line":12,"column":9}},{"start":{"line":10,"column":8},"end":{"line":12,"column":9}}],"line":10},"2":{"loc":{"start":{"line":15,"column":8},"end":{"line":17,"column":9}},"type":"if","locations":[{"start":{"line":15,"column":8},"end":{"line":17,"column":9}},{"start":{"line":15,"column":8},"end":{"line":17,"column":9}}],"line":15},"3":{"loc":{"start":{"line":15,"column":12},"end":{"line":15,"column":54}},"type":"binary-expr","locations":[{"start":{"line":15,"column":12},"end":{"line":15,"column":40}},{"start":{"line":15,"column":44},"end":{"line":15,"column":54}}],"line":15}},"s":{"0":8,"1":8,"2":8,"3":8,"4":20,"5":20,"6":19,"7":1,"8":1,"9":1,"10":19,"11":19,"12":1,"13":0,"14":18},"f":{"0":20},"b":{"0":[1,18],"1":[1,0],"2":[1,18],"3":[19,19]},"_coverageSchema":"1a1c01bbd47fc00a2c39e90264f33305004495a9","hash":"8186231e486accd0dc6419c8386c283630caabc1"}
,"/app/src/middlewares/isPsychologist.js": {"path":"/app/src/middlewares/isPsychologist.js","statementMap":{"0":{"start":{"line":1,"column":14},"end":{"line":1,"column":40}},"1":{"start":{"line":2,"column":20},"end":{"line":2,"column":52}},"2":{"start":{"line":3,"column":21},"end":{"line":3,"column":54}},"3":{"start":{"line":5,"column":0},"end":{"line":23,"column":2}},"4":{"start":{"line":6,"column":18},"end":{"line":6,"column":31}},"5":{"start":{"line":7,"column":15},"end":{"line":7,"column":52}},"6":{"start":{"line":8,"column":4},"end":{"line":13,"column":5}},"7":{"start":{"line":9,"column":8},"end":{"line":9,"column":52}},"8":{"start":{"line":10,"column":8},"end":{"line":12,"column":9}},"9":{"start":{"line":11,"column":12},"end":{"line":11,"column":50}},"10":{"start":{"line":14,"column":4},"end":{"line":21,"column":5}},"11":{"start":{"line":15,"column":8},"end":{"line":18,"column":9}},"12":{"start":{"line":17,"column":12},"end":{"line":17,"column":109}},"13":{"start":{"line":20,"column":8},"end":{"line":20,"column":91}},"14":{"start":{"line":22,"column":4},"end":{"line":22,"column":18}}},"fnMap":{"0":{"name":"(anonymous_0)","decl":{"start":{"line":5,"column":17},"end":{"line":5,"column":18}},"loc":{"start":{"line":5,"column":43},"end":{"line":23,"column":1}},"line":5}},"branchMap":{"0":{"loc":{"start":{"line":8,"column":4},"end":{"line":13,"column":5}},"type":"if","locations":[{"start":{"line":8,"column":4},"end":{"line":13,"column":5}},{"start":{"line":8,"column":4},"end":{"line":13,"column":5}}],"line":8},"1":{"loc":{"start":{"line":10,"column":8},"end":{"line":12,"column":9}},"type":"if","locations":[{"start":{"line":10,"column":8},"end":{"line":12,"column":9}},{"start":{"line":10,"column":8},"end":{"line":12,"column":9}}],"line":10},"2":{"loc":{"start":{"line":15,"column":8},"end":{"line":18,"column":9}},"type":"if","locations":[{"start":{"line":15,"column":8},"end":{"line":18,"column":9}},{"start":{"line":15,"column":8},"end":{"line":18,"column":9}}],"line":15},"3":{"loc":{"start":{"line":15,"column":12},"end":{"line":16,"column":63}},"type":"binary-expr","locations":[{"start":{"line":15,"column":13},"end":{"line":15,"column":38}},{"start":{"line":15,"column":42},"end":{"line":15,"column":71}},{"start":{"line":16,"column":15},"end":{"line":16,"column":48}},{"start":{"line":16,"column":53},"end":{"line":16,"column":63}}],"line":15}},"s":{"0":8,"1":8,"2":8,"3":8,"4":17,"5":17,"6":17,"7":1,"8":1,"9":1,"10":17,"11":17,"12":1,"13":0,"14":16},"f":{"0":17},"b":{"0":[1,16],"1":[1,0],"2":[1,16],"3":[17,1,1,16]},"_coverageSchema":"1a1c01bbd47fc00a2c39e90264f33305004495a9","hash":"2de932a18a58e2b9b0b311c887272bd7c5bff8c1"}
,"/app/src/middlewares/verifyToken.js": {"path":"/app/src/middlewares/verifyToken.js","statementMap":{"0":{"start":{"line":3,"column":12},"end":{"line":3,"column":35}},"1":{"start":{"line":4,"column":19},"end":{"line":4,"column":51}},"2":{"start":{"line":6,"column":0},"end":{"line":21,"column":2}},"3":{"start":{"line":7,"column":23},"end":{"line":7,"column":48}},"4":{"start":{"line":8,"column":4},"end":{"line":20,"column":5}},"5":{"start":{"line":9,"column":8},"end":{"line":11,"column":9}},"6":{"start":{"line":10,"column":12},"end":{"line":10,"column":72}},"7":{"start":{"line":13,"column":8},"end":{"line":17,"column":11}},"8":{"start":{"line":14,"column":12},"end":{"line":14,"column":77}},"9":{"start":{"line":14,"column":21},"end":{"line":14,"column":77}},"10":{"start":{"line":15,"column":12},"end":{"line":15,"column":42}},"11":{"start":{"line":16,"column":12},"end":{"line":16,"column":26}},"12":{"start":{"line":19,"column":8},"end":{"line":19,"column":91}}},"fnMap":{"0":{"name":"(anonymous_0)","decl":{"start":{"line":6,"column":17},"end":{"line":6,"column":18}},"loc":{"start":{"line":6,"column":43},"end":{"line":21,"column":1}},"line":6},"1":{"name":"(anonymous_1)","decl":{"start":{"line":13,"column":50},"end":{"line":13,"column":51}},"loc":{"start":{"line":13,"column":68},"end":{"line":17,"column":9}},"line":13}},"branchMap":{"0":{"loc":{"start":{"line":9,"column":8},"end":{"line":11,"column":9}},"type":"if","locations":[{"start":{"line":9,"column":8},"end":{"line":11,"column":9}},{"start":{"line":9,"column":8},"end":{"line":11,"column":9}}],"line":9},"1":{"loc":{"start":{"line":14,"column":12},"end":{"line":14,"column":77}},"type":"if","locations":[{"start":{"line":14,"column":12},"end":{"line":14,"column":77}},{"start":{"line":14,"column":12},"end":{"line":14,"column":77}}],"line":14}},"s":{"0":8,"1":8,"2":8,"3":122,"4":122,"5":122,"6":1,"7":121,"8":121,"9":1,"10":120,"11":120,"12":0},"f":{"0":122,"1":121},"b":{"0":[1,121],"1":[1,120]},"_coverageSchema":"1a1c01bbd47fc00a2c39e90264f33305004495a9","hash":"42099a1cea5a41e670c1f94307963ab83cb01f32"}
,"/app/src/models/Admin.js": {"path":"/app/src/models/Admin.js","statementMap":{"0":{"start":{"line":1,"column":17},"end":{"line":1,"column":36}},"1":{"start":{"line":3,"column":20},"end":{"line":17,"column":2}},"2":{"start":{"line":19,"column":0},"end":{"line":19,"column":54}}},"fnMap":{},"branchMap":{},"s":{"0":8,"1":8,"2":8},"f":{},"b":{},"_coverageSchema":"1a1c01bbd47fc00a2c39e90264f33305004495a9","hash":"04cdac33c4a28298d1fd6ad9b99b0ef2f8310590"}
,"/app/src/models/Psychologist.js": {"path":"/app/src/models/Psychologist.js","statementMap":{"0":{"start":{"line":2,"column":17},"end":{"line":2,"column":36}},"1":{"start":{"line":4,"column":27},"end":{"line":66,"column":2}},"2":{"start":{"line":68,"column":0},"end":{"line":68,"column":68}}},"fnMap":{},"branchMap":{},"s":{"0":8,"1":8,"2":8},"f":{},"b":{},"_coverageSchema":"1a1c01bbd47fc00a2c39e90264f33305004495a9","hash":"b5b736302a5b27072e75e1cb634f6afa77736ad9"}
,"/app/src/models/Session.js": {"path":"/app/src/models/Session.js","statementMap":{"0":{"start":{"line":1,"column":17},"end":{"line":1,"column":36}},"1":{"start":{"line":3,"column":22},"end":{"line":29,"column":2}},"2":{"start":{"line":31,"column":0},"end":{"line":31,"column":58}}},"fnMap":{},"branchMap":{},"s":{"0":8,"1":8,"2":8},"f":{},"b":{},"_coverageSchema":"1a1c01bbd47fc00a2c39e90264f33305004495a9","hash":"a3e6601c981006b0e355958725e1f3b1b9861739"}
,"/app/src/models/UserPatient.js": {"path":"/app/src/models/UserPatient.js","statementMap":{"0":{"start":{"line":1,"column":17},"end":{"line":1,"column":36}},"1":{"start":{"line":3,"column":26},"end":{"line":150,"column":1}},"2":{"start":{"line":152,"column":0},"end":{"line":152,"column":66}}},"fnMap":{},"branchMap":{},"s":{"0":8,"1":8,"2":8},"f":{},"b":{},"_coverageSchema":"1a1c01bbd47fc00a2c39e90264f33305004495a9","hash":"b836b3a07025f13350464269270015ddeb78c545"}
,"/app/src/models/WaitingList.js": {"path":"/app/src/models/WaitingList.js","statementMap":{"0":{"start":{"line":1,"column":17},"end":{"line":1,"column":36}},"1":{"start":{"line":3,"column":26},"end":{"line":12,"column":24}},"2":{"start":{"line":14,"column":0},"end":{"line":14,"column":66}}},"fnMap":{},"branchMap":{},"s":{"0":8,"1":8,"2":8},"f":{},"b":{},"_coverageSchema":"1a1c01bbd47fc00a2c39e90264f33305004495a9","hash":"b51eb5a17ee3c8be1e908baa5064230b85e09672"}
}
