{"/Users/danielmaike/Work/Personal/UnB/EPS/2020.1-eSaudeUnB-BackEnd/src/routes.js": {"path":"/Users/danielmaike/Work/Personal/UnB/EPS/2020.1-eSaudeUnB-BackEnd/src/routes.js","statementMap":{"0":{"start":{"line":1,"column":16},"end":{"line":1,"column":34}},"1":{"start":{"line":2,"column":24},"end":{"line":2,"column":64}},"2":{"start":{"line":3,"column":26},"end":{"line":3,"column":68}},"3":{"start":{"line":4,"column":24},"end":{"line":4,"column":64}},"4":{"start":{"line":5,"column":31},"end":{"line":5,"column":78}},"5":{"start":{"line":6,"column":28},"end":{"line":6,"column":72}},"6":{"start":{"line":7,"column":26},"end":{"line":7,"column":68}},"7":{"start":{"line":9,"column":20},"end":{"line":9,"column":56}},"8":{"start":{"line":10,"column":18},"end":{"line":10,"column":52}},"9":{"start":{"line":11,"column":23},"end":{"line":11,"column":62}},"10":{"start":{"line":12,"column":16},"end":{"line":12,"column":48}},"11":{"start":{"line":13,"column":30},"end":{"line":13,"column":76}},"12":{"start":{"line":15,"column":15},"end":{"line":15,"column":31}},"13":{"start":{"line":18,"column":0},"end":{"line":18,"column":61}},"14":{"start":{"line":19,"column":0},"end":{"line":19,"column":66}},"15":{"start":{"line":20,"column":0},"end":{"line":20,"column":47}},"16":{"start":{"line":21,"column":0},"end":{"line":21,"column":50}},"17":{"start":{"line":22,"column":0},"end":{"line":22,"column":79}},"18":{"start":{"line":23,"column":0},"end":{"line":23,"column":96}},"19":{"start":{"line":24,"column":0},"end":{"line":24,"column":71}},"20":{"start":{"line":25,"column":0},"end":{"line":25,"column":85}},"21":{"start":{"line":27,"column":0},"end":{"line":27,"column":56}},"22":{"start":{"line":28,"column":0},"end":{"line":28,"column":60}},"23":{"start":{"line":31,"column":0},"end":{"line":31,"column":45}},"24":{"start":{"line":32,"column":0},"end":{"line":32,"column":50}},"25":{"start":{"line":35,"column":0},"end":{"line":35,"column":80}},"26":{"start":{"line":36,"column":0},"end":{"line":36,"column":85}},"27":{"start":{"line":37,"column":0},"end":{"line":37,"column":87}},"28":{"start":{"line":38,"column":0},"end":{"line":38,"column":80}},"29":{"start":{"line":39,"column":0},"end":{"line":39,"column":91}},"30":{"start":{"line":42,"column":0},"end":{"line":42,"column":83}},"31":{"start":{"line":43,"column":0},"end":{"line":43,"column":94}},"32":{"start":{"line":44,"column":0},"end":{"line":44,"column":76}},"33":{"start":{"line":45,"column":0},"end":{"line":45,"column":76}},"34":{"start":{"line":46,"column":0},"end":{"line":46,"column":77}},"35":{"start":{"line":47,"column":0},"end":{"line":47,"column":94}},"36":{"start":{"line":48,"column":0},"end":{"line":48,"column":94}},"37":{"start":{"line":49,"column":0},"end":{"line":49,"column":75}},"38":{"start":{"line":50,"column":0},"end":{"line":50,"column":74}},"39":{"start":{"line":51,"column":0},"end":{"line":55,"column":2}},"40":{"start":{"line":58,"column":0},"end":{"line":58,"column":71}},"41":{"start":{"line":59,"column":0},"end":{"line":59,"column":72}},"42":{"start":{"line":60,"column":0},"end":{"line":60,"column":83}},"43":{"start":{"line":62,"column":0},"end":{"line":62,"column":24}}},"fnMap":{},"branchMap":{},"s":{"0":7,"1":7,"2":7,"3":7,"4":7,"5":7,"6":7,"7":7,"8":7,"9":7,"10":7,"11":7,"12":7,"13":7,"14":7,"15":7,"16":7,"17":7,"18":7,"19":7,"20":7,"21":7,"22":7,"23":7,"24":7,"25":7,"26":7,"27":7,"28":7,"29":7,"30":7,"31":7,"32":7,"33":7,"34":7,"35":7,"36":7,"37":7,"38":7,"39":7,"40":7,"41":7,"42":7,"43":7},"f":{},"b":{},"_coverageSchema":"1a1c01bbd47fc00a2c39e90264f33305004495a9","hash":"933a533f3edafed4f5fb583a64a7f6f98eff2844"}
,"/Users/danielmaike/Work/Personal/UnB/EPS/2020.1-eSaudeUnB-BackEnd/src/server.js": {"path":"/Users/danielmaike/Work/Personal/UnB/EPS/2020.1-eSaudeUnB-BackEnd/src/server.js","statementMap":{"0":{"start":{"line":1,"column":16},"end":{"line":1,"column":34}},"1":{"start":{"line":2,"column":13},"end":{"line":2,"column":28}},"2":{"start":{"line":3,"column":15},"end":{"line":3,"column":34}},"3":{"start":{"line":5,"column":12},"end":{"line":5,"column":21}},"4":{"start":{"line":7,"column":0},"end":{"line":7,"column":42}},"5":{"start":{"line":8,"column":0},"end":{"line":8,"column":65}},"6":{"start":{"line":9,"column":0},"end":{"line":9,"column":16}},"7":{"start":{"line":10,"column":0},"end":{"line":10,"column":24}},"8":{"start":{"line":11,"column":0},"end":{"line":11,"column":16}},"9":{"start":{"line":13,"column":0},"end":{"line":13,"column":21}}},"fnMap":{},"branchMap":{},"s":{"0":7,"1":7,"2":7,"3":7,"4":7,"5":7,"6":7,"7":7,"8":7,"9":7},"f":{},"b":{},"_coverageSchema":"1a1c01bbd47fc00a2c39e90264f33305004495a9","hash":"237975d48f369ad4faaf03a33ee239f81e52510b"}
,"/Users/danielmaike/Work/Personal/UnB/EPS/2020.1-eSaudeUnB-BackEnd/src/config/ForgetPassword_email.js": {"path":"/Users/danielmaike/Work/Personal/UnB/EPS/2020.1-eSaudeUnB-BackEnd/src/config/ForgetPassword_email.js","statementMap":{"0":{"start":{"line":1,"column":20},"end":{"line":1,"column":45}},"1":{"start":{"line":3,"column":0},"end":{"line":63,"column":2}},"2":{"start":{"line":5,"column":8},"end":{"line":61,"column":11}}},"fnMap":{"0":{"name":"(anonymous_0)","decl":{"start":{"line":4,"column":4},"end":{"line":4,"column":5}},"loc":{"start":{"line":4,"column":39},"end":{"line":62,"column":5}},"line":4}},"branchMap":{},"s":{"0":7,"1":7,"2":0},"f":{"0":0},"b":{},"_coverageSchema":"1a1c01bbd47fc00a2c39e90264f33305004495a9","hash":"9d05aab98312a99003b15b92a2d5f01108f0235c"}
,"/Users/danielmaike/Work/Personal/UnB/EPS/2020.1-eSaudeUnB-BackEnd/src/config/Patient_email.js": {"path":"/Users/danielmaike/Work/Personal/UnB/EPS/2020.1-eSaudeUnB-BackEnd/src/config/Patient_email.js","statementMap":{"0":{"start":{"line":1,"column":20},"end":{"line":1,"column":45}},"1":{"start":{"line":3,"column":0},"end":{"line":35,"column":2}},"2":{"start":{"line":5,"column":8},"end":{"line":33,"column":11}}},"fnMap":{"0":{"name":"(anonymous_0)","decl":{"start":{"line":4,"column":4},"end":{"line":4,"column":5}},"loc":{"start":{"line":4,"column":29},"end":{"line":34,"column":5}},"line":4}},"branchMap":{},"s":{"0":7,"1":7,"2":1},"f":{"0":1},"b":{},"_coverageSchema":"1a1c01bbd47fc00a2c39e90264f33305004495a9","hash":"3ee20c03c04f9044c0e4ed037ecc55f8943e39e1"}
,"/Users/danielmaike/Work/Personal/UnB/EPS/2020.1-eSaudeUnB-BackEnd/src/config/Psychologist_email.js": {"path":"/Users/danielmaike/Work/Personal/UnB/EPS/2020.1-eSaudeUnB-BackEnd/src/config/Psychologist_email.js","statementMap":{"0":{"start":{"line":1,"column":20},"end":{"line":1,"column":45}},"1":{"start":{"line":3,"column":0},"end":{"line":42,"column":2}},"2":{"start":{"line":5,"column":8},"end":{"line":40,"column":11}}},"fnMap":{"0":{"name":"(anonymous_0)","decl":{"start":{"line":4,"column":4},"end":{"line":4,"column":5}},"loc":{"start":{"line":4,"column":33},"end":{"line":41,"column":5}},"line":4}},"branchMap":{},"s":{"0":7,"1":7,"2":0},"f":{"0":0},"b":{},"_coverageSchema":"1a1c01bbd47fc00a2c39e90264f33305004495a9","hash":"9bd410c4d6e7481fa95650094d23332cfc4f522c"}
,"/Users/danielmaike/Work/Personal/UnB/EPS/2020.1-eSaudeUnB-BackEnd/src/config/auth.config.js": {"path":"/Users/danielmaike/Work/Personal/UnB/EPS/2020.1-eSaudeUnB-BackEnd/src/config/auth.config.js","statementMap":{"0":{"start":{"line":1,"column":0},"end":{"line":3,"column":2}}},"fnMap":{},"branchMap":{},"s":{"0":7},"f":{},"b":{},"_coverageSchema":"1a1c01bbd47fc00a2c39e90264f33305004495a9","hash":"0e1c68820c66e23c3c8501c0278bc776803a7547"}
,"/Users/danielmaike/Work/Personal/UnB/EPS/2020.1-eSaudeUnB-BackEnd/src/config/email.config.js": {"path":"/Users/danielmaike/Work/Personal/UnB/EPS/2020.1-eSaudeUnB-BackEnd/src/config/email.config.js","statementMap":{"0":{"start":{"line":1,"column":19},"end":{"line":1,"column":40}},"1":{"start":{"line":3,"column":20},"end":{"line":11,"column":2}},"2":{"start":{"line":13,"column":0},"end":{"line":13,"column":29}}},"fnMap":{},"branchMap":{},"s":{"0":7,"1":7,"2":7},"f":{},"b":{},"_coverageSchema":"1a1c01bbd47fc00a2c39e90264f33305004495a9","hash":"467fc94c79c61b562738be93188b6ff50a5b5e79"}
,"/Users/danielmaike/Work/Personal/UnB/EPS/2020.1-eSaudeUnB-BackEnd/src/controllers/AdminController.js": {"path":"/Users/danielmaike/Work/Personal/UnB/EPS/2020.1-eSaudeUnB-BackEnd/src/controllers/AdminController.js","statementMap":{"0":{"start":{"line":1,"column":12},"end":{"line":1,"column":35}},"1":{"start":{"line":2,"column":15},"end":{"line":2,"column":34}},"2":{"start":{"line":3,"column":14},"end":{"line":3,"column":40}},"3":{"start":{"line":5,"column":19},"end":{"line":5,"column":51}},"4":{"start":{"line":7,"column":0},"end":{"line":55,"column":2}},"5":{"start":{"line":9,"column":8},"end":{"line":29,"column":9}},"6":{"start":{"line":10,"column":46},"end":{"line":10,"column":54}},"7":{"start":{"line":12,"column":25},"end":{"line":12,"column":55}},"8":{"start":{"line":14,"column":12},"end":{"line":16,"column":13}},"9":{"start":{"line":15,"column":16},"end":{"line":15,"column":69}},"10":{"start":{"line":18,"column":38},"end":{"line":18,"column":66}},"11":{"start":{"line":20,"column":30},"end":{"line":24,"column":14}},"12":{"start":{"line":26,"column":12},"end":{"line":26,"column":51}},"13":{"start":{"line":28,"column":12},"end":{"line":28,"column":66}},"14":{"start":{"line":33,"column":8},"end":{"line":53,"column":9}},"15":{"start":{"line":34,"column":40},"end":{"line":34,"column":48}},"16":{"start":{"line":35,"column":25},"end":{"line":35,"column":75}},"17":{"start":{"line":37,"column":12},"end":{"line":49,"column":13}},"18":{"start":{"line":38,"column":16},"end":{"line":47,"column":17}},"19":{"start":{"line":39,"column":34},"end":{"line":41,"column":22}},"20":{"start":{"line":43,"column":20},"end":{"line":46,"column":23}},"21":{"start":{"line":48,"column":16},"end":{"line":48,"column":63}},"22":{"start":{"line":50,"column":12},"end":{"line":50,"column":63}},"23":{"start":{"line":52,"column":12},"end":{"line":52,"column":45}}},"fnMap":{"0":{"name":"(anonymous_0)","decl":{"start":{"line":8,"column":4},"end":{"line":8,"column":5}},"loc":{"start":{"line":8,"column":26},"end":{"line":30,"column":5}},"line":8},"1":{"name":"(anonymous_1)","decl":{"start":{"line":32,"column":4},"end":{"line":32,"column":5}},"loc":{"start":{"line":32,"column":25},"end":{"line":54,"column":5}},"line":32}},"branchMap":{"0":{"loc":{"start":{"line":14,"column":12},"end":{"line":16,"column":13}},"type":"if","locations":[{"start":{"line":14,"column":12},"end":{"line":16,"column":13}},{"start":{"line":14,"column":12},"end":{"line":16,"column":13}}],"line":14},"1":{"loc":{"start":{"line":37,"column":12},"end":{"line":49,"column":13}},"type":"if","locations":[{"start":{"line":37,"column":12},"end":{"line":49,"column":13}},{"start":{"line":37,"column":12},"end":{"line":49,"column":13}}],"line":37},"2":{"loc":{"start":{"line":38,"column":16},"end":{"line":47,"column":17}},"type":"if","locations":[{"start":{"line":38,"column":16},"end":{"line":47,"column":17}},{"start":{"line":38,"column":16},"end":{"line":47,"column":17}}],"line":38}},"s":{"0":7,"1":7,"2":7,"3":7,"4":7,"5":29,"6":29,"7":29,"8":29,"9":24,"10":5,"11":4,"12":4,"13":1,"14":31,"15":31,"16":31,"17":31,"18":30,"19":29,"20":29,"21":1,"22":1,"23":1},"f":{"0":29,"1":31},"b":{"0":[24,5],"1":[30,1],"2":[29,1]},"_coverageSchema":"1a1c01bbd47fc00a2c39e90264f33305004495a9","hash":"c4bd778652ed157a8e186e31c8c75c2a90279dca"}
,"/Users/danielmaike/Work/Personal/UnB/EPS/2020.1-eSaudeUnB-BackEnd/src/controllers/LoginController.js": {"path":"/Users/danielmaike/Work/Personal/UnB/EPS/2020.1-eSaudeUnB-BackEnd/src/controllers/LoginController.js","statementMap":{"0":{"start":{"line":1,"column":12},"end":{"line":1,"column":35}},"1":{"start":{"line":2,"column":15},"end":{"line":2,"column":34}},"2":{"start":{"line":3,"column":20},"end":{"line":3,"column":52}},"3":{"start":{"line":4,"column":21},"end":{"line":4,"column":54}},"4":{"start":{"line":5,"column":19},"end":{"line":5,"column":51}},"5":{"start":{"line":7,"column":0},"end":{"line":65,"column":2}},"6":{"start":{"line":9,"column":8},"end":{"line":33,"column":9}},"7":{"start":{"line":10,"column":40},"end":{"line":10,"column":48}},"8":{"start":{"line":11,"column":25},"end":{"line":11,"column":81}},"9":{"start":{"line":13,"column":12},"end":{"line":29,"column":13}},"10":{"start":{"line":14,"column":16},"end":{"line":27,"column":17}},"11":{"start":{"line":15,"column":34},"end":{"line":21,"column":21}},"12":{"start":{"line":23,"column":20},"end":{"line":26,"column":23}},"13":{"start":{"line":28,"column":16},"end":{"line":28,"column":76}},"14":{"start":{"line":30,"column":12},"end":{"line":30,"column":63}},"15":{"start":{"line":32,"column":12},"end":{"line":32,"column":45}},"16":{"start":{"line":37,"column":8},"end":{"line":63,"column":9}},"17":{"start":{"line":38,"column":40},"end":{"line":38,"column":48}},"18":{"start":{"line":40,"column":25},"end":{"line":40,"column":62}},"19":{"start":{"line":42,"column":12},"end":{"line":59,"column":13}},"20":{"start":{"line":44,"column":16},"end":{"line":57,"column":17}},"21":{"start":{"line":45,"column":34},"end":{"line":51,"column":21}},"22":{"start":{"line":53,"column":20},"end":{"line":56,"column":23}},"23":{"start":{"line":58,"column":16},"end":{"line":58,"column":76}},"24":{"start":{"line":60,"column":12},"end":{"line":60,"column":63}},"25":{"start":{"line":62,"column":12},"end":{"line":62,"column":45}}},"fnMap":{"0":{"name":"(anonymous_0)","decl":{"start":{"line":8,"column":4},"end":{"line":8,"column":5}},"loc":{"start":{"line":8,"column":29},"end":{"line":34,"column":5}},"line":8},"1":{"name":"(anonymous_1)","decl":{"start":{"line":36,"column":4},"end":{"line":36,"column":5}},"loc":{"start":{"line":36,"column":28},"end":{"line":64,"column":5}},"line":36}},"branchMap":{"0":{"loc":{"start":{"line":13,"column":12},"end":{"line":29,"column":13}},"type":"if","locations":[{"start":{"line":13,"column":12},"end":{"line":29,"column":13}},{"start":{"line":13,"column":12},"end":{"line":29,"column":13}}],"line":13},"1":{"loc":{"start":{"line":14,"column":16},"end":{"line":27,"column":17}},"type":"if","locations":[{"start":{"line":14,"column":16},"end":{"line":27,"column":17}},{"start":{"line":14,"column":16},"end":{"line":27,"column":17}}],"line":14},"2":{"loc":{"start":{"line":42,"column":12},"end":{"line":59,"column":13}},"type":"if","locations":[{"start":{"line":42,"column":12},"end":{"line":59,"column":13}},{"start":{"line":42,"column":12},"end":{"line":59,"column":13}}],"line":42},"3":{"loc":{"start":{"line":44,"column":16},"end":{"line":57,"column":17}},"type":"if","locations":[{"start":{"line":44,"column":16},"end":{"line":57,"column":17}},{"start":{"line":44,"column":16},"end":{"line":57,"column":17}}],"line":44}},"s":{"0":7,"1":7,"2":7,"3":7,"4":7,"5":7,"6":7,"7":7,"8":7,"9":7,"10":5,"11":5,"12":5,"13":0,"14":2,"15":2,"16":16,"17":16,"18":16,"19":16,"20":14,"21":14,"22":14,"23":0,"24":2,"25":2},"f":{"0":7,"1":16},"b":{"0":[5,2],"1":[5,0],"2":[14,2],"3":[14,0]},"_coverageSchema":"1a1c01bbd47fc00a2c39e90264f33305004495a9","hash":"fbdc335e6165c7dd83b7227780e559a002a9e0fc"}
,"/Users/danielmaike/Work/Personal/UnB/EPS/2020.1-eSaudeUnB-BackEnd/src/controllers/PatientController.js": {"path":"/Users/danielmaike/Work/Personal/UnB/EPS/2020.1-eSaudeUnB-BackEnd/src/controllers/PatientController.js","statementMap":{"0":{"start":{"line":1,"column":12},"end":{"line":1,"column":26}},"1":{"start":{"line":2,"column":15},"end":{"line":2,"column":34}},"2":{"start":{"line":3,"column":25},"end":{"line":3,"column":54}},"3":{"start":{"line":4,"column":20},"end":{"line":4,"column":52}},"4":{"start":{"line":5,"column":21},"end":{"line":5,"column":54}},"5":{"start":{"line":6,"column":25},"end":{"line":6,"column":59}},"6":{"start":{"line":7,"column":21},"end":{"line":7,"column":62}},"7":{"start":{"line":9,"column":21},"end":{"line":69,"column":33}},"8":{"start":{"line":71,"column":26},"end":{"line":119,"column":2}},"9":{"start":{"line":121,"column":21},"end":{"line":174,"column":33}},"10":{"start":{"line":176,"column":29},"end":{"line":178,"column":2}},"11":{"start":{"line":187,"column":16},"end":{"line":187,"column":17}},"12":{"start":{"line":188,"column":4},"end":{"line":216,"column":5}},"13":{"start":{"line":189,"column":8},"end":{"line":189,"column":21}},"14":{"start":{"line":190,"column":11},"end":{"line":216,"column":5}},"15":{"start":{"line":191,"column":8},"end":{"line":191,"column":21}},"16":{"start":{"line":192,"column":11},"end":{"line":216,"column":5}},"17":{"start":{"line":193,"column":8},"end":{"line":193,"column":21}},"18":{"start":{"line":194,"column":11},"end":{"line":216,"column":5}},"19":{"start":{"line":195,"column":8},"end":{"line":195,"column":21}},"20":{"start":{"line":196,"column":11},"end":{"line":216,"column":5}},"21":{"start":{"line":197,"column":8},"end":{"line":197,"column":20}},"22":{"start":{"line":198,"column":11},"end":{"line":216,"column":5}},"23":{"start":{"line":199,"column":8},"end":{"line":199,"column":20}},"24":{"start":{"line":200,"column":11},"end":{"line":216,"column":5}},"25":{"start":{"line":201,"column":8},"end":{"line":201,"column":20}},"26":{"start":{"line":202,"column":11},"end":{"line":216,"column":5}},"27":{"start":{"line":203,"column":8},"end":{"line":203,"column":20}},"28":{"start":{"line":204,"column":11},"end":{"line":216,"column":5}},"29":{"start":{"line":205,"column":8},"end":{"line":205,"column":20}},"30":{"start":{"line":206,"column":11},"end":{"line":216,"column":5}},"31":{"start":{"line":207,"column":8},"end":{"line":207,"column":19}},"32":{"start":{"line":208,"column":11},"end":{"line":216,"column":5}},"33":{"start":{"line":209,"column":8},"end":{"line":209,"column":19}},"34":{"start":{"line":210,"column":11},"end":{"line":216,"column":5}},"35":{"start":{"line":211,"column":8},"end":{"line":211,"column":19}},"36":{"start":{"line":212,"column":11},"end":{"line":216,"column":5}},"37":{"start":{"line":213,"column":8},"end":{"line":213,"column":19}},"38":{"start":{"line":214,"column":11},"end":{"line":216,"column":5}},"39":{"start":{"line":215,"column":8},"end":{"line":215,"column":19}},"40":{"start":{"line":217,"column":4},"end":{"line":219,"column":5}},"41":{"start":{"line":218,"column":8},"end":{"line":218,"column":21}},"42":{"start":{"line":220,"column":4},"end":{"line":222,"column":5}},"43":{"start":{"line":221,"column":8},"end":{"line":221,"column":21}},"44":{"start":{"line":223,"column":4},"end":{"line":233,"column":5}},"45":{"start":{"line":224,"column":8},"end":{"line":224,"column":20}},"46":{"start":{"line":225,"column":11},"end":{"line":233,"column":5}},"47":{"start":{"line":226,"column":8},"end":{"line":226,"column":20}},"48":{"start":{"line":227,"column":11},"end":{"line":233,"column":5}},"49":{"start":{"line":228,"column":8},"end":{"line":228,"column":20}},"50":{"start":{"line":229,"column":11},"end":{"line":233,"column":5}},"51":{"start":{"line":230,"column":8},"end":{"line":230,"column":19}},"52":{"start":{"line":231,"column":11},"end":{"line":233,"column":5}},"53":{"start":{"line":232,"column":8},"end":{"line":232,"column":19}},"54":{"start":{"line":234,"column":4},"end":{"line":236,"column":5}},"55":{"start":{"line":235,"column":8},"end":{"line":235,"column":19}},"56":{"start":{"line":238,"column":4},"end":{"line":238,"column":17}},"57":{"start":{"line":241,"column":0},"end":{"line":638,"column":2}},"58":{"start":{"line":243,"column":8},"end":{"line":348,"column":9}},"59":{"start":{"line":270,"column":16},"end":{"line":270,"column":24}},"60":{"start":{"line":272,"column":25},"end":{"line":272,"column":61}},"61":{"start":{"line":273,"column":28},"end":{"line":273,"column":65}},"62":{"start":{"line":275,"column":12},"end":{"line":279,"column":13}},"63":{"start":{"line":276,"column":16},"end":{"line":278,"column":64}},"64":{"start":{"line":281,"column":37},"end":{"line":307,"column":14}},"65":{"start":{"line":309,"column":12},"end":{"line":311,"column":13}},"66":{"start":{"line":310,"column":16},"end":{"line":310,"column":62}},"67":{"start":{"line":313,"column":38},"end":{"line":313,"column":66}},"68":{"start":{"line":315,"column":28},"end":{"line":341,"column":14}},"69":{"start":{"line":343,"column":12},"end":{"line":343,"column":57}},"70":{"start":{"line":345,"column":12},"end":{"line":345,"column":49}},"71":{"start":{"line":347,"column":12},"end":{"line":347,"column":64}},"72":{"start":{"line":352,"column":8},"end":{"line":358,"column":9}},"73":{"start":{"line":353,"column":30},"end":{"line":353,"column":40}},"74":{"start":{"line":354,"column":25},"end":{"line":354,"column":61}},"75":{"start":{"line":355,"column":12},"end":{"line":355,"column":46}},"76":{"start":{"line":357,"column":12},"end":{"line":357,"column":64}},"77":{"start":{"line":362,"column":8},"end":{"line":368,"column":9}},"78":{"start":{"line":363,"column":26},"end":{"line":363,"column":50}},"79":{"start":{"line":365,"column":12},"end":{"line":365,"column":47}},"80":{"start":{"line":367,"column":12},"end":{"line":367,"column":66}},"81":{"start":{"line":372,"column":8},"end":{"line":382,"column":9}},"82":{"start":{"line":373,"column":30},"end":{"line":373,"column":38}},"83":{"start":{"line":375,"column":12},"end":{"line":375,"column":51}},"84":{"start":{"line":377,"column":12},"end":{"line":379,"column":68}},"85":{"start":{"line":381,"column":12},"end":{"line":381,"column":66}},"86":{"start":{"line":386,"column":8},"end":{"line":566,"column":9}},"87":{"start":{"line":411,"column":16},"end":{"line":411,"column":24}},"88":{"start":{"line":413,"column":30},"end":{"line":413,"column":40}},"89":{"start":{"line":415,"column":53},"end":{"line":440,"column":14}},"90":{"start":{"line":442,"column":12},"end":{"line":444,"column":13}},"91":{"start":{"line":443,"column":16},"end":{"line":443,"column":64}},"92":{"start":{"line":446,"column":38},"end":{"line":470,"column":14}},"93":{"start":{"line":472,"column":25},"end":{"line":474,"column":21}},"94":{"start":{"line":476,"column":12},"end":{"line":478,"column":13}},"95":{"start":{"line":477,"column":16},"end":{"line":477,"column":40}},"96":{"start":{"line":480,"column":12},"end":{"line":488,"column":13}},"97":{"start":{"line":481,"column":16},"end":{"line":487,"column":19}},"98":{"start":{"line":490,"column":12},"end":{"line":492,"column":13}},"99":{"start":{"line":491,"column":16},"end":{"line":491,"column":33}},"100":{"start":{"line":493,"column":12},"end":{"line":495,"column":13}},"101":{"start":{"line":494,"column":16},"end":{"line":494,"column":41}},"102":{"start":{"line":496,"column":12},"end":{"line":498,"column":13}},"103":{"start":{"line":497,"column":16},"end":{"line":497,"column":35}},"104":{"start":{"line":499,"column":12},"end":{"line":501,"column":13}},"105":{"start":{"line":500,"column":16},"end":{"line":500,"column":35}},"106":{"start":{"line":502,"column":12},"end":{"line":504,"column":13}},"107":{"start":{"line":503,"column":16},"end":{"line":503,"column":55}},"108":{"start":{"line":505,"column":12},"end":{"line":507,"column":13}},"109":{"start":{"line":506,"column":16},"end":{"line":506,"column":37}},"110":{"start":{"line":508,"column":12},"end":{"line":510,"column":13}},"111":{"start":{"line":509,"column":16},"end":{"line":509,"column":33}},"112":{"start":{"line":511,"column":12},"end":{"line":513,"column":13}},"113":{"start":{"line":512,"column":16},"end":{"line":512,"column":47}},"114":{"start":{"line":514,"column":12},"end":{"line":516,"column":13}},"115":{"start":{"line":515,"column":16},"end":{"line":515,"column":43}},"116":{"start":{"line":517,"column":12},"end":{"line":519,"column":13}},"117":{"start":{"line":518,"column":16},"end":{"line":518,"column":33}},"118":{"start":{"line":520,"column":12},"end":{"line":522,"column":13}},"119":{"start":{"line":521,"column":16},"end":{"line":521,"column":59}},"120":{"start":{"line":523,"column":12},"end":{"line":525,"column":13}},"121":{"start":{"line":524,"column":16},"end":{"line":524,"column":41}},"122":{"start":{"line":526,"column":12},"end":{"line":528,"column":13}},"123":{"start":{"line":527,"column":16},"end":{"line":527,"column":65}},"124":{"start":{"line":529,"column":12},"end":{"line":531,"column":13}},"125":{"start":{"line":530,"column":16},"end":{"line":530,"column":67}},"126":{"start":{"line":532,"column":12},"end":{"line":534,"column":13}},"127":{"start":{"line":533,"column":16},"end":{"line":533,"column":65}},"128":{"start":{"line":535,"column":12},"end":{"line":537,"column":13}},"129":{"start":{"line":536,"column":16},"end":{"line":536,"column":45}},"130":{"start":{"line":538,"column":12},"end":{"line":540,"column":13}},"131":{"start":{"line":539,"column":16},"end":{"line":539,"column":45}},"132":{"start":{"line":541,"column":12},"end":{"line":543,"column":13}},"133":{"start":{"line":542,"column":16},"end":{"line":542,"column":57}},"134":{"start":{"line":544,"column":12},"end":{"line":546,"column":13}},"135":{"start":{"line":545,"column":16},"end":{"line":545,"column":53}},"136":{"start":{"line":547,"column":12},"end":{"line":549,"column":13}},"137":{"start":{"line":548,"column":16},"end":{"line":548,"column":67}},"138":{"start":{"line":550,"column":12},"end":{"line":552,"column":13}},"139":{"start":{"line":551,"column":16},"end":{"line":551,"column":63}},"140":{"start":{"line":553,"column":12},"end":{"line":555,"column":13}},"141":{"start":{"line":554,"column":16},"end":{"line":554,"column":45}},"142":{"start":{"line":556,"column":12},"end":{"line":558,"column":13}},"143":{"start":{"line":557,"column":16},"end":{"line":557,"column":51}},"144":{"start":{"line":560,"column":12},"end":{"line":560,"column":69}},"145":{"start":{"line":560,"column":32},"end":{"line":560,"column":69}},"146":{"start":{"line":562,"column":12},"end":{"line":562,"column":30}},"147":{"start":{"line":563,"column":12},"end":{"line":563,"column":46}},"148":{"start":{"line":565,"column":12},"end":{"line":565,"column":78}},"149":{"start":{"line":570,"column":8},"end":{"line":584,"column":9}},"150":{"start":{"line":571,"column":37},"end":{"line":571,"column":45}},"151":{"start":{"line":573,"column":25},"end":{"line":575,"column":14}},"152":{"start":{"line":577,"column":12},"end":{"line":577,"column":45}},"153":{"start":{"line":579,"column":12},"end":{"line":579,"column":30}},"154":{"start":{"line":581,"column":12},"end":{"line":581,"column":46}},"155":{"start":{"line":583,"column":12},"end":{"line":583,"column":78}},"156":{"start":{"line":588,"column":8},"end":{"line":614,"column":9}},"157":{"start":{"line":589,"column":46},"end":{"line":589,"column":54}},"158":{"start":{"line":590,"column":25},"end":{"line":592,"column":34}},"159":{"start":{"line":593,"column":12},"end":{"line":608,"column":13}},"160":{"start":{"line":594,"column":16},"end":{"line":606,"column":17}},"161":{"start":{"line":595,"column":45},"end":{"line":597,"column":22}},"162":{"start":{"line":598,"column":20},"end":{"line":600,"column":21}},"163":{"start":{"line":599,"column":24},"end":{"line":599,"column":70}},"164":{"start":{"line":601,"column":46},"end":{"line":601,"column":74}},"165":{"start":{"line":602,"column":20},"end":{"line":602,"column":54}},"166":{"start":{"line":603,"column":20},"end":{"line":603,"column":48}},"167":{"start":{"line":604,"column":20},"end":{"line":604,"column":38}},"168":{"start":{"line":605,"column":20},"end":{"line":605,"column":58}},"169":{"start":{"line":607,"column":16},"end":{"line":607,"column":76}},"170":{"start":{"line":609,"column":12},"end":{"line":609,"column":63}},"171":{"start":{"line":611,"column":12},"end":{"line":613,"column":69}},"172":{"start":{"line":618,"column":8},"end":{"line":636,"column":9}},"173":{"start":{"line":619,"column":29},"end":{"line":619,"column":55}},"174":{"start":{"line":620,"column":25},"end":{"line":622,"column":14}},"175":{"start":{"line":623,"column":12},"end":{"line":630,"column":13}},"176":{"start":{"line":624,"column":42},"end":{"line":624,"column":70}},"177":{"start":{"line":625,"column":16},"end":{"line":625,"column":50}},"178":{"start":{"line":626,"column":16},"end":{"line":626,"column":43}},"179":{"start":{"line":627,"column":16},"end":{"line":627,"column":34}},"180":{"start":{"line":628,"column":16},"end":{"line":628,"column":64}},"181":{"start":{"line":629,"column":16},"end":{"line":629,"column":54}},"182":{"start":{"line":631,"column":12},"end":{"line":631,"column":63}},"183":{"start":{"line":633,"column":12},"end":{"line":635,"column":70}}},"fnMap":{"0":{"name":"calculateScore","decl":{"start":{"line":180,"column":15},"end":{"line":180,"column":29}},"loc":{"start":{"line":186,"column":3},"end":{"line":239,"column":1}},"line":186},"1":{"name":"(anonymous_1)","decl":{"start":{"line":242,"column":4},"end":{"line":242,"column":5}},"loc":{"start":{"line":242,"column":26},"end":{"line":349,"column":5}},"line":242},"2":{"name":"(anonymous_2)","decl":{"start":{"line":351,"column":4},"end":{"line":351,"column":5}},"loc":{"start":{"line":351,"column":25},"end":{"line":359,"column":5}},"line":351},"3":{"name":"(anonymous_3)","decl":{"start":{"line":361,"column":4},"end":{"line":361,"column":5}},"loc":{"start":{"line":361,"column":26},"end":{"line":369,"column":5}},"line":361},"4":{"name":"(anonymous_4)","decl":{"start":{"line":371,"column":4},"end":{"line":371,"column":5}},"loc":{"start":{"line":371,"column":28},"end":{"line":383,"column":5}},"line":371},"5":{"name":"(anonymous_5)","decl":{"start":{"line":385,"column":4},"end":{"line":385,"column":5}},"loc":{"start":{"line":385,"column":27},"end":{"line":567,"column":5}},"line":385},"6":{"name":"(anonymous_6)","decl":{"start":{"line":569,"column":4},"end":{"line":569,"column":5}},"loc":{"start":{"line":569,"column":35},"end":{"line":585,"column":5}},"line":569},"7":{"name":"(anonymous_7)","decl":{"start":{"line":587,"column":4},"end":{"line":587,"column":5}},"loc":{"start":{"line":587,"column":35},"end":{"line":615,"column":5}},"line":587},"8":{"name":"(anonymous_8)","decl":{"start":{"line":617,"column":4},"end":{"line":617,"column":5}},"loc":{"start":{"line":617,"column":31},"end":{"line":637,"column":5}},"line":617}},"branchMap":{"0":{"loc":{"start":{"line":188,"column":4},"end":{"line":216,"column":5}},"type":"if","locations":[{"start":{"line":188,"column":4},"end":{"line":216,"column":5}},{"start":{"line":188,"column":4},"end":{"line":216,"column":5}}],"line":188},"1":{"loc":{"start":{"line":190,"column":11},"end":{"line":216,"column":5}},"type":"if","locations":[{"start":{"line":190,"column":11},"end":{"line":216,"column":5}},{"start":{"line":190,"column":11},"end":{"line":216,"column":5}}],"line":190},"2":{"loc":{"start":{"line":192,"column":11},"end":{"line":216,"column":5}},"type":"if","locations":[{"start":{"line":192,"column":11},"end":{"line":216,"column":5}},{"start":{"line":192,"column":11},"end":{"line":216,"column":5}}],"line":192},"3":{"loc":{"start":{"line":194,"column":11},"end":{"line":216,"column":5}},"type":"if","locations":[{"start":{"line":194,"column":11},"end":{"line":216,"column":5}},{"start":{"line":194,"column":11},"end":{"line":216,"column":5}}],"line":194},"4":{"loc":{"start":{"line":196,"column":11},"end":{"line":216,"column":5}},"type":"if","locations":[{"start":{"line":196,"column":11},"end":{"line":216,"column":5}},{"start":{"line":196,"column":11},"end":{"line":216,"column":5}}],"line":196},"5":{"loc":{"start":{"line":198,"column":11},"end":{"line":216,"column":5}},"type":"if","locations":[{"start":{"line":198,"column":11},"end":{"line":216,"column":5}},{"start":{"line":198,"column":11},"end":{"line":216,"column":5}}],"line":198},"6":{"loc":{"start":{"line":200,"column":11},"end":{"line":216,"column":5}},"type":"if","locations":[{"start":{"line":200,"column":11},"end":{"line":216,"column":5}},{"start":{"line":200,"column":11},"end":{"line":216,"column":5}}],"line":200},"7":{"loc":{"start":{"line":202,"column":11},"end":{"line":216,"column":5}},"type":"if","locations":[{"start":{"line":202,"column":11},"end":{"line":216,"column":5}},{"start":{"line":202,"column":11},"end":{"line":216,"column":5}}],"line":202},"8":{"loc":{"start":{"line":204,"column":11},"end":{"line":216,"column":5}},"type":"if","locations":[{"start":{"line":204,"column":11},"end":{"line":216,"column":5}},{"start":{"line":204,"column":11},"end":{"line":216,"column":5}}],"line":204},"9":{"loc":{"start":{"line":206,"column":11},"end":{"line":216,"column":5}},"type":"if","locations":[{"start":{"line":206,"column":11},"end":{"line":216,"column":5}},{"start":{"line":206,"column":11},"end":{"line":216,"column":5}}],"line":206},"10":{"loc":{"start":{"line":208,"column":11},"end":{"line":216,"column":5}},"type":"if","locations":[{"start":{"line":208,"column":11},"end":{"line":216,"column":5}},{"start":{"line":208,"column":11},"end":{"line":216,"column":5}}],"line":208},"11":{"loc":{"start":{"line":210,"column":11},"end":{"line":216,"column":5}},"type":"if","locations":[{"start":{"line":210,"column":11},"end":{"line":216,"column":5}},{"start":{"line":210,"column":11},"end":{"line":216,"column":5}}],"line":210},"12":{"loc":{"start":{"line":212,"column":11},"end":{"line":216,"column":5}},"type":"if","locations":[{"start":{"line":212,"column":11},"end":{"line":216,"column":5}},{"start":{"line":212,"column":11},"end":{"line":216,"column":5}}],"line":212},"13":{"loc":{"start":{"line":214,"column":11},"end":{"line":216,"column":5}},"type":"if","locations":[{"start":{"line":214,"column":11},"end":{"line":216,"column":5}},{"start":{"line":214,"column":11},"end":{"line":216,"column":5}}],"line":214},"14":{"loc":{"start":{"line":217,"column":4},"end":{"line":219,"column":5}},"type":"if","locations":[{"start":{"line":217,"column":4},"end":{"line":219,"column":5}},{"start":{"line":217,"column":4},"end":{"line":219,"column":5}}],"line":217},"15":{"loc":{"start":{"line":220,"column":4},"end":{"line":222,"column":5}},"type":"if","locations":[{"start":{"line":220,"column":4},"end":{"line":222,"column":5}},{"start":{"line":220,"column":4},"end":{"line":222,"column":5}}],"line":220},"16":{"loc":{"start":{"line":223,"column":4},"end":{"line":233,"column":5}},"type":"if","locations":[{"start":{"line":223,"column":4},"end":{"line":233,"column":5}},{"start":{"line":223,"column":4},"end":{"line":233,"column":5}}],"line":223},"17":{"loc":{"start":{"line":225,"column":11},"end":{"line":233,"column":5}},"type":"if","locations":[{"start":{"line":225,"column":11},"end":{"line":233,"column":5}},{"start":{"line":225,"column":11},"end":{"line":233,"column":5}}],"line":225},"18":{"loc":{"start":{"line":227,"column":11},"end":{"line":233,"column":5}},"type":"if","locations":[{"start":{"line":227,"column":11},"end":{"line":233,"column":5}},{"start":{"line":227,"column":11},"end":{"line":233,"column":5}}],"line":227},"19":{"loc":{"start":{"line":229,"column":11},"end":{"line":233,"column":5}},"type":"if","locations":[{"start":{"line":229,"column":11},"end":{"line":233,"column":5}},{"start":{"line":229,"column":11},"end":{"line":233,"column":5}}],"line":229},"20":{"loc":{"start":{"line":231,"column":11},"end":{"line":233,"column":5}},"type":"if","locations":[{"start":{"line":231,"column":11},"end":{"line":233,"column":5}},{"start":{"line":231,"column":11},"end":{"line":233,"column":5}}],"line":231},"21":{"loc":{"start":{"line":234,"column":4},"end":{"line":236,"column":5}},"type":"if","locations":[{"start":{"line":234,"column":4},"end":{"line":236,"column":5}},{"start":{"line":234,"column":4},"end":{"line":236,"column":5}}],"line":234},"22":{"loc":{"start":{"line":275,"column":12},"end":{"line":279,"column":13}},"type":"if","locations":[{"start":{"line":275,"column":12},"end":{"line":279,"column":13}},{"start":{"line":275,"column":12},"end":{"line":279,"column":13}}],"line":275},"23":{"loc":{"start":{"line":275,"column":16},"end":{"line":275,"column":31}},"type":"binary-expr","locations":[{"start":{"line":275,"column":16},"end":{"line":275,"column":20}},{"start":{"line":275,"column":24},"end":{"line":275,"column":31}}],"line":275},"24":{"loc":{"start":{"line":309,"column":12},"end":{"line":311,"column":13}},"type":"if","locations":[{"start":{"line":309,"column":12},"end":{"line":311,"column":13}},{"start":{"line":309,"column":12},"end":{"line":311,"column":13}}],"line":309},"25":{"loc":{"start":{"line":442,"column":12},"end":{"line":444,"column":13}},"type":"if","locations":[{"start":{"line":442,"column":12},"end":{"line":444,"column":13}},{"start":{"line":442,"column":12},"end":{"line":444,"column":13}}],"line":442},"26":{"loc":{"start":{"line":476,"column":12},"end":{"line":478,"column":13}},"type":"if","locations":[{"start":{"line":476,"column":12},"end":{"line":478,"column":13}},{"start":{"line":476,"column":12},"end":{"line":478,"column":13}}],"line":476},"27":{"loc":{"start":{"line":480,"column":12},"end":{"line":488,"column":13}},"type":"if","locations":[{"start":{"line":480,"column":12},"end":{"line":488,"column":13}},{"start":{"line":480,"column":12},"end":{"line":488,"column":13}}],"line":480},"28":{"loc":{"start":{"line":490,"column":12},"end":{"line":492,"column":13}},"type":"if","locations":[{"start":{"line":490,"column":12},"end":{"line":492,"column":13}},{"start":{"line":490,"column":12},"end":{"line":492,"column":13}}],"line":490},"29":{"loc":{"start":{"line":493,"column":12},"end":{"line":495,"column":13}},"type":"if","locations":[{"start":{"line":493,"column":12},"end":{"line":495,"column":13}},{"start":{"line":493,"column":12},"end":{"line":495,"column":13}}],"line":493},"30":{"loc":{"start":{"line":496,"column":12},"end":{"line":498,"column":13}},"type":"if","locations":[{"start":{"line":496,"column":12},"end":{"line":498,"column":13}},{"start":{"line":496,"column":12},"end":{"line":498,"column":13}}],"line":496},"31":{"loc":{"start":{"line":499,"column":12},"end":{"line":501,"column":13}},"type":"if","locations":[{"start":{"line":499,"column":12},"end":{"line":501,"column":13}},{"start":{"line":499,"column":12},"end":{"line":501,"column":13}}],"line":499},"32":{"loc":{"start":{"line":502,"column":12},"end":{"line":504,"column":13}},"type":"if","locations":[{"start":{"line":502,"column":12},"end":{"line":504,"column":13}},{"start":{"line":502,"column":12},"end":{"line":504,"column":13}}],"line":502},"33":{"loc":{"start":{"line":505,"column":12},"end":{"line":507,"column":13}},"type":"if","locations":[{"start":{"line":505,"column":12},"end":{"line":507,"column":13}},{"start":{"line":505,"column":12},"end":{"line":507,"column":13}}],"line":505},"34":{"loc":{"start":{"line":508,"column":12},"end":{"line":510,"column":13}},"type":"if","locations":[{"start":{"line":508,"column":12},"end":{"line":510,"column":13}},{"start":{"line":508,"column":12},"end":{"line":510,"column":13}}],"line":508},"35":{"loc":{"start":{"line":511,"column":12},"end":{"line":513,"column":13}},"type":"if","locations":[{"start":{"line":511,"column":12},"end":{"line":513,"column":13}},{"start":{"line":511,"column":12},"end":{"line":513,"column":13}}],"line":511},"36":{"loc":{"start":{"line":514,"column":12},"end":{"line":516,"column":13}},"type":"if","locations":[{"start":{"line":514,"column":12},"end":{"line":516,"column":13}},{"start":{"line":514,"column":12},"end":{"line":516,"column":13}}],"line":514},"37":{"loc":{"start":{"line":517,"column":12},"end":{"line":519,"column":13}},"type":"if","locations":[{"start":{"line":517,"column":12},"end":{"line":519,"column":13}},{"start":{"line":517,"column":12},"end":{"line":519,"column":13}}],"line":517},"38":{"loc":{"start":{"line":520,"column":12},"end":{"line":522,"column":13}},"type":"if","locations":[{"start":{"line":520,"column":12},"end":{"line":522,"column":13}},{"start":{"line":520,"column":12},"end":{"line":522,"column":13}}],"line":520},"39":{"loc":{"start":{"line":523,"column":12},"end":{"line":525,"column":13}},"type":"if","locations":[{"start":{"line":523,"column":12},"end":{"line":525,"column":13}},{"start":{"line":523,"column":12},"end":{"line":525,"column":13}}],"line":523},"40":{"loc":{"start":{"line":526,"column":12},"end":{"line":528,"column":13}},"type":"if","locations":[{"start":{"line":526,"column":12},"end":{"line":528,"column":13}},{"start":{"line":526,"column":12},"end":{"line":528,"column":13}}],"line":526},"41":{"loc":{"start":{"line":529,"column":12},"end":{"line":531,"column":13}},"type":"if","locations":[{"start":{"line":529,"column":12},"end":{"line":531,"column":13}},{"start":{"line":529,"column":12},"end":{"line":531,"column":13}}],"line":529},"42":{"loc":{"start":{"line":532,"column":12},"end":{"line":534,"column":13}},"type":"if","locations":[{"start":{"line":532,"column":12},"end":{"line":534,"column":13}},{"start":{"line":532,"column":12},"end":{"line":534,"column":13}}],"line":532},"43":{"loc":{"start":{"line":535,"column":12},"end":{"line":537,"column":13}},"type":"if","locations":[{"start":{"line":535,"column":12},"end":{"line":537,"column":13}},{"start":{"line":535,"column":12},"end":{"line":537,"column":13}}],"line":535},"44":{"loc":{"start":{"line":538,"column":12},"end":{"line":540,"column":13}},"type":"if","locations":[{"start":{"line":538,"column":12},"end":{"line":540,"column":13}},{"start":{"line":538,"column":12},"end":{"line":540,"column":13}}],"line":538},"45":{"loc":{"start":{"line":541,"column":12},"end":{"line":543,"column":13}},"type":"if","locations":[{"start":{"line":541,"column":12},"end":{"line":543,"column":13}},{"start":{"line":541,"column":12},"end":{"line":543,"column":13}}],"line":541},"46":{"loc":{"start":{"line":544,"column":12},"end":{"line":546,"column":13}},"type":"if","locations":[{"start":{"line":544,"column":12},"end":{"line":546,"column":13}},{"start":{"line":544,"column":12},"end":{"line":546,"column":13}}],"line":544},"47":{"loc":{"start":{"line":547,"column":12},"end":{"line":549,"column":13}},"type":"if","locations":[{"start":{"line":547,"column":12},"end":{"line":549,"column":13}},{"start":{"line":547,"column":12},"end":{"line":549,"column":13}}],"line":547},"48":{"loc":{"start":{"line":550,"column":12},"end":{"line":552,"column":13}},"type":"if","locations":[{"start":{"line":550,"column":12},"end":{"line":552,"column":13}},{"start":{"line":550,"column":12},"end":{"line":552,"column":13}}],"line":550},"49":{"loc":{"start":{"line":553,"column":12},"end":{"line":555,"column":13}},"type":"if","locations":[{"start":{"line":553,"column":12},"end":{"line":555,"column":13}},{"start":{"line":553,"column":12},"end":{"line":555,"column":13}}],"line":553},"50":{"loc":{"start":{"line":556,"column":12},"end":{"line":558,"column":13}},"type":"if","locations":[{"start":{"line":556,"column":12},"end":{"line":558,"column":13}},{"start":{"line":556,"column":12},"end":{"line":558,"column":13}}],"line":556},"51":{"loc":{"start":{"line":560,"column":12},"end":{"line":560,"column":69}},"type":"if","locations":[{"start":{"line":560,"column":12},"end":{"line":560,"column":69}},{"start":{"line":560,"column":12},"end":{"line":560,"column":69}}],"line":560},"52":{"loc":{"start":{"line":593,"column":12},"end":{"line":608,"column":13}},"type":"if","locations":[{"start":{"line":593,"column":12},"end":{"line":608,"column":13}},{"start":{"line":593,"column":12},"end":{"line":608,"column":13}}],"line":593},"53":{"loc":{"start":{"line":594,"column":16},"end":{"line":606,"column":17}},"type":"if","locations":[{"start":{"line":594,"column":16},"end":{"line":606,"column":17}},{"start":{"line":594,"column":16},"end":{"line":606,"column":17}}],"line":594},"54":{"loc":{"start":{"line":598,"column":20},"end":{"line":600,"column":21}},"type":"if","locations":[{"start":{"line":598,"column":20},"end":{"line":600,"column":21}},{"start":{"line":598,"column":20},"end":{"line":600,"column":21}}],"line":598},"55":{"loc":{"start":{"line":623,"column":12},"end":{"line":630,"column":13}},"type":"if","locations":[{"start":{"line":623,"column":12},"end":{"line":630,"column":13}},{"start":{"line":623,"column":12},"end":{"line":630,"column":13}}],"line":623}},"s":{"0":7,"1":7,"2":7,"3":7,"4":7,"5":7,"6":7,"7":7,"8":7,"9":7,"10":7,"11":14,"12":14,"13":1,"14":13,"15":1,"16":12,"17":1,"18":11,"19":1,"20":10,"21":1,"22":9,"23":1,"24":8,"25":1,"26":7,"27":1,"28":6,"29":1,"30":5,"31":1,"32":4,"33":1,"34":3,"35":1,"36":2,"37":1,"38":1,"39":1,"40":14,"41":1,"42":14,"43":1,"44":14,"45":1,"46":13,"47":1,"48":12,"49":1,"50":11,"51":1,"52":10,"53":1,"54":14,"55":1,"56":14,"57":7,"58":20,"59":20,"60":20,"61":20,"62":20,"63":1,"64":19,"65":19,"66":1,"67":18,"68":18,"69":18,"70":18,"71":0,"72":1,"73":1,"74":1,"75":1,"76":0,"77":1,"78":1,"79":1,"80":0,"81":1,"82":1,"83":1,"84":1,"85":0,"86":15,"87":15,"88":15,"89":15,"90":15,"91":1,"92":14,"93":14,"94":14,"95":1,"96":14,"97":14,"98":14,"99":14,"100":14,"101":14,"102":14,"103":14,"104":14,"105":1,"106":14,"107":1,"108":14,"109":1,"110":14,"111":5,"112":14,"113":1,"114":14,"115":1,"116":14,"117":1,"118":14,"119":1,"120":14,"121":1,"122":14,"123":1,"124":14,"125":1,"126":14,"127":1,"128":14,"129":1,"130":14,"131":1,"132":14,"133":1,"134":14,"135":1,"136":14,"137":1,"138":14,"139":1,"140":14,"141":1,"142":14,"143":14,"144":14,"145":0,"146":14,"147":14,"148":0,"149":0,"150":0,"151":0,"152":0,"153":0,"154":0,"155":0,"156":1,"157":1,"158":1,"159":1,"160":1,"161":1,"162":1,"163":0,"164":1,"165":1,"166":1,"167":1,"168":1,"169":0,"170":0,"171":0,"172":2,"173":2,"174":2,"175":2,"176":1,"177":1,"178":1,"179":1,"180":1,"181":1,"182":1,"183":1},"f":{"0":14,"1":20,"2":1,"3":1,"4":1,"5":15,"6":0,"7":1,"8":2},"b":{"0":[1,13],"1":[1,12],"2":[1,11],"3":[1,10],"4":[1,9],"5":[1,8],"6":[1,7],"7":[1,6],"8":[1,5],"9":[1,4],"10":[1,3],"11":[1,2],"12":[1,1],"13":[1,0],"14":[1,13],"15":[1,13],"16":[1,13],"17":[1,12],"18":[1,11],"19":[1,10],"20":[1,9],"21":[1,13],"22":[1,19],"23":[20,19],"24":[1,18],"25":[1,14],"26":[1,13],"27":[14,0],"28":[14,0],"29":[14,0],"30":[14,0],"31":[1,13],"32":[1,13],"33":[1,13],"34":[5,9],"35":[1,13],"36":[1,13],"37":[1,13],"38":[1,13],"39":[1,13],"40":[1,13],"41":[1,13],"42":[1,13],"43":[1,13],"44":[1,13],"45":[1,13],"46":[1,13],"47":[1,13],"48":[1,13],"49":[1,13],"50":[14,0],"51":[0,14],"52":[1,0],"53":[1,0],"54":[0,1],"55":[1,1]},"_coverageSchema":"1a1c01bbd47fc00a2c39e90264f33305004495a9","hash":"e2c958ba60ab491d636e878c995efff1765d5ddf"}
,"/Users/danielmaike/Work/Personal/UnB/EPS/2020.1-eSaudeUnB-BackEnd/src/controllers/PsychologistController.js": {"path":"/Users/danielmaike/Work/Personal/UnB/EPS/2020.1-eSaudeUnB-BackEnd/src/controllers/PsychologistController.js","statementMap":{"0":{"start":{"line":1,"column":25},"end":{"line":1,"column":54}},"1":{"start":{"line":2,"column":12},"end":{"line":2,"column":26}},"2":{"start":{"line":5,"column":21},"end":{"line":5,"column":54}},"3":{"start":{"line":6,"column":20},"end":{"line":6,"column":52}},"4":{"start":{"line":7,"column":26},"end":{"line":7,"column":65}},"5":{"start":{"line":8,"column":17},"end":{"line":8,"column":58}},"6":{"start":{"line":10,"column":15},"end":{"line":50,"column":33}},"7":{"start":{"line":52,"column":32},"end":{"line":57,"column":2}},"8":{"start":{"line":59,"column":0},"end":{"line":277,"column":2}},"9":{"start":{"line":61,"column":8},"end":{"line":120,"column":9}},"10":{"start":{"line":62,"column":29},"end":{"line":62,"column":55}},"11":{"start":{"line":74,"column":16},"end":{"line":74,"column":24}},"12":{"start":{"line":76,"column":28},"end":{"line":76,"column":65}},"13":{"start":{"line":77,"column":25},"end":{"line":77,"column":61}},"14":{"start":{"line":79,"column":12},"end":{"line":81,"column":13}},"15":{"start":{"line":80,"column":16},"end":{"line":80,"column":53}},"16":{"start":{"line":83,"column":37},"end":{"line":94,"column":14}},"17":{"start":{"line":96,"column":12},"end":{"line":98,"column":13}},"18":{"start":{"line":97,"column":16},"end":{"line":97,"column":62}},"19":{"start":{"line":102,"column":33},"end":{"line":114,"column":14}},"20":{"start":{"line":116,"column":12},"end":{"line":116,"column":59}},"21":{"start":{"line":117,"column":12},"end":{"line":117,"column":54}},"22":{"start":{"line":119,"column":12},"end":{"line":119,"column":66}},"23":{"start":{"line":124,"column":8},"end":{"line":131,"column":9}},"24":{"start":{"line":125,"column":30},"end":{"line":125,"column":40}},"25":{"start":{"line":126,"column":25},"end":{"line":126,"column":62}},"26":{"start":{"line":128,"column":12},"end":{"line":128,"column":46}},"27":{"start":{"line":130,"column":12},"end":{"line":130,"column":64}},"28":{"start":{"line":135,"column":8},"end":{"line":140,"column":9}},"29":{"start":{"line":136,"column":26},"end":{"line":136,"column":51}},"30":{"start":{"line":137,"column":12},"end":{"line":137,"column":47}},"31":{"start":{"line":139,"column":12},"end":{"line":139,"column":66}},"32":{"start":{"line":144,"column":8},"end":{"line":152,"column":9}},"33":{"start":{"line":145,"column":30},"end":{"line":145,"column":40}},"34":{"start":{"line":147,"column":12},"end":{"line":147,"column":52}},"35":{"start":{"line":149,"column":12},"end":{"line":149,"column":63}},"36":{"start":{"line":151,"column":12},"end":{"line":151,"column":66}},"37":{"start":{"line":156,"column":8},"end":{"line":227,"column":9}},"38":{"start":{"line":167,"column":16},"end":{"line":167,"column":24}},"39":{"start":{"line":169,"column":30},"end":{"line":169,"column":40}},"40":{"start":{"line":170,"column":25},"end":{"line":172,"column":21}},"41":{"start":{"line":174,"column":12},"end":{"line":176,"column":13}},"42":{"start":{"line":175,"column":16},"end":{"line":175,"column":33}},"43":{"start":{"line":177,"column":12},"end":{"line":179,"column":13}},"44":{"start":{"line":178,"column":16},"end":{"line":178,"column":41}},"45":{"start":{"line":180,"column":12},"end":{"line":182,"column":13}},"46":{"start":{"line":181,"column":16},"end":{"line":181,"column":35}},"47":{"start":{"line":183,"column":12},"end":{"line":185,"column":13}},"48":{"start":{"line":184,"column":16},"end":{"line":184,"column":37}},"49":{"start":{"line":186,"column":12},"end":{"line":188,"column":13}},"50":{"start":{"line":187,"column":16},"end":{"line":187,"column":33}},"51":{"start":{"line":189,"column":12},"end":{"line":191,"column":13}},"52":{"start":{"line":190,"column":16},"end":{"line":190,"column":35}},"53":{"start":{"line":192,"column":12},"end":{"line":194,"column":13}},"54":{"start":{"line":193,"column":16},"end":{"line":193,"column":53}},"55":{"start":{"line":195,"column":12},"end":{"line":197,"column":13}},"56":{"start":{"line":196,"column":16},"end":{"line":196,"column":43}},"57":{"start":{"line":198,"column":12},"end":{"line":200,"column":13}},"58":{"start":{"line":199,"column":16},"end":{"line":199,"column":43}},"59":{"start":{"line":201,"column":12},"end":{"line":203,"column":13}},"60":{"start":{"line":202,"column":16},"end":{"line":202,"column":53}},"61":{"start":{"line":205,"column":37},"end":{"line":216,"column":14}},"62":{"start":{"line":218,"column":12},"end":{"line":220,"column":13}},"63":{"start":{"line":219,"column":16},"end":{"line":219,"column":62}},"64":{"start":{"line":221,"column":12},"end":{"line":221,"column":30}},"65":{"start":{"line":222,"column":12},"end":{"line":222,"column":46}},"66":{"start":{"line":224,"column":12},"end":{"line":226,"column":65}},"67":{"start":{"line":231,"column":8},"end":{"line":255,"column":9}},"68":{"start":{"line":232,"column":46},"end":{"line":232,"column":54}},"69":{"start":{"line":233,"column":25},"end":{"line":233,"column":80}},"70":{"start":{"line":234,"column":12},"end":{"line":249,"column":13}},"71":{"start":{"line":235,"column":16},"end":{"line":247,"column":17}},"72":{"start":{"line":237,"column":45},"end":{"line":239,"column":22}},"73":{"start":{"line":240,"column":20},"end":{"line":242,"column":21}},"74":{"start":{"line":241,"column":24},"end":{"line":241,"column":70}},"75":{"start":{"line":243,"column":20},"end":{"line":243,"column":45}},"76":{"start":{"line":244,"column":20},"end":{"line":244,"column":48}},"77":{"start":{"line":245,"column":20},"end":{"line":245,"column":38}},"78":{"start":{"line":246,"column":20},"end":{"line":246,"column":58}},"79":{"start":{"line":248,"column":16},"end":{"line":248,"column":76}},"80":{"start":{"line":250,"column":12},"end":{"line":250,"column":63}},"81":{"start":{"line":252,"column":12},"end":{"line":254,"column":63}},"82":{"start":{"line":259,"column":8},"end":{"line":275,"column":9}},"83":{"start":{"line":260,"column":29},"end":{"line":260,"column":55}},"84":{"start":{"line":261,"column":25},"end":{"line":261,"column":80}},"85":{"start":{"line":262,"column":12},"end":{"line":269,"column":13}},"86":{"start":{"line":264,"column":16},"end":{"line":264,"column":41}},"87":{"start":{"line":265,"column":16},"end":{"line":265,"column":43}},"88":{"start":{"line":266,"column":16},"end":{"line":266,"column":34}},"89":{"start":{"line":267,"column":16},"end":{"line":267,"column":60}},"90":{"start":{"line":268,"column":16},"end":{"line":268,"column":54}},"91":{"start":{"line":270,"column":12},"end":{"line":270,"column":63}},"92":{"start":{"line":272,"column":12},"end":{"line":274,"column":70}}},"fnMap":{"0":{"name":"(anonymous_0)","decl":{"start":{"line":60,"column":4},"end":{"line":60,"column":5}},"loc":{"start":{"line":60,"column":26},"end":{"line":121,"column":5}},"line":60},"1":{"name":"(anonymous_1)","decl":{"start":{"line":123,"column":4},"end":{"line":123,"column":5}},"loc":{"start":{"line":123,"column":25},"end":{"line":132,"column":5}},"line":123},"2":{"name":"(anonymous_2)","decl":{"start":{"line":134,"column":4},"end":{"line":134,"column":5}},"loc":{"start":{"line":134,"column":26},"end":{"line":141,"column":5}},"line":134},"3":{"name":"(anonymous_3)","decl":{"start":{"line":143,"column":4},"end":{"line":143,"column":5}},"loc":{"start":{"line":143,"column":28},"end":{"line":153,"column":5}},"line":143},"4":{"name":"(anonymous_4)","decl":{"start":{"line":155,"column":4},"end":{"line":155,"column":5}},"loc":{"start":{"line":155,"column":27},"end":{"line":228,"column":5}},"line":155},"5":{"name":"(anonymous_5)","decl":{"start":{"line":230,"column":4},"end":{"line":230,"column":5}},"loc":{"start":{"line":230,"column":35},"end":{"line":256,"column":5}},"line":230},"6":{"name":"(anonymous_6)","decl":{"start":{"line":258,"column":4},"end":{"line":258,"column":5}},"loc":{"start":{"line":258,"column":31},"end":{"line":276,"column":5}},"line":258}},"branchMap":{"0":{"loc":{"start":{"line":79,"column":12},"end":{"line":81,"column":13}},"type":"if","locations":[{"start":{"line":79,"column":12},"end":{"line":81,"column":13}},{"start":{"line":79,"column":12},"end":{"line":81,"column":13}}],"line":79},"1":{"loc":{"start":{"line":79,"column":16},"end":{"line":79,"column":31}},"type":"binary-expr","locations":[{"start":{"line":79,"column":16},"end":{"line":79,"column":23}},{"start":{"line":79,"column":27},"end":{"line":79,"column":31}}],"line":79},"2":{"loc":{"start":{"line":96,"column":12},"end":{"line":98,"column":13}},"type":"if","locations":[{"start":{"line":96,"column":12},"end":{"line":98,"column":13}},{"start":{"line":96,"column":12},"end":{"line":98,"column":13}}],"line":96},"3":{"loc":{"start":{"line":174,"column":12},"end":{"line":176,"column":13}},"type":"if","locations":[{"start":{"line":174,"column":12},"end":{"line":176,"column":13}},{"start":{"line":174,"column":12},"end":{"line":176,"column":13}}],"line":174},"4":{"loc":{"start":{"line":177,"column":12},"end":{"line":179,"column":13}},"type":"if","locations":[{"start":{"line":177,"column":12},"end":{"line":179,"column":13}},{"start":{"line":177,"column":12},"end":{"line":179,"column":13}}],"line":177},"5":{"loc":{"start":{"line":180,"column":12},"end":{"line":182,"column":13}},"type":"if","locations":[{"start":{"line":180,"column":12},"end":{"line":182,"column":13}},{"start":{"line":180,"column":12},"end":{"line":182,"column":13}}],"line":180},"6":{"loc":{"start":{"line":183,"column":12},"end":{"line":185,"column":13}},"type":"if","locations":[{"start":{"line":183,"column":12},"end":{"line":185,"column":13}},{"start":{"line":183,"column":12},"end":{"line":185,"column":13}}],"line":183},"7":{"loc":{"start":{"line":186,"column":12},"end":{"line":188,"column":13}},"type":"if","locations":[{"start":{"line":186,"column":12},"end":{"line":188,"column":13}},{"start":{"line":186,"column":12},"end":{"line":188,"column":13}}],"line":186},"8":{"loc":{"start":{"line":189,"column":12},"end":{"line":191,"column":13}},"type":"if","locations":[{"start":{"line":189,"column":12},"end":{"line":191,"column":13}},{"start":{"line":189,"column":12},"end":{"line":191,"column":13}}],"line":189},"9":{"loc":{"start":{"line":192,"column":12},"end":{"line":194,"column":13}},"type":"if","locations":[{"start":{"line":192,"column":12},"end":{"line":194,"column":13}},{"start":{"line":192,"column":12},"end":{"line":194,"column":13}}],"line":192},"10":{"loc":{"start":{"line":195,"column":12},"end":{"line":197,"column":13}},"type":"if","locations":[{"start":{"line":195,"column":12},"end":{"line":197,"column":13}},{"start":{"line":195,"column":12},"end":{"line":197,"column":13}}],"line":195},"11":{"loc":{"start":{"line":198,"column":12},"end":{"line":200,"column":13}},"type":"if","locations":[{"start":{"line":198,"column":12},"end":{"line":200,"column":13}},{"start":{"line":198,"column":12},"end":{"line":200,"column":13}}],"line":198},"12":{"loc":{"start":{"line":201,"column":12},"end":{"line":203,"column":13}},"type":"if","locations":[{"start":{"line":201,"column":12},"end":{"line":203,"column":13}},{"start":{"line":201,"column":12},"end":{"line":203,"column":13}}],"line":201},"13":{"loc":{"start":{"line":218,"column":12},"end":{"line":220,"column":13}},"type":"if","locations":[{"start":{"line":218,"column":12},"end":{"line":220,"column":13}},{"start":{"line":218,"column":12},"end":{"line":220,"column":13}}],"line":218},"14":{"loc":{"start":{"line":234,"column":12},"end":{"line":249,"column":13}},"type":"if","locations":[{"start":{"line":234,"column":12},"end":{"line":249,"column":13}},{"start":{"line":234,"column":12},"end":{"line":249,"column":13}}],"line":234},"15":{"loc":{"start":{"line":235,"column":16},"end":{"line":247,"column":17}},"type":"if","locations":[{"start":{"line":235,"column":16},"end":{"line":247,"column":17}},{"start":{"line":235,"column":16},"end":{"line":247,"column":17}}],"line":235},"16":{"loc":{"start":{"line":240,"column":20},"end":{"line":242,"column":21}},"type":"if","locations":[{"start":{"line":240,"column":20},"end":{"line":242,"column":21}},{"start":{"line":240,"column":20},"end":{"line":242,"column":21}}],"line":240},"17":{"loc":{"start":{"line":262,"column":12},"end":{"line":269,"column":13}},"type":"if","locations":[{"start":{"line":262,"column":12},"end":{"line":269,"column":13}},{"start":{"line":262,"column":12},"end":{"line":269,"column":13}}],"line":262}},"s":{"0":7,"1":7,"2":7,"3":7,"4":7,"5":7,"6":7,"7":7,"8":7,"9":25,"10":25,"11":25,"12":25,"13":25,"14":25,"15":1,"16":24,"17":24,"18":1,"19":23,"20":23,"21":23,"22":0,"23":16,"24":16,"25":16,"26":16,"27":0,"28":1,"29":1,"30":1,"31":0,"32":1,"33":1,"34":1,"35":1,"36":0,"37":2,"38":2,"39":2,"40":2,"41":2,"42":2,"43":1,"44":1,"45":1,"46":1,"47":1,"48":1,"49":1,"50":1,"51":1,"52":0,"53":1,"54":1,"55":1,"56":1,"57":1,"58":1,"59":1,"60":0,"61":1,"62":1,"63":0,"64":1,"65":1,"66":1,"67":13,"68":13,"69":13,"70":13,"71":12,"72":12,"73":12,"74":1,"75":11,"76":11,"77":11,"78":11,"79":0,"80":1,"81":1,"82":2,"83":2,"84":2,"85":2,"86":1,"87":1,"88":1,"89":1,"90":1,"91":1,"92":1},"f":{"0":25,"1":16,"2":1,"3":1,"4":2,"5":13,"6":2},"b":{"0":[1,24],"1":[25,24],"2":[1,23],"3":[2,0],"4":[1,0],"5":[1,0],"6":[1,0],"7":[1,0],"8":[0,1],"9":[1,0],"10":[1,0],"11":[1,0],"12":[0,1],"13":[0,1],"14":[12,1],"15":[12,0],"16":[1,11],"17":[1,1]},"_coverageSchema":"1a1c01bbd47fc00a2c39e90264f33305004495a9","hash":"3ce3b8d0beb04ea6f1efe27e002b4898ad6b6a27"}
,"/Users/danielmaike/Work/Personal/UnB/EPS/2020.1-eSaudeUnB-BackEnd/src/controllers/PsychologyCalendary.js": {"path":"/Users/danielmaike/Work/Personal/UnB/EPS/2020.1-eSaudeUnB-BackEnd/src/controllers/PsychologyCalendary.js","statementMap":{"0":{"start":{"line":1,"column":21},"end":{"line":1,"column":54}},"1":{"start":{"line":3,"column":0},"end":{"line":48,"column":2}},"2":{"start":{"line":5,"column":8},"end":{"line":28,"column":9}},"3":{"start":{"line":6,"column":49},"end":{"line":6,"column":57}},"4":{"start":{"line":7,"column":12},"end":{"line":15,"column":13}},"5":{"start":{"line":8,"column":34},"end":{"line":13,"column":17}},"6":{"start":{"line":14,"column":16},"end":{"line":14,"column":55}},"7":{"start":{"line":16,"column":12},"end":{"line":24,"column":13}},"8":{"start":{"line":17,"column":34},"end":{"line":22,"column":17}},"9":{"start":{"line":23,"column":16},"end":{"line":23,"column":55}},"10":{"start":{"line":25,"column":12},"end":{"line":25,"column":79}},"11":{"start":{"line":27,"column":12},"end":{"line":27,"column":66}},"12":{"start":{"line":31,"column":8},"end":{"line":37,"column":9}},"13":{"start":{"line":32,"column":30},"end":{"line":32,"column":38}},"14":{"start":{"line":33,"column":30},"end":{"line":33,"column":67}},"15":{"start":{"line":34,"column":12},"end":{"line":34,"column":59}},"16":{"start":{"line":36,"column":12},"end":{"line":36,"column":66}},"17":{"start":{"line":40,"column":8},"end":{"line":46,"column":9}},"18":{"start":{"line":41,"column":30},"end":{"line":41,"column":38}},"19":{"start":{"line":42,"column":33},"end":{"line":42,"column":70}},"20":{"start":{"line":43,"column":12},"end":{"line":43,"column":63}},"21":{"start":{"line":45,"column":12},"end":{"line":45,"column":66}}},"fnMap":{"0":{"name":"(anonymous_0)","decl":{"start":{"line":4,"column":4},"end":{"line":4,"column":5}},"loc":{"start":{"line":4,"column":27},"end":{"line":29,"column":5}},"line":4},"1":{"name":"(anonymous_1)","decl":{"start":{"line":30,"column":4},"end":{"line":30,"column":5}},"loc":{"start":{"line":30,"column":26},"end":{"line":38,"column":5}},"line":30},"2":{"name":"(anonymous_2)","decl":{"start":{"line":39,"column":4},"end":{"line":39,"column":5}},"loc":{"start":{"line":39,"column":25},"end":{"line":47,"column":5}},"line":39}},"branchMap":{"0":{"loc":{"start":{"line":7,"column":12},"end":{"line":15,"column":13}},"type":"if","locations":[{"start":{"line":7,"column":12},"end":{"line":15,"column":13}},{"start":{"line":7,"column":12},"end":{"line":15,"column":13}}],"line":7},"1":{"loc":{"start":{"line":16,"column":12},"end":{"line":24,"column":13}},"type":"if","locations":[{"start":{"line":16,"column":12},"end":{"line":24,"column":13}},{"start":{"line":16,"column":12},"end":{"line":24,"column":13}}],"line":16}},"s":{"0":7,"1":7,"2":3,"3":3,"4":3,"5":1,"6":1,"7":2,"8":1,"9":1,"10":1,"11":0,"12":1,"13":1,"14":1,"15":1,"16":0,"17":2,"18":2,"19":2,"20":2,"21":1},"f":{"0":3,"1":1,"2":2},"b":{"0":[1,2],"1":[1,1]},"_coverageSchema":"1a1c01bbd47fc00a2c39e90264f33305004495a9","hash":"db5facaabdbefb6cef79cad83ea7d0dea9e5364e"}
,"/Users/danielmaike/Work/Personal/UnB/EPS/2020.1-eSaudeUnB-BackEnd/src/controllers/SessionController.js": {"path":"/Users/danielmaike/Work/Personal/UnB/EPS/2020.1-eSaudeUnB-BackEnd/src/controllers/SessionController.js","statementMap":{"0":{"start":{"line":1,"column":16},"end":{"line":1,"column":44}},"1":{"start":{"line":2,"column":20},"end":{"line":2,"column":52}},"2":{"start":{"line":4,"column":0},"end":{"line":135,"column":2}},"3":{"start":{"line":6,"column":8},"end":{"line":40,"column":9}},"4":{"start":{"line":7,"column":30},"end":{"line":7,"column":38}},"5":{"start":{"line":15,"column":16},"end":{"line":15,"column":24}},"6":{"start":{"line":17,"column":25},"end":{"line":17,"column":61}},"7":{"start":{"line":18,"column":12},"end":{"line":33,"column":13}},"8":{"start":{"line":19,"column":32},"end":{"line":25,"column":18}},"9":{"start":{"line":26,"column":40},"end":{"line":26,"column":53}},"10":{"start":{"line":27,"column":16},"end":{"line":27,"column":49}},"11":{"start":{"line":28,"column":16},"end":{"line":31,"column":18}},"12":{"start":{"line":32,"column":16},"end":{"line":32,"column":50}},"13":{"start":{"line":34,"column":12},"end":{"line":36,"column":13}},"14":{"start":{"line":35,"column":16},"end":{"line":35,"column":80}},"15":{"start":{"line":37,"column":12},"end":{"line":37,"column":79}},"16":{"start":{"line":39,"column":12},"end":{"line":39,"column":64}},"17":{"start":{"line":44,"column":8},"end":{"line":60,"column":9}},"18":{"start":{"line":45,"column":30},"end":{"line":45,"column":40}},"19":{"start":{"line":47,"column":25},"end":{"line":47,"column":61}},"20":{"start":{"line":48,"column":12},"end":{"line":56,"column":13}},"21":{"start":{"line":49,"column":36},"end":{"line":49,"column":49}},"22":{"start":{"line":50,"column":33},"end":{"line":54,"column":18}},"23":{"start":{"line":55,"column":16},"end":{"line":55,"column":54}},"24":{"start":{"line":57,"column":12},"end":{"line":57,"column":79}},"25":{"start":{"line":59,"column":12},"end":{"line":59,"column":64}},"26":{"start":{"line":64,"column":8},"end":{"line":82,"column":9}},"27":{"start":{"line":65,"column":30},"end":{"line":65,"column":40}},"28":{"start":{"line":67,"column":25},"end":{"line":67,"column":61}},"29":{"start":{"line":69,"column":12},"end":{"line":77,"column":13}},"30":{"start":{"line":70,"column":36},"end":{"line":70,"column":65}},"31":{"start":{"line":71,"column":33},"end":{"line":75,"column":18}},"32":{"start":{"line":76,"column":16},"end":{"line":76,"column":54}},"33":{"start":{"line":79,"column":12},"end":{"line":79,"column":79}},"34":{"start":{"line":81,"column":12},"end":{"line":81,"column":64}},"35":{"start":{"line":86,"column":8},"end":{"line":109,"column":9}},"36":{"start":{"line":94,"column":16},"end":{"line":94,"column":24}},"37":{"start":{"line":96,"column":12},"end":{"line":102,"column":15}},"38":{"start":{"line":104,"column":28},"end":{"line":104,"column":54}},"39":{"start":{"line":106,"column":12},"end":{"line":106,"column":49}},"40":{"start":{"line":108,"column":12},"end":{"line":108,"column":64}},"41":{"start":{"line":113,"column":8},"end":{"line":133,"column":9}},"42":{"start":{"line":114,"column":30},"end":{"line":114,"column":40}},"43":{"start":{"line":116,"column":25},"end":{"line":116,"column":61}},"44":{"start":{"line":118,"column":27},"end":{"line":118,"column":35}},"45":{"start":{"line":120,"column":12},"end":{"line":129,"column":13}},"46":{"start":{"line":121,"column":32},"end":{"line":121,"column":58}},"47":{"start":{"line":122,"column":16},"end":{"line":122,"column":52}},"48":{"start":{"line":124,"column":30},"end":{"line":124,"column":55}},"49":{"start":{"line":125,"column":16},"end":{"line":125,"column":47}},"50":{"start":{"line":126,"column":16},"end":{"line":126,"column":28}},"51":{"start":{"line":128,"column":16},"end":{"line":128,"column":53}},"52":{"start":{"line":130,"column":12},"end":{"line":130,"column":79}},"53":{"start":{"line":132,"column":12},"end":{"line":132,"column":66}}},"fnMap":{"0":{"name":"(anonymous_0)","decl":{"start":{"line":5,"column":4},"end":{"line":5,"column":5}},"loc":{"start":{"line":5,"column":26},"end":{"line":41,"column":5}},"line":5},"1":{"name":"(anonymous_1)","decl":{"start":{"line":43,"column":4},"end":{"line":43,"column":5}},"loc":{"start":{"line":43,"column":26},"end":{"line":61,"column":5}},"line":43},"2":{"name":"(anonymous_2)","decl":{"start":{"line":63,"column":4},"end":{"line":63,"column":5}},"loc":{"start":{"line":63,"column":25},"end":{"line":83,"column":5}},"line":63},"3":{"name":"(anonymous_3)","decl":{"start":{"line":85,"column":4},"end":{"line":85,"column":5}},"loc":{"start":{"line":85,"column":27},"end":{"line":110,"column":5}},"line":85},"4":{"name":"(anonymous_4)","decl":{"start":{"line":112,"column":4},"end":{"line":112,"column":5}},"loc":{"start":{"line":112,"column":28},"end":{"line":134,"column":5}},"line":112}},"branchMap":{"0":{"loc":{"start":{"line":18,"column":12},"end":{"line":33,"column":13}},"type":"if","locations":[{"start":{"line":18,"column":12},"end":{"line":33,"column":13}},{"start":{"line":18,"column":12},"end":{"line":33,"column":13}}],"line":18},"1":{"loc":{"start":{"line":18,"column":16},"end":{"line":18,"column":28}},"type":"binary-expr","locations":[{"start":{"line":18,"column":16},"end":{"line":18,"column":20}},{"start":{"line":18,"column":24},"end":{"line":18,"column":28}}],"line":18},"2":{"loc":{"start":{"line":34,"column":12},"end":{"line":36,"column":13}},"type":"if","locations":[{"start":{"line":34,"column":12},"end":{"line":36,"column":13}},{"start":{"line":34,"column":12},"end":{"line":36,"column":13}}],"line":34},"3":{"loc":{"start":{"line":48,"column":12},"end":{"line":56,"column":13}},"type":"if","locations":[{"start":{"line":48,"column":12},"end":{"line":56,"column":13}},{"start":{"line":48,"column":12},"end":{"line":56,"column":13}}],"line":48},"4":{"loc":{"start":{"line":69,"column":12},"end":{"line":77,"column":13}},"type":"if","locations":[{"start":{"line":69,"column":12},"end":{"line":77,"column":13}},{"start":{"line":69,"column":12},"end":{"line":77,"column":13}}],"line":69},"5":{"loc":{"start":{"line":120,"column":12},"end":{"line":129,"column":13}},"type":"if","locations":[{"start":{"line":120,"column":12},"end":{"line":129,"column":13}},{"start":{"line":120,"column":12},"end":{"line":129,"column":13}}],"line":120}},"s":{"0":7,"1":7,"2":7,"3":7,"4":7,"5":7,"6":7,"7":7,"8":6,"9":5,"10":5,"11":5,"12":5,"13":1,"14":0,"15":1,"16":1,"17":2,"18":2,"19":2,"20":2,"21":1,"22":1,"23":1,"24":1,"25":0,"26":2,"27":2,"28":2,"29":2,"30":1,"31":1,"32":1,"33":1,"34":0,"35":1,"36":1,"37":1,"38":0,"39":0,"40":1,"41":2,"42":2,"43":2,"44":2,"45":2,"46":1,"47":1,"48":1,"49":1,"50":1,"51":1,"52":1,"53":0},"f":{"0":7,"1":2,"2":2,"3":1,"4":2},"b":{"0":[6,1],"1":[7,6],"2":[0,1],"3":[1,1],"4":[1,1],"5":[1,1]},"_coverageSchema":"1a1c01bbd47fc00a2c39e90264f33305004495a9","hash":"21530404f41c2899c194863d51da274e7dcd5aa4"}
,"/Users/danielmaike/Work/Personal/UnB/EPS/2020.1-eSaudeUnB-BackEnd/src/controllers/WaitingListController.js": {"path":"/Users/danielmaike/Work/Personal/UnB/EPS/2020.1-eSaudeUnB-BackEnd/src/controllers/WaitingListController.js","statementMap":{"0":{"start":{"line":1,"column":20},"end":{"line":1,"column":52}},"1":{"start":{"line":3,"column":0},"end":{"line":43,"column":2}},"2":{"start":{"line":5,"column":8},"end":{"line":19,"column":9}},"3":{"start":{"line":9,"column":16},"end":{"line":9,"column":24}},"4":{"start":{"line":11,"column":32},"end":{"line":14,"column":14}},"5":{"start":{"line":16,"column":12},"end":{"line":16,"column":53}},"6":{"start":{"line":18,"column":12},"end":{"line":18,"column":64}},"7":{"start":{"line":23,"column":8},"end":{"line":29,"column":9}},"8":{"start":{"line":24,"column":33},"end":{"line":24,"column":91}},"9":{"start":{"line":26,"column":12},"end":{"line":26,"column":54}},"10":{"start":{"line":28,"column":12},"end":{"line":28,"column":64}},"11":{"start":{"line":33,"column":8},"end":{"line":41,"column":9}},"12":{"start":{"line":34,"column":30},"end":{"line":34,"column":40}},"13":{"start":{"line":36,"column":12},"end":{"line":36,"column":65}},"14":{"start":{"line":38,"column":12},"end":{"line":38,"column":42}},"15":{"start":{"line":40,"column":12},"end":{"line":40,"column":66}}},"fnMap":{"0":{"name":"(anonymous_0)","decl":{"start":{"line":4,"column":4},"end":{"line":4,"column":5}},"loc":{"start":{"line":4,"column":26},"end":{"line":20,"column":5}},"line":4},"1":{"name":"(anonymous_1)","decl":{"start":{"line":22,"column":4},"end":{"line":22,"column":5}},"loc":{"start":{"line":22,"column":26},"end":{"line":30,"column":5}},"line":22},"2":{"name":"(anonymous_2)","decl":{"start":{"line":32,"column":4},"end":{"line":32,"column":5}},"loc":{"start":{"line":32,"column":28},"end":{"line":42,"column":5}},"line":32}},"branchMap":{},"s":{"0":7,"1":7,"2":4,"3":4,"4":4,"5":2,"6":2,"7":1,"8":1,"9":1,"10":0,"11":1,"12":1,"13":1,"14":1,"15":0},"f":{"0":4,"1":1,"2":1},"b":{},"_coverageSchema":"1a1c01bbd47fc00a2c39e90264f33305004495a9","hash":"df24127de0fae90e3efc701287f602c4d6536cdb"}
,"/Users/danielmaike/Work/Personal/UnB/EPS/2020.1-eSaudeUnB-BackEnd/src/middlewares/isAdmin.js": {"path":"/Users/danielmaike/Work/Personal/UnB/EPS/2020.1-eSaudeUnB-BackEnd/src/middlewares/isAdmin.js","statementMap":{"0":{"start":{"line":1,"column":14},"end":{"line":1,"column":40}},"1":{"start":{"line":3,"column":0},"end":{"line":14,"column":2}},"2":{"start":{"line":4,"column":18},"end":{"line":4,"column":31}},"3":{"start":{"line":5,"column":17},"end":{"line":5,"column":47}},"4":{"start":{"line":6,"column":4},"end":{"line":12,"column":5}},"5":{"start":{"line":7,"column":8},"end":{"line":9,"column":9}},"6":{"start":{"line":8,"column":12},"end":{"line":8,"column":77}},"7":{"start":{"line":11,"column":8},"end":{"line":11,"column":91}},"8":{"start":{"line":13,"column":4},"end":{"line":13,"column":18}}},"fnMap":{"0":{"name":"(anonymous_0)","decl":{"start":{"line":3,"column":17},"end":{"line":3,"column":18}},"loc":{"start":{"line":3,"column":43},"end":{"line":14,"column":1}},"line":3}},"branchMap":{"0":{"loc":{"start":{"line":7,"column":8},"end":{"line":9,"column":9}},"type":"if","locations":[{"start":{"line":7,"column":8},"end":{"line":9,"column":9}},{"start":{"line":7,"column":8},"end":{"line":9,"column":9}}],"line":7}},"s":{"0":7,"1":7,"2":26,"3":26,"4":26,"5":26,"6":0,"7":0,"8":26},"f":{"0":26},"b":{"0":[0,26]},"_coverageSchema":"1a1c01bbd47fc00a2c39e90264f33305004495a9","hash":"b2ab3489307cb7daf942ad9dd1671b2d6867e5cf"}
,"/Users/danielmaike/Work/Personal/UnB/EPS/2020.1-eSaudeUnB-BackEnd/src/middlewares/isPatient.js": {"path":"/Users/danielmaike/Work/Personal/UnB/EPS/2020.1-eSaudeUnB-BackEnd/src/middlewares/isPatient.js","statementMap":{"0":{"start":{"line":1,"column":20},"end":{"line":1,"column":52}},"1":{"start":{"line":3,"column":0},"end":{"line":14,"column":2}},"2":{"start":{"line":4,"column":18},"end":{"line":4,"column":31}},"3":{"start":{"line":5,"column":17},"end":{"line":5,"column":53}},"4":{"start":{"line":6,"column":4},"end":{"line":12,"column":5}},"5":{"start":{"line":7,"column":8},"end":{"line":9,"column":9}},"6":{"start":{"line":8,"column":12},"end":{"line":8,"column":84}},"7":{"start":{"line":11,"column":8},"end":{"line":11,"column":91}},"8":{"start":{"line":13,"column":4},"end":{"line":13,"column":18}}},"fnMap":{"0":{"name":"(anonymous_0)","decl":{"start":{"line":3,"column":17},"end":{"line":3,"column":18}},"loc":{"start":{"line":3,"column":43},"end":{"line":14,"column":1}},"line":3}},"branchMap":{"0":{"loc":{"start":{"line":7,"column":8},"end":{"line":9,"column":9}},"type":"if","locations":[{"start":{"line":7,"column":8},"end":{"line":9,"column":9}},{"start":{"line":7,"column":8},"end":{"line":9,"column":9}}],"line":7},"1":{"loc":{"start":{"line":7,"column":12},"end":{"line":7,"column":54}},"type":"binary-expr","locations":[{"start":{"line":7,"column":12},"end":{"line":7,"column":40}},{"start":{"line":7,"column":44},"end":{"line":7,"column":54}}],"line":7}},"s":{"0":7,"1":7,"2":16,"3":16,"4":16,"5":16,"6":0,"7":0,"8":16},"f":{"0":16},"b":{"0":[0,16],"1":[16,16]},"_coverageSchema":"1a1c01bbd47fc00a2c39e90264f33305004495a9","hash":"7592be607ef8b497b4d3d39f66dd9cdfa54e6200"}
,"/Users/danielmaike/Work/Personal/UnB/EPS/2020.1-eSaudeUnB-BackEnd/src/middlewares/isPsychologist.js": {"path":"/Users/danielmaike/Work/Personal/UnB/EPS/2020.1-eSaudeUnB-BackEnd/src/middlewares/isPsychologist.js","statementMap":{"0":{"start":{"line":1,"column":21},"end":{"line":1,"column":54}},"1":{"start":{"line":3,"column":0},"end":{"line":15,"column":2}},"2":{"start":{"line":4,"column":18},"end":{"line":4,"column":31}},"3":{"start":{"line":5,"column":17},"end":{"line":5,"column":54}},"4":{"start":{"line":6,"column":4},"end":{"line":13,"column":5}},"5":{"start":{"line":7,"column":8},"end":{"line":10,"column":9}},"6":{"start":{"line":9,"column":12},"end":{"line":9,"column":109}},"7":{"start":{"line":12,"column":8},"end":{"line":12,"column":91}},"8":{"start":{"line":14,"column":4},"end":{"line":14,"column":18}}},"fnMap":{"0":{"name":"(anonymous_0)","decl":{"start":{"line":3,"column":17},"end":{"line":3,"column":18}},"loc":{"start":{"line":3,"column":43},"end":{"line":15,"column":1}},"line":3}},"branchMap":{"0":{"loc":{"start":{"line":7,"column":8},"end":{"line":10,"column":9}},"type":"if","locations":[{"start":{"line":7,"column":8},"end":{"line":10,"column":9}},{"start":{"line":7,"column":8},"end":{"line":10,"column":9}}],"line":7},"1":{"loc":{"start":{"line":7,"column":12},"end":{"line":8,"column":63}},"type":"binary-expr","locations":[{"start":{"line":7,"column":13},"end":{"line":7,"column":38}},{"start":{"line":7,"column":42},"end":{"line":7,"column":71}},{"start":{"line":8,"column":15},"end":{"line":8,"column":48}},{"start":{"line":8,"column":53},"end":{"line":8,"column":63}}],"line":7}},"s":{"0":7,"1":7,"2":16,"3":16,"4":16,"5":16,"6":0,"7":0,"8":16},"f":{"0":16},"b":{"0":[0,16],"1":[16,0,0,16]},"_coverageSchema":"1a1c01bbd47fc00a2c39e90264f33305004495a9","hash":"c40d1b27ab1abfd882287454f682c08b8c76b1b3"}
,"/Users/danielmaike/Work/Personal/UnB/EPS/2020.1-eSaudeUnB-BackEnd/src/middlewares/verifyToken.js": {"path":"/Users/danielmaike/Work/Personal/UnB/EPS/2020.1-eSaudeUnB-BackEnd/src/middlewares/verifyToken.js","statementMap":{"0":{"start":{"line":3,"column":12},"end":{"line":3,"column":35}},"1":{"start":{"line":4,"column":19},"end":{"line":4,"column":51}},"2":{"start":{"line":6,"column":0},"end":{"line":21,"column":2}},"3":{"start":{"line":7,"column":23},"end":{"line":7,"column":48}},"4":{"start":{"line":8,"column":4},"end":{"line":20,"column":5}},"5":{"start":{"line":9,"column":8},"end":{"line":11,"column":9}},"6":{"start":{"line":10,"column":12},"end":{"line":10,"column":72}},"7":{"start":{"line":13,"column":8},"end":{"line":17,"column":11}},"8":{"start":{"line":14,"column":12},"end":{"line":14,"column":77}},"9":{"start":{"line":14,"column":21},"end":{"line":14,"column":77}},"10":{"start":{"line":15,"column":12},"end":{"line":15,"column":42}},"11":{"start":{"line":16,"column":12},"end":{"line":16,"column":26}},"12":{"start":{"line":19,"column":8},"end":{"line":19,"column":91}}},"fnMap":{"0":{"name":"(anonymous_0)","decl":{"start":{"line":6,"column":17},"end":{"line":6,"column":18}},"loc":{"start":{"line":6,"column":43},"end":{"line":21,"column":1}},"line":6},"1":{"name":"(anonymous_1)","decl":{"start":{"line":13,"column":50},"end":{"line":13,"column":51}},"loc":{"start":{"line":13,"column":68},"end":{"line":17,"column":9}},"line":13}},"branchMap":{"0":{"loc":{"start":{"line":9,"column":8},"end":{"line":11,"column":9}},"type":"if","locations":[{"start":{"line":9,"column":8},"end":{"line":11,"column":9}},{"start":{"line":9,"column":8},"end":{"line":11,"column":9}}],"line":9},"1":{"loc":{"start":{"line":14,"column":12},"end":{"line":14,"column":77}},"type":"if","locations":[{"start":{"line":14,"column":12},"end":{"line":14,"column":77}},{"start":{"line":14,"column":12},"end":{"line":14,"column":77}}],"line":14}},"s":{"0":7,"1":7,"2":7,"3":102,"4":102,"5":102,"6":0,"7":102,"8":102,"9":0,"10":102,"11":102,"12":0},"f":{"0":102,"1":102},"b":{"0":[0,102],"1":[0,102]},"_coverageSchema":"1a1c01bbd47fc00a2c39e90264f33305004495a9","hash":"624f32b93a8871099becf7461080a8bbbd5847f2"}
,"/Users/danielmaike/Work/Personal/UnB/EPS/2020.1-eSaudeUnB-BackEnd/src/models/Admin.js": {"path":"/Users/danielmaike/Work/Personal/UnB/EPS/2020.1-eSaudeUnB-BackEnd/src/models/Admin.js","statementMap":{"0":{"start":{"line":1,"column":17},"end":{"line":1,"column":36}},"1":{"start":{"line":3,"column":20},"end":{"line":17,"column":2}},"2":{"start":{"line":19,"column":0},"end":{"line":19,"column":54}}},"fnMap":{},"branchMap":{},"s":{"0":7,"1":7,"2":7},"f":{},"b":{},"_coverageSchema":"1a1c01bbd47fc00a2c39e90264f33305004495a9","hash":"16f58d5ae9c5ab93a8b9b591714bb6942fe658cc"}
,"/Users/danielmaike/Work/Personal/UnB/EPS/2020.1-eSaudeUnB-BackEnd/src/models/Psychologist.js": {"path":"/Users/danielmaike/Work/Personal/UnB/EPS/2020.1-eSaudeUnB-BackEnd/src/models/Psychologist.js","statementMap":{"0":{"start":{"line":2,"column":17},"end":{"line":2,"column":36}},"1":{"start":{"line":4,"column":27},"end":{"line":66,"column":2}},"2":{"start":{"line":68,"column":0},"end":{"line":68,"column":68}}},"fnMap":{},"branchMap":{},"s":{"0":7,"1":7,"2":7},"f":{},"b":{},"_coverageSchema":"1a1c01bbd47fc00a2c39e90264f33305004495a9","hash":"38a848af84c910414905e3a0318d7c8b67e5461d"}
,"/Users/danielmaike/Work/Personal/UnB/EPS/2020.1-eSaudeUnB-BackEnd/src/models/Session.js": {"path":"/Users/danielmaike/Work/Personal/UnB/EPS/2020.1-eSaudeUnB-BackEnd/src/models/Session.js","statementMap":{"0":{"start":{"line":1,"column":17},"end":{"line":1,"column":36}},"1":{"start":{"line":3,"column":22},"end":{"line":29,"column":2}},"2":{"start":{"line":31,"column":0},"end":{"line":31,"column":58}}},"fnMap":{},"branchMap":{},"s":{"0":7,"1":7,"2":7},"f":{},"b":{},"_coverageSchema":"1a1c01bbd47fc00a2c39e90264f33305004495a9","hash":"dbed78edd96031a9d2ba14870451673b4245ce54"}
,"/Users/danielmaike/Work/Personal/UnB/EPS/2020.1-eSaudeUnB-BackEnd/src/models/UserPatient.js": {"path":"/Users/danielmaike/Work/Personal/UnB/EPS/2020.1-eSaudeUnB-BackEnd/src/models/UserPatient.js","statementMap":{"0":{"start":{"line":1,"column":17},"end":{"line":1,"column":36}},"1":{"start":{"line":3,"column":26},"end":{"line":150,"column":1}},"2":{"start":{"line":152,"column":0},"end":{"line":152,"column":66}}},"fnMap":{},"branchMap":{},"s":{"0":7,"1":7,"2":7},"f":{},"b":{},"_coverageSchema":"1a1c01bbd47fc00a2c39e90264f33305004495a9","hash":"dd9b3e13bf9df7a9f21718c496e0abf7772bd722"}
,"/Users/danielmaike/Work/Personal/UnB/EPS/2020.1-eSaudeUnB-BackEnd/src/models/WaitingList.js": {"path":"/Users/danielmaike/Work/Personal/UnB/EPS/2020.1-eSaudeUnB-BackEnd/src/models/WaitingList.js","statementMap":{"0":{"start":{"line":1,"column":17},"end":{"line":1,"column":36}},"1":{"start":{"line":3,"column":26},"end":{"line":12,"column":24}},"2":{"start":{"line":14,"column":0},"end":{"line":14,"column":66}}},"fnMap":{},"branchMap":{},"s":{"0":7,"1":7,"2":7},"f":{},"b":{},"_coverageSchema":"1a1c01bbd47fc00a2c39e90264f33305004495a9","hash":"47011e179fc34beef126f477d60568de1fab2be8"}
}
