TN:
SF:src/routes.js
FNF:0
FNH:0
DA:1,1
DA:2,1
DA:3,1
DA:4,1
DA:5,1
DA:6,1
DA:7,1
DA:9,1
DA:10,1
DA:11,1
DA:12,1
DA:13,1
DA:15,1
DA:18,1
DA:19,1
DA:20,1
DA:21,1
DA:22,1
DA:23,1
DA:24,1
DA:25,1
DA:27,1
DA:28,1
DA:31,1
DA:32,1
DA:35,1
DA:36,1
DA:37,1
DA:38,1
DA:39,1
DA:42,1
DA:43,1
DA:44,1
DA:45,1
DA:46,1
DA:47,1
DA:48,1
DA:49,1
DA:50,1
DA:51,1
DA:58,1
DA:59,1
DA:60,1
DA:62,1
LF:44
LH:44
BRF:0
BRH:0
end_of_record
TN:
SF:src/server.js
FNF:0
FNH:0
DA:1,1
DA:2,1
DA:3,1
DA:5,1
DA:7,1
DA:8,1
DA:9,1
DA:10,1
DA:11,1
DA:13,1
LF:10
LH:10
BRF:0
BRH:0
end_of_record
TN:
SF:src/config/ForgetPassword_email.js
FN:4,(anonymous_0)
FNF:1
FNH:0
FNDA:0,(anonymous_0)
DA:1,1
DA:3,1
DA:5,0
LF:3
LH:2
BRF:0
BRH:0
end_of_record
TN:
SF:src/config/Patient_email.js
FN:4,(anonymous_0)
FNF:1
FNH:1
FNDA:2,(anonymous_0)
DA:1,1
DA:3,1
DA:5,2
LF:3
LH:3
BRF:0
BRH:0
end_of_record
TN:
SF:src/config/Psychologist_email.js
FN:4,(anonymous_0)
FNF:1
FNH:0
FNDA:0,(anonymous_0)
DA:1,1
DA:3,1
DA:5,0
LF:3
LH:2
BRF:0
BRH:0
end_of_record
TN:
SF:src/config/auth.config.js
FNF:0
FNH:0
DA:1,1
LF:1
LH:1
BRF:0
BRH:0
end_of_record
TN:
SF:src/config/email.config.js
FN:4,(anonymous_0)
FNF:1
FNH:0
FNDA:0,(anonymous_0)
DA:1,1
DA:3,1
DA:5,0
LF:3
LH:2
BRF:0
BRH:0
end_of_record
TN:
SF:src/controllers/AdminController.js
FN:8,(anonymous_0)
FN:32,(anonymous_1)
FNF:2
FNH:2
FNDA:6,(anonymous_0)
FNDA:3,(anonymous_1)
DA:1,1
DA:2,1
DA:3,1
DA:5,1
DA:7,1
DA:9,6
DA:10,6
DA:12,6
DA:14,6
DA:15,5
DA:18,1
DA:20,1
DA:26,1
DA:28,0
DA:33,3
DA:34,3
DA:35,3
DA:37,3
DA:38,3
DA:39,3
DA:43,3
DA:48,0
DA:50,0
DA:52,0
LF:24
LH:20
BRDA:14,0,0,5
BRDA:14,0,1,1
BRDA:37,1,0,3
BRDA:37,1,1,0
BRDA:38,2,0,3
BRDA:38,2,1,0
BRF:6
BRH:4
end_of_record
TN:
SF:src/controllers/LoginController.js
FN:8,(anonymous_0)
FN:36,(anonymous_1)
FNF:2
FNH:1
FNDA:1,(anonymous_0)
FNDA:0,(anonymous_1)
DA:1,1
DA:2,1
DA:3,1
DA:4,1
DA:5,1
DA:7,1
DA:9,1
DA:10,1
DA:11,1
DA:13,1
DA:14,1
DA:15,1
DA:23,1
DA:28,0
DA:30,0
DA:32,0
DA:37,0
DA:38,0
DA:40,0
DA:42,0
DA:44,0
DA:45,0
DA:53,0
DA:58,0
DA:60,0
DA:62,0
LF:26
LH:13
BRDA:13,0,0,1
BRDA:13,0,1,0
BRDA:14,1,0,1
BRDA:14,1,1,0
BRDA:42,2,0,0
BRDA:42,2,1,0
BRDA:44,3,0,0
BRDA:44,3,1,0
BRF:8
BRH:2
end_of_record
TN:
SF:src/controllers/PatientController.js
FN:180,calculateScore
FN:242,(anonymous_1)
FN:351,(anonymous_2)
FN:361,(anonymous_3)
FN:371,(anonymous_4)
FN:385,(anonymous_5)
FN:569,(anonymous_6)
FN:587,(anonymous_7)
FN:617,(anonymous_8)
FNF:9
FNH:1
FNDA:0,calculateScore
FNDA:2,(anonymous_1)
FNDA:0,(anonymous_2)
FNDA:0,(anonymous_3)
FNDA:0,(anonymous_4)
FNDA:0,(anonymous_5)
FNDA:0,(anonymous_6)
FNDA:0,(anonymous_7)
FNDA:0,(anonymous_8)
DA:1,1
DA:2,1
DA:3,1
DA:4,1
DA:5,1
DA:6,1
DA:7,1
DA:9,1
DA:71,1
DA:121,1
DA:176,1
DA:187,0
DA:188,0
DA:189,0
DA:190,0
DA:191,0
DA:192,0
DA:193,0
DA:194,0
DA:195,0
DA:196,0
DA:197,0
DA:198,0
DA:199,0
DA:200,0
DA:201,0
DA:202,0
DA:203,0
DA:204,0
DA:205,0
DA:206,0
DA:207,0
DA:208,0
DA:209,0
DA:210,0
DA:211,0
DA:212,0
DA:213,0
DA:214,0
DA:215,0
DA:217,0
DA:218,0
DA:220,0
DA:221,0
DA:223,0
DA:224,0
DA:225,0
DA:226,0
DA:227,0
DA:228,0
DA:229,0
DA:230,0
DA:231,0
DA:232,0
DA:234,0
DA:235,0
DA:238,0
DA:241,1
DA:243,2
DA:270,2
DA:272,2
DA:273,2
DA:275,2
DA:276,0
DA:281,2
DA:309,2
DA:310,0
DA:313,2
DA:315,2
DA:343,2
DA:345,0
DA:347,2
DA:352,0
DA:353,0
DA:354,0
DA:355,0
DA:357,0
DA:362,0
DA:363,0
DA:365,0
DA:367,0
DA:372,0
DA:373,0
DA:375,0
DA:377,0
DA:381,0
DA:386,0
DA:411,0
DA:413,0
DA:415,0
DA:442,0
DA:443,0
DA:446,0
DA:472,0
DA:476,0
DA:477,0
DA:480,0
DA:481,0
DA:490,0
DA:491,0
DA:493,0
DA:494,0
DA:496,0
DA:497,0
DA:499,0
DA:500,0
DA:502,0
DA:503,0
DA:505,0
DA:506,0
DA:508,0
DA:509,0
DA:511,0
DA:512,0
DA:514,0
DA:515,0
DA:517,0
DA:518,0
DA:520,0
DA:521,0
DA:523,0
DA:524,0
DA:526,0
DA:527,0
DA:529,0
DA:530,0
DA:532,0
DA:533,0
DA:535,0
DA:536,0
DA:538,0
DA:539,0
DA:541,0
DA:542,0
DA:544,0
DA:545,0
DA:547,0
DA:548,0
DA:550,0
DA:551,0
DA:553,0
DA:554,0
DA:556,0
DA:557,0
DA:560,0
DA:562,0
DA:563,0
DA:565,0
DA:570,0
DA:571,0
DA:573,0
DA:577,0
DA:579,0
DA:581,0
DA:583,0
DA:588,0
DA:589,0
DA:590,0
DA:593,0
DA:594,0
DA:595,0
DA:598,0
DA:599,0
DA:601,0
DA:602,0
DA:603,0
DA:604,0
DA:605,0
DA:607,0
DA:609,0
DA:611,0
DA:618,0
DA:619,0
DA:620,0
DA:623,0
DA:624,0
DA:625,0
DA:626,0
DA:627,0
DA:628,0
DA:629,0
DA:631,0
DA:633,0
LF:183
LH:23
BRDA:188,0,0,0
BRDA:188,0,1,0
BRDA:190,1,0,0
BRDA:190,1,1,0
BRDA:192,2,0,0
BRDA:192,2,1,0
BRDA:194,3,0,0
BRDA:194,3,1,0
BRDA:196,4,0,0
BRDA:196,4,1,0
BRDA:198,5,0,0
BRDA:198,5,1,0
BRDA:200,6,0,0
BRDA:200,6,1,0
BRDA:202,7,0,0
BRDA:202,7,1,0
BRDA:204,8,0,0
BRDA:204,8,1,0
BRDA:206,9,0,0
BRDA:206,9,1,0
BRDA:208,10,0,0
BRDA:208,10,1,0
BRDA:210,11,0,0
BRDA:210,11,1,0
BRDA:212,12,0,0
BRDA:212,12,1,0
BRDA:214,13,0,0
BRDA:214,13,1,0
BRDA:217,14,0,0
BRDA:217,14,1,0
BRDA:220,15,0,0
BRDA:220,15,1,0
BRDA:223,16,0,0
BRDA:223,16,1,0
BRDA:225,17,0,0
BRDA:225,17,1,0
BRDA:227,18,0,0
BRDA:227,18,1,0
BRDA:229,19,0,0
BRDA:229,19,1,0
BRDA:231,20,0,0
BRDA:231,20,1,0
BRDA:234,21,0,0
BRDA:234,21,1,0
BRDA:275,22,0,0
BRDA:275,22,1,2
BRDA:275,23,0,2
BRDA:275,23,1,2
BRDA:309,24,0,0
BRDA:309,24,1,2
BRDA:442,25,0,0
BRDA:442,25,1,0
BRDA:476,26,0,0
BRDA:476,26,1,0
BRDA:480,27,0,0
BRDA:480,27,1,0
BRDA:490,28,0,0
BRDA:490,28,1,0
BRDA:493,29,0,0
BRDA:493,29,1,0
BRDA:496,30,0,0
BRDA:496,30,1,0
BRDA:499,31,0,0
BRDA:499,31,1,0
BRDA:502,32,0,0
BRDA:502,32,1,0
BRDA:505,33,0,0
BRDA:505,33,1,0
BRDA:508,34,0,0
BRDA:508,34,1,0
BRDA:511,35,0,0
BRDA:511,35,1,0
BRDA:514,36,0,0
BRDA:514,36,1,0
BRDA:517,37,0,0
BRDA:517,37,1,0
BRDA:520,38,0,0
BRDA:520,38,1,0
BRDA:523,39,0,0
BRDA:523,39,1,0
BRDA:526,40,0,0
BRDA:526,40,1,0
BRDA:529,41,0,0
BRDA:529,41,1,0
BRDA:532,42,0,0
BRDA:532,42,1,0
BRDA:535,43,0,0
BRDA:535,43,1,0
BRDA:538,44,0,0
BRDA:538,44,1,0
BRDA:541,45,0,0
BRDA:541,45,1,0
BRDA:544,46,0,0
BRDA:544,46,1,0
BRDA:547,47,0,0
BRDA:547,47,1,0
BRDA:550,48,0,0
BRDA:550,48,1,0
BRDA:553,49,0,0
BRDA:553,49,1,0
BRDA:556,50,0,0
BRDA:556,50,1,0
BRDA:560,51,0,0
BRDA:560,51,1,0
BRDA:593,52,0,0
BRDA:593,52,1,0
BRDA:594,53,0,0
BRDA:594,53,1,0
BRDA:598,54,0,0
BRDA:598,54,1,0
BRDA:623,55,0,0
BRDA:623,55,1,0
BRF:112
BRH:4
end_of_record
TN:
SF:src/controllers/PsychologistController.js
FN:60,(anonymous_0)
FN:123,(anonymous_1)
FN:134,(anonymous_2)
FN:143,(anonymous_3)
FN:155,(anonymous_4)
FN:230,(anonymous_5)
FN:258,(anonymous_6)
FNF:7
FNH:1
FNDA:1,(anonymous_0)
FNDA:0,(anonymous_1)
FNDA:0,(anonymous_2)
FNDA:0,(anonymous_3)
FNDA:0,(anonymous_4)
FNDA:0,(anonymous_5)
FNDA:0,(anonymous_6)
DA:1,1
DA:2,1
DA:5,1
DA:6,1
DA:7,1
DA:8,1
DA:10,1
DA:52,1
DA:59,1
DA:61,1
DA:62,1
DA:74,1
DA:76,1
DA:77,1
DA:79,1
DA:80,0
DA:83,1
DA:96,1
DA:97,0
DA:102,1
DA:116,1
DA:117,1
DA:119,0
DA:124,0
DA:125,0
DA:126,0
DA:128,0
DA:130,0
DA:135,0
DA:136,0
DA:137,0
DA:139,0
DA:144,0
DA:145,0
DA:147,0
DA:149,0
DA:151,0
DA:156,0
DA:167,0
DA:169,0
DA:170,0
DA:174,0
DA:175,0
DA:177,0
DA:178,0
DA:180,0
DA:181,0
DA:183,0
DA:184,0
DA:186,0
DA:187,0
DA:189,0
DA:190,0
DA:192,0
DA:193,0
DA:195,0
DA:196,0
DA:198,0
DA:199,0
DA:201,0
DA:202,0
DA:205,0
DA:218,0
DA:219,0
DA:221,0
DA:222,0
DA:224,0
DA:231,0
DA:232,0
DA:233,0
DA:234,0
DA:235,0
DA:237,0
DA:240,0
DA:241,0
DA:243,0
DA:244,0
DA:245,0
DA:246,0
DA:248,0
DA:250,0
DA:252,0
DA:259,0
DA:260,0
DA:261,0
DA:262,0
DA:264,0
DA:265,0
DA:266,0
DA:267,0
DA:268,0
DA:270,0
DA:272,0
LF:93
LH:20
BRDA:79,0,0,0
BRDA:79,0,1,1
BRDA:79,1,0,1
BRDA:79,1,1,1
BRDA:96,2,0,0
BRDA:96,2,1,1
BRDA:174,3,0,0
BRDA:174,3,1,0
BRDA:177,4,0,0
BRDA:177,4,1,0
BRDA:180,5,0,0
BRDA:180,5,1,0
BRDA:183,6,0,0
BRDA:183,6,1,0
BRDA:186,7,0,0
BRDA:186,7,1,0
BRDA:189,8,0,0
BRDA:189,8,1,0
BRDA:192,9,0,0
BRDA:192,9,1,0
BRDA:195,10,0,0
BRDA:195,10,1,0
BRDA:198,11,0,0
BRDA:198,11,1,0
BRDA:201,12,0,0
BRDA:201,12,1,0
BRDA:218,13,0,0
BRDA:218,13,1,0
BRDA:234,14,0,0
BRDA:234,14,1,0
BRDA:235,15,0,0
BRDA:235,15,1,0
BRDA:240,16,0,0
BRDA:240,16,1,0
BRDA:262,17,0,0
BRDA:262,17,1,0
BRF:36
BRH:4
end_of_record
TN:
SF:src/controllers/PsychologyCalendary.js
FN:4,(anonymous_0)
FN:30,(anonymous_1)
FN:39,(anonymous_2)
FNF:3
FNH:0
FNDA:0,(anonymous_0)
FNDA:0,(anonymous_1)
FNDA:0,(anonymous_2)
DA:1,1
DA:3,1
DA:5,0
DA:6,0
DA:7,0
DA:8,0
DA:14,0
DA:16,0
DA:17,0
DA:23,0
DA:25,0
DA:27,0
DA:31,0
DA:32,0
DA:33,0
DA:34,0
DA:36,0
DA:40,0
DA:41,0
DA:42,0
DA:43,0
DA:45,0
LF:22
LH:2
BRDA:7,0,0,0
BRDA:7,0,1,0
BRDA:16,1,0,0
BRDA:16,1,1,0
BRF:4
BRH:0
end_of_record
TN:
SF:src/controllers/SessionController.js
FN:5,(anonymous_0)
FN:43,(anonymous_1)
FN:63,(anonymous_2)
FN:85,(anonymous_3)
FN:112,(anonymous_4)
FNF:5
FNH:0
FNDA:0,(anonymous_0)
FNDA:0,(anonymous_1)
FNDA:0,(anonymous_2)
FNDA:0,(anonymous_3)
FNDA:0,(anonymous_4)
DA:1,1
DA:2,1
DA:4,1
DA:6,0
DA:7,0
DA:15,0
DA:17,0
DA:18,0
DA:19,0
DA:26,0
DA:27,0
DA:28,0
DA:32,0
DA:34,0
DA:35,0
DA:37,0
DA:39,0
DA:44,0
DA:45,0
DA:47,0
DA:48,0
DA:49,0
DA:50,0
DA:55,0
DA:57,0
DA:59,0
DA:64,0
DA:65,0
DA:67,0
DA:69,0
DA:70,0
DA:71,0
DA:76,0
DA:79,0
DA:81,0
DA:86,0
DA:94,0
DA:96,0
DA:104,0
DA:106,0
DA:108,0
DA:113,0
DA:114,0
DA:116,0
DA:118,0
DA:120,0
DA:121,0
DA:122,0
DA:124,0
DA:125,0
DA:126,0
DA:128,0
DA:130,0
DA:132,0
LF:54
LH:3
BRDA:18,0,0,0
BRDA:18,0,1,0
BRDA:18,1,0,0
BRDA:18,1,1,0
BRDA:34,2,0,0
BRDA:34,2,1,0
BRDA:48,3,0,0
BRDA:48,3,1,0
BRDA:69,4,0,0
BRDA:69,4,1,0
BRDA:120,5,0,0
BRDA:120,5,1,0
BRF:12
BRH:0
end_of_record
TN:
SF:src/controllers/WaitingListController.js
FN:4,(anonymous_0)
FN:22,(anonymous_1)
FN:32,(anonymous_2)
FNF:3
FNH:0
FNDA:0,(anonymous_0)
FNDA:0,(anonymous_1)
FNDA:0,(anonymous_2)
DA:1,1
DA:3,1
DA:5,0
DA:9,0
DA:11,0
DA:16,0
DA:18,0
DA:23,0
DA:24,0
DA:26,0
DA:28,0
DA:33,0
DA:34,0
DA:36,0
DA:38,0
DA:40,0
LF:16
LH:2
BRF:0
BRH:0
end_of_record
TN:
SF:src/middlewares/isAdmin.js
FN:5,(anonymous_0)
FNF:1
FNH:1
FNDA:2,(anonymous_0)
DA:1,1
DA:2,1
DA:3,1
DA:5,1
DA:6,2
DA:7,2
DA:8,2
DA:9,1
DA:10,1
DA:11,0
DA:14,2
DA:15,2
DA:16,1
DA:19,0
DA:21,1
LF:15
LH:13
BRDA:8,0,0,1
BRDA:8,0,1,1
BRDA:10,1,0,0
BRDA:10,1,1,1
BRDA:15,2,0,1
BRDA:15,2,1,1
BRF:6
BRH:5
end_of_record
TN:
SF:src/middlewares/isPatient.js
FN:5,(anonymous_0)
FNF:1
FNH:1
FNDA:1,(anonymous_0)
DA:1,1
DA:2,1
DA:3,1
DA:5,1
DA:6,1
DA:7,1
DA:8,1
DA:9,1
DA:10,1
DA:11,1
DA:14,1
DA:15,1
DA:16,1
DA:19,0
DA:21,0
LF:15
LH:13
BRDA:8,0,0,1
BRDA:8,0,1,0
BRDA:10,1,0,1
BRDA:10,1,1,0
BRDA:15,2,0,1
BRDA:15,2,1,0
BRDA:15,3,0,1
BRDA:15,3,1,1
BRF:8
BRH:5
end_of_record
TN:
SF:src/middlewares/isPsychologist.js
FN:5,(anonymous_0)
FNF:1
FNH:1
FNDA:1,(anonymous_0)
DA:1,1
DA:2,1
DA:3,1
DA:5,1
DA:6,1
DA:7,1
DA:8,1
DA:9,1
DA:10,1
DA:11,1
DA:14,1
DA:15,1
DA:17,1
DA:20,0
DA:22,0
LF:15
LH:13
BRDA:8,0,0,1
BRDA:8,0,1,0
BRDA:10,1,0,1
BRDA:10,1,1,0
BRDA:15,2,0,1
BRDA:15,2,1,0
BRDA:15,3,0,1
BRDA:15,3,1,1
BRDA:15,3,2,1
BRDA:15,3,3,0
BRF:10
BRH:6
end_of_record
TN:
SF:src/middlewares/verifyToken.js
FN:6,(anonymous_0)
FN:13,(anonymous_1)
FNF:2
FNH:2
FNDA:6,(anonymous_0)
FNDA:5,(anonymous_1)
DA:3,1
DA:4,1
DA:6,1
DA:7,6
DA:8,6
DA:9,6
DA:10,1
DA:13,5
DA:14,5
DA:15,4
DA:16,4
DA:19,0
LF:12
LH:11
BRDA:9,0,0,1
BRDA:9,0,1,5
BRDA:14,1,0,1
BRDA:14,1,1,4
BRF:4
BRH:4
end_of_record
TN:
SF:src/models/Admin.js
FNF:0
FNH:0
DA:1,1
DA:3,1
DA:19,1
LF:3
LH:3
BRF:0
BRH:0
end_of_record
TN:
SF:src/models/Psychologist.js
FNF:0
FNH:0
DA:2,1
DA:4,1
DA:68,1
LF:3
LH:3
BRF:0
BRH:0
end_of_record
TN:
SF:src/models/Session.js
FNF:0
FNH:0
DA:1,1
DA:3,1
DA:31,1
LF:3
LH:3
BRF:0
BRH:0
end_of_record
TN:
SF:src/models/UserPatient.js
FNF:0
FNH:0
DA:1,1
DA:3,1
DA:152,1
LF:3
LH:3
BRF:0
BRH:0
end_of_record
TN:
SF:src/models/WaitingList.js
FNF:0
FNH:0
DA:1,1
DA:3,1
DA:14,1
LF:3
LH:3
BRF:0
BRH:0
end_of_record
