TN:
SF:src/routes.js
FNF:0
FNH:0
DA:1,8
DA:2,8
DA:3,8
DA:4,8
DA:5,8
DA:6,8
DA:7,8
DA:9,8
DA:10,8
DA:11,8
DA:12,8
DA:13,8
DA:15,8
DA:18,8
DA:19,8
DA:20,8
DA:21,8
DA:22,8
DA:23,8
DA:24,8
DA:25,8
DA:27,8
DA:28,8
DA:31,8
DA:32,8
DA:35,8
DA:36,8
DA:37,8
DA:38,8
DA:39,8
DA:42,8
DA:43,8
DA:44,8
DA:45,8
DA:46,8
DA:47,8
DA:48,8
DA:49,8
DA:50,8
DA:51,8
DA:58,8
DA:59,8
DA:60,8
DA:62,8
LF:44
LH:44
BRF:0
BRH:0
end_of_record
TN:
SF:src/server.js
FNF:0
FNH:0
DA:1,8
DA:2,8
DA:3,8
DA:5,8
DA:7,8
DA:8,8
DA:9,8
DA:10,8
DA:11,8
DA:13,8
LF:10
LH:10
BRF:0
BRH:0
end_of_record
TN:
SF:src/config/ForgetPassword_email.js
FN:4,(anonymous_0)
FNF:1
FNH:0
FNDA:0,(anonymous_0)
DA:1,8
DA:3,8
DA:5,0
LF:3
LH:2
BRF:0
BRH:0
end_of_record
TN:
SF:src/config/Patient_email.js
FN:4,(anonymous_0)
FNF:1
FNH:1
FNDA:2,(anonymous_0)
DA:1,8
DA:3,8
DA:5,2
LF:3
LH:3
BRF:0
BRH:0
end_of_record
TN:
SF:src/config/Psychologist_email.js
FN:4,(anonymous_0)
FNF:1
FNH:0
FNDA:0,(anonymous_0)
DA:1,8
DA:3,8
DA:5,0
LF:3
LH:2
BRF:0
BRH:0
end_of_record
TN:
SF:src/config/Waitinglist_email.js
FN:5,(anonymous_0)
FNF:1
FNH:0
FNDA:0,(anonymous_0)
DA:1,8
DA:2,8
DA:4,8
DA:6,0
DA:7,0
LF:5
LH:3
BRF:0
BRH:0
end_of_record
TN:
SF:src/config/auth.config.js
FNF:0
FNH:0
DA:1,8
LF:1
LH:1
BRF:0
BRH:0
end_of_record
TN:
SF:src/config/email.config.js
FNF:0
FNH:0
DA:1,8
DA:3,8
DA:12,8
LF:3
LH:3
BRF:0
BRH:0
end_of_record
TN:
SF:src/controllers/AdminController.js
FN:8,(anonymous_0)
FN:32,(anonymous_1)
FNF:2
FNH:2
FNDA:52,(anonymous_0)
FNDA:51,(anonymous_1)
DA:1,8
DA:2,8
DA:3,8
DA:5,8
DA:7,8
DA:9,52
DA:10,52
DA:12,52
DA:14,52
DA:15,47
DA:18,5
DA:20,4
DA:26,4
DA:28,1
DA:33,51
DA:34,51
DA:35,51
DA:37,51
DA:38,50
DA:39,49
DA:43,49
DA:48,1
DA:50,1
DA:52,1
LF:24
LH:24
BRDA:14,0,0,47
BRDA:14,0,1,5
BRDA:37,1,0,50
BRDA:37,1,1,1
BRDA:38,2,0,49
BRDA:38,2,1,1
BRF:6
BRH:6
end_of_record
TN:
SF:src/controllers/LoginController.js
FN:8,(anonymous_0)
FN:36,(anonymous_1)
FNF:2
FNH:2
FNDA:14,(anonymous_0)
FNDA:24,(anonymous_1)
DA:1,8
DA:2,8
DA:3,8
DA:4,8
DA:5,8
DA:7,8
DA:9,14
DA:10,14
DA:11,14
DA:13,14
DA:14,12
DA:15,11
DA:23,11
DA:28,1
DA:30,2
DA:32,2
DA:37,24
DA:38,24
DA:40,24
DA:42,24
DA:44,22
DA:45,21
DA:53,21
DA:58,1
DA:60,2
DA:62,2
LF:26
LH:26
BRDA:13,0,0,12
BRDA:13,0,1,2
BRDA:14,1,0,11
BRDA:14,1,1,1
BRDA:42,2,0,22
BRDA:42,2,1,2
BRDA:44,3,0,21
BRDA:44,3,1,1
BRF:8
BRH:8
end_of_record
TN:
SF:src/controllers/PatientController.js
FN:180,calculateScore
FN:242,(anonymous_1)
FN:351,(anonymous_2)
FN:361,(anonymous_3)
FN:371,(anonymous_4)
FN:385,(anonymous_5)
FN:569,(anonymous_6)
FN:587,(anonymous_7)
FN:617,(anonymous_8)
FNF:9
FNH:9
FNDA:14,calculateScore
FNDA:37,(anonymous_1)
FNDA:2,(anonymous_2)
FNDA:2,(anonymous_3)
FNDA:2,(anonymous_4)
FNDA:15,(anonymous_5)
FNDA:2,(anonymous_6)
FNDA:4,(anonymous_7)
FNDA:2,(anonymous_8)
DA:1,8
DA:2,8
DA:3,8
DA:4,8
DA:5,8
DA:6,8
DA:7,8
DA:9,8
DA:71,8
DA:121,8
DA:176,8
DA:187,14
DA:188,14
DA:189,1
DA:190,13
DA:191,1
DA:192,12
DA:193,1
DA:194,11
DA:195,1
DA:196,10
DA:197,1
DA:198,9
DA:199,1
DA:200,8
DA:201,1
DA:202,7
DA:203,1
DA:204,6
DA:205,1
DA:206,5
DA:207,1
DA:208,4
DA:209,1
DA:210,3
DA:211,1
DA:212,2
DA:213,1
DA:214,1
DA:215,1
DA:217,14
DA:218,1
DA:220,14
DA:221,1
DA:223,14
DA:224,1
DA:225,13
DA:226,1
DA:227,12
DA:228,1
DA:229,11
DA:230,1
DA:231,10
DA:232,1
DA:234,14
DA:235,1
DA:238,14
DA:241,8
DA:243,37
DA:270,37
DA:272,37
DA:273,36
DA:275,36
DA:276,1
DA:281,35
DA:309,35
DA:310,1
DA:313,34
DA:315,34
DA:343,34
DA:345,34
DA:347,1
DA:352,2
DA:353,2
DA:354,2
DA:355,1
DA:357,1
DA:362,2
DA:363,2
DA:365,1
DA:367,1
DA:372,2
DA:373,2
DA:375,2
DA:377,1
DA:381,1
DA:386,15
DA:411,15
DA:413,15
DA:415,15
DA:442,15
DA:443,1
DA:446,14
DA:472,14
DA:476,14
DA:477,1
DA:480,14
DA:481,14
DA:490,14
DA:491,14
DA:493,14
DA:494,14
DA:496,14
DA:497,14
DA:499,14
DA:500,1
DA:502,14
DA:503,1
DA:505,14
DA:506,1
DA:508,14
DA:509,5
DA:511,14
DA:512,1
DA:514,14
DA:515,1
DA:517,14
DA:518,1
DA:520,14
DA:521,1
DA:523,14
DA:524,1
DA:526,14
DA:527,1
DA:529,14
DA:530,1
DA:532,14
DA:533,1
DA:535,14
DA:536,1
DA:538,14
DA:539,1
DA:541,14
DA:542,1
DA:544,14
DA:545,1
DA:547,14
DA:548,1
DA:550,14
DA:551,1
DA:553,14
DA:554,1
DA:556,14
DA:557,14
DA:560,14
DA:562,14
DA:563,14
DA:565,0
DA:570,2
DA:571,2
DA:573,2
DA:577,1
DA:579,1
DA:581,1
DA:583,1
DA:588,4
DA:589,4
DA:590,4
DA:593,4
DA:594,3
DA:595,3
DA:598,3
DA:599,1
DA:601,2
DA:602,1
DA:603,1
DA:604,1
DA:605,1
DA:607,0
DA:609,1
DA:611,2
DA:618,2
DA:619,2
DA:620,2
DA:623,2
DA:624,1
DA:625,1
DA:626,1
DA:627,1
DA:628,1
DA:629,1
DA:631,1
DA:633,1
LF:183
LH:181
BRDA:188,0,0,1
BRDA:188,0,1,13
BRDA:190,1,0,1
BRDA:190,1,1,12
BRDA:192,2,0,1
BRDA:192,2,1,11
BRDA:194,3,0,1
BRDA:194,3,1,10
BRDA:196,4,0,1
BRDA:196,4,1,9
BRDA:198,5,0,1
BRDA:198,5,1,8
BRDA:200,6,0,1
BRDA:200,6,1,7
BRDA:202,7,0,1
BRDA:202,7,1,6
BRDA:204,8,0,1
BRDA:204,8,1,5
BRDA:206,9,0,1
BRDA:206,9,1,4
BRDA:208,10,0,1
BRDA:208,10,1,3
BRDA:210,11,0,1
BRDA:210,11,1,2
BRDA:212,12,0,1
BRDA:212,12,1,1
BRDA:214,13,0,1
BRDA:214,13,1,0
BRDA:217,14,0,1
BRDA:217,14,1,13
BRDA:220,15,0,1
BRDA:220,15,1,13
BRDA:223,16,0,1
BRDA:223,16,1,13
BRDA:225,17,0,1
BRDA:225,17,1,12
BRDA:227,18,0,1
BRDA:227,18,1,11
BRDA:229,19,0,1
BRDA:229,19,1,10
BRDA:231,20,0,1
BRDA:231,20,1,9
BRDA:234,21,0,1
BRDA:234,21,1,13
BRDA:275,22,0,1
BRDA:275,22,1,35
BRDA:275,23,0,36
BRDA:275,23,1,35
BRDA:309,24,0,1
BRDA:309,24,1,34
BRDA:442,25,0,1
BRDA:442,25,1,14
BRDA:476,26,0,1
BRDA:476,26,1,13
BRDA:480,27,0,14
BRDA:480,27,1,0
BRDA:490,28,0,14
BRDA:490,28,1,0
BRDA:493,29,0,14
BRDA:493,29,1,0
BRDA:496,30,0,14
BRDA:496,30,1,0
BRDA:499,31,0,1
BRDA:499,31,1,13
BRDA:502,32,0,1
BRDA:502,32,1,13
BRDA:505,33,0,1
BRDA:505,33,1,13
BRDA:508,34,0,5
BRDA:508,34,1,9
BRDA:511,35,0,1
BRDA:511,35,1,13
BRDA:514,36,0,1
BRDA:514,36,1,13
BRDA:517,37,0,1
BRDA:517,37,1,13
BRDA:520,38,0,1
BRDA:520,38,1,13
BRDA:523,39,0,1
BRDA:523,39,1,13
BRDA:526,40,0,1
BRDA:526,40,1,13
BRDA:529,41,0,1
BRDA:529,41,1,13
BRDA:532,42,0,1
BRDA:532,42,1,13
BRDA:535,43,0,1
BRDA:535,43,1,13
BRDA:538,44,0,1
BRDA:538,44,1,13
BRDA:541,45,0,1
BRDA:541,45,1,13
BRDA:544,46,0,1
BRDA:544,46,1,13
BRDA:547,47,0,1
BRDA:547,47,1,13
BRDA:550,48,0,1
BRDA:550,48,1,13
BRDA:553,49,0,1
BRDA:553,49,1,13
BRDA:556,50,0,14
BRDA:556,50,1,0
BRDA:560,51,0,0
BRDA:560,51,1,14
BRDA:593,52,0,3
BRDA:593,52,1,1
BRDA:594,53,0,3
BRDA:594,53,1,0
BRDA:598,54,0,1
BRDA:598,54,1,2
BRDA:623,55,0,1
BRDA:623,55,1,1
BRF:112
BRH:104
end_of_record
TN:
SF:src/controllers/PsychologistController.js
FN:60,(anonymous_0)
FN:119,(anonymous_1)
FN:130,(anonymous_2)
FN:139,(anonymous_3)
FN:151,(anonymous_4)
FN:226,(anonymous_5)
FN:254,(anonymous_6)
FNF:7
FNH:7
FNDA:37,(anonymous_0)
FNDA:25,(anonymous_1)
FNDA:2,(anonymous_2)
FNDA:2,(anonymous_3)
FNDA:3,(anonymous_4)
FNDA:19,(anonymous_5)
FNDA:2,(anonymous_6)
DA:1,8
DA:2,8
DA:5,8
DA:6,8
DA:7,8
DA:8,8
DA:10,8
DA:52,8
DA:59,8
DA:61,37
DA:62,37
DA:74,37
DA:76,37
DA:77,35
DA:79,35
DA:80,1
DA:83,34
DA:98,34
DA:112,33
DA:113,33
DA:115,3
DA:120,25
DA:121,25
DA:122,25
DA:124,24
DA:126,1
DA:131,2
DA:132,2
DA:133,1
DA:135,1
DA:140,2
DA:141,2
DA:143,2
DA:145,1
DA:147,1
DA:152,3
DA:163,3
DA:165,3
DA:166,3
DA:170,3
DA:171,2
DA:173,2
DA:174,2
DA:176,2
DA:177,2
DA:179,2
DA:180,2
DA:182,2
DA:183,2
DA:185,2
DA:186,2
DA:188,2
DA:189,2
DA:191,2
DA:192,2
DA:194,2
DA:195,1
DA:197,2
DA:198,1
DA:201,2
DA:214,2
DA:215,1
DA:217,1
DA:218,1
DA:220,1
DA:227,19
DA:228,19
DA:229,19
DA:230,19
DA:231,18
DA:233,18
DA:236,18
DA:237,1
DA:239,17
DA:240,17
DA:241,17
DA:242,17
DA:244,0
DA:246,1
DA:248,1
DA:255,2
DA:256,2
DA:257,2
DA:258,2
DA:260,1
DA:261,1
DA:262,1
DA:263,1
DA:264,1
DA:266,1
DA:268,1
LF:91
LH:90
BRDA:79,0,0,1
BRDA:79,0,1,34
BRDA:79,1,0,35
BRDA:79,1,1,34
BRDA:170,2,0,2
BRDA:170,2,1,1
BRDA:173,3,0,2
BRDA:173,3,1,0
BRDA:176,4,0,2
BRDA:176,4,1,0
BRDA:179,5,0,2
BRDA:179,5,1,0
BRDA:182,6,0,2
BRDA:182,6,1,0
BRDA:185,7,0,2
BRDA:185,7,1,0
BRDA:188,8,0,2
BRDA:188,8,1,0
BRDA:191,9,0,2
BRDA:191,9,1,0
BRDA:194,10,0,1
BRDA:194,10,1,1
BRDA:197,11,0,1
BRDA:197,11,1,1
BRDA:214,12,0,1
BRDA:214,12,1,1
BRDA:230,13,0,18
BRDA:230,13,1,1
BRDA:231,14,0,18
BRDA:231,14,1,0
BRDA:236,15,0,1
BRDA:236,15,1,17
BRDA:258,16,0,1
BRDA:258,16,1,1
BRF:34
BRH:26
end_of_record
TN:
SF:src/controllers/PsychologyCalendary.js
FN:4,(anonymous_0)
FN:30,(anonymous_1)
FN:39,(anonymous_2)
FNF:3
FNH:3
FNDA:3,(anonymous_0)
FNDA:1,(anonymous_1)
FNDA:2,(anonymous_2)
DA:1,8
DA:3,8
DA:5,3
DA:6,3
DA:7,3
DA:8,1
DA:14,1
DA:16,2
DA:17,1
DA:23,1
DA:25,1
DA:27,0
DA:31,1
DA:32,1
DA:33,1
DA:34,1
DA:36,0
DA:40,2
DA:41,2
DA:42,2
DA:43,2
DA:45,1
LF:22
LH:20
BRDA:7,0,0,1
BRDA:7,0,1,2
BRDA:16,1,0,1
BRDA:16,1,1,1
BRF:4
BRH:4
end_of_record
TN:
SF:src/controllers/SessionController.js
FN:5,(anonymous_0)
FN:43,(anonymous_1)
FN:63,(anonymous_2)
FN:85,(anonymous_3)
FN:112,(anonymous_4)
FNF:5
FNH:5
FNDA:12,(anonymous_0)
FNDA:3,(anonymous_1)
FNDA:3,(anonymous_2)
FNDA:2,(anonymous_3)
FNDA:3,(anonymous_4)
DA:1,8
DA:2,8
DA:4,8
DA:6,12
DA:7,12
DA:15,12
DA:17,12
DA:18,12
DA:19,10
DA:26,9
DA:27,9
DA:28,9
DA:32,9
DA:34,2
DA:35,1
DA:37,1
DA:39,1
DA:44,3
DA:45,3
DA:47,3
DA:48,2
DA:49,1
DA:50,1
DA:55,1
DA:57,1
DA:59,1
DA:64,3
DA:65,3
DA:67,3
DA:69,2
DA:70,1
DA:71,1
DA:76,1
DA:79,1
DA:81,1
DA:86,2
DA:94,2
DA:96,2
DA:104,1
DA:106,1
DA:108,1
DA:113,3
DA:114,3
DA:116,3
DA:118,3
DA:120,3
DA:121,2
DA:122,1
DA:124,1
DA:125,1
DA:126,1
DA:128,1
DA:130,1
DA:132,1
LF:54
LH:54
BRDA:18,0,0,10
BRDA:18,0,1,2
BRDA:18,1,0,12
BRDA:18,1,1,11
BRDA:34,2,0,1
BRDA:34,2,1,1
BRDA:48,3,0,1
BRDA:48,3,1,1
BRDA:69,4,0,1
BRDA:69,4,1,1
BRDA:120,5,0,2
BRDA:120,5,1,1
BRF:12
BRH:12
end_of_record
TN:
SF:src/controllers/WaitingListController.js
FN:5,(anonymous_0)
FN:17,(anonymous_1)
FN:25,(anonymous_2)
FN:35,(anonymous_3)
FNF:4
FNH:4
FNDA:6,(anonymous_0)
FNDA:1,(anonymous_1)
FNDA:2,(anonymous_2)
FNDA:2,(anonymous_3)
DA:1,8
DA:2,8
DA:4,8
DA:6,6
DA:10,6
DA:12,6
DA:16,3
DA:17,1
DA:18,1
DA:19,1
DA:21,5
DA:26,2
DA:27,2
DA:29,1
DA:31,1
DA:36,2
DA:37,2
DA:39,2
DA:41,1
DA:43,1
LF:20
LH:20
BRF:0
BRH:0
end_of_record
TN:
SF:src/middlewares/isAdmin.js
FN:5,(anonymous_0)
FNF:1
FNH:1
FNDA:42,(anonymous_0)
DA:1,8
DA:2,8
DA:3,8
DA:5,8
DA:6,42
DA:7,42
DA:8,42
DA:9,42
DA:10,3
DA:11,2
DA:12,1
DA:15,41
DA:16,2
DA:19,1
DA:21,39
LF:15
LH:15
BRDA:9,0,0,3
BRDA:9,0,1,39
BRDA:11,1,0,1
BRDA:11,1,1,1
BRDA:15,2,0,2
BRDA:15,2,1,39
BRF:6
BRH:6
end_of_record
TN:
SF:src/middlewares/isPatient.js
FN:5,(anonymous_0)
FNF:1
FNH:1
FNDA:21,(anonymous_0)
DA:1,8
DA:2,8
DA:3,8
DA:5,8
DA:6,21
DA:7,21
DA:8,21
DA:9,1
DA:10,1
DA:11,1
DA:14,21
DA:15,21
DA:16,1
DA:19,1
DA:21,19
LF:15
LH:15
BRDA:8,0,0,1
BRDA:8,0,1,20
BRDA:10,1,0,1
BRDA:10,1,1,0
BRDA:15,2,0,1
BRDA:15,2,1,19
BRDA:15,3,0,21
BRDA:15,3,1,20
BRF:8
BRH:7
end_of_record
TN:
SF:src/middlewares/isPsychologist.js
FN:5,(anonymous_0)
FNF:1
FNH:1
FNDA:28,(anonymous_0)
DA:1,8
DA:2,8
DA:3,8
DA:5,8
DA:6,28
DA:7,28
DA:8,28
DA:9,2
DA:10,2
DA:11,1
DA:14,28
DA:15,28
DA:17,1
DA:20,1
DA:22,26
LF:15
LH:15
BRDA:8,0,0,2
BRDA:8,0,1,26
BRDA:10,1,0,1
BRDA:10,1,1,1
BRDA:15,2,0,1
BRDA:15,2,1,26
BRDA:15,3,0,28
BRDA:15,3,1,1
BRDA:15,3,2,1
BRDA:15,3,3,26
BRF:10
BRH:10
end_of_record
TN:
SF:src/middlewares/verifyToken.js
FN:6,(anonymous_0)
FN:13,(anonymous_1)
FNF:2
FNH:2
FNDA:162,(anonymous_0)
FNDA:160,(anonymous_1)
DA:3,8
DA:4,8
DA:6,8
DA:7,162
DA:8,162
DA:9,162
DA:10,1
DA:13,161
DA:14,160
DA:15,159
DA:16,159
DA:19,1
LF:12
LH:12
BRDA:9,0,0,1
BRDA:9,0,1,161
BRDA:14,1,0,1
BRDA:14,1,1,159
BRF:4
BRH:4
end_of_record
TN:
SF:src/models/Admin.js
FNF:0
FNH:0
DA:1,8
DA:3,8
DA:19,8
LF:3
LH:3
BRF:0
BRH:0
end_of_record
TN:
SF:src/models/Psychologist.js
FNF:0
FNH:0
DA:2,8
DA:4,8
DA:68,8
LF:3
LH:3
BRF:0
BRH:0
end_of_record
TN:
SF:src/models/Session.js
FNF:0
FNH:0
DA:1,8
DA:3,8
DA:31,8
LF:3
LH:3
BRF:0
BRH:0
end_of_record
TN:
SF:src/models/UserPatient.js
FNF:0
FNH:0
DA:1,8
DA:3,8
DA:152,8
LF:3
LH:3
BRF:0
BRH:0
end_of_record
TN:
SF:src/models/WaitingList.js
FNF:0
FNH:0
DA:1,8
DA:3,8
DA:14,8
LF:3
LH:3
BRF:0
BRH:0
end_of_record
